<testsuites><testsuite errors="21" failures="19" name="Sanitycheck" skipped="19" tests="1090" time="2041.569808"><testcase classname="frdm_k64f:libraries.os.fdtable" name="libraries.os.fdtable.z_reserve_fd" time="3.111552" /><testcase classname="frdm_k64f:libraries.os.fdtable" name="libraries.os.fdtable.z_get_fd_obj_and_vtable" time="3.111552" /><testcase classname="frdm_k64f:libraries.os.fdtable" name="libraries.os.fdtable.z_get_fd_obj" time="3.111552" /><testcase classname="frdm_k64f:libraries.os.fdtable" name="libraries.os.fdtable.z_finalize_fd" time="3.111552" /><testcase classname="frdm_k64f:libraries.os.fdtable" name="libraries.os.fdtable.z_alloc_fd" time="3.111552" /><testcase classname="frdm_k64f:libraries.os.fdtable" name="libraries.os.fdtable.z_free_fd" time="3.111552" /><testcase classname="frdm_k64f:libraries.onoff" name="libraries.onoff.service_init_validation" time="4.039299" /><testcase classname="frdm_k64f:libraries.onoff" name="libraries.onoff.client_init_validation" time="4.039299" /><testcase classname="frdm_k64f:libraries.onoff" name="libraries.onoff.validate_args" time="4.039299" /><testcase classname="frdm_k64f:libraries.onoff" name="libraries.onoff.reset" time="4.039299" /><testcase classname="frdm_k64f:libraries.onoff" name="libraries.onoff.request" time="4.039299" /><testcase classname="frdm_k64f:libraries.onoff" name="libraries.onoff.sync" time="4.039299" /><testcase classname="frdm_k64f:libraries.onoff" name="libraries.onoff.async" time="4.039299" /><testcase classname="frdm_k64f:libraries.onoff" name="libraries.onoff.half_sync" time="4.039299" /><testcase classname="frdm_k64f:libraries.onoff" name="libraries.onoff.cancel_request_waits" time="4.039299" /><testcase classname="frdm_k64f:libraries.onoff" name="libraries.onoff.cancel_request_ok" time="4.039299" /><testcase classname="frdm_k64f:libraries.onoff" name="libraries.onoff.blocked_restart" time="4.039299" /><testcase classname="frdm_k64f:libraries.onoff" name="libraries.onoff.cancel_release" time="4.039299" /><testcase classname="frdm_k64f:libraries.libc.sprintf" name="libraries.libc.sprintf.sprintf_double" time="3.725396" /><testcase classname="frdm_k64f:libraries.libc.sprintf" name="libraries.libc.sprintf.sprintf_integer" time="3.725396" /><testcase classname="frdm_k64f:libraries.libc.sprintf" name="libraries.libc.sprintf.vsprintf" time="3.725396" /><testcase classname="frdm_k64f:libraries.libc.sprintf" name="libraries.libc.sprintf.vsnprintf" time="3.725396" /><testcase classname="frdm_k64f:libraries.libc.sprintf" name="libraries.libc.sprintf.sprintf_string" time="3.725396" /><testcase classname="frdm_k64f:libraries.libc.sprintf" name="libraries.libc.sprintf.sprintf_misc" time="3.725396" /><testcase classname="frdm_k64f:libraries.encoding.json" name="libraries.encoding.json.json_encoding" time="3.996975" /><testcase classname="frdm_k64f:libraries.encoding.json" name="libraries.encoding.json.json_decoding" time="3.996975" /><testcase classname="frdm_k64f:libraries.encoding.json" name="libraries.encoding.json.json_decoding_array_array" time="3.996975" /><testcase classname="frdm_k64f:libraries.encoding.json" name="libraries.encoding.json.json_obj_arr_encoding" time="3.996975" /><testcase classname="frdm_k64f:libraries.encoding.json" name="libraries.encoding.json.json_obj_arr_decoding" time="3.996975" /><testcase classname="frdm_k64f:libraries.encoding.json" name="libraries.encoding.json.json_invalid_string" time="3.996975" /><testcase classname="frdm_k64f:libraries.encoding.json" name="libraries.encoding.json.json_invalid_bool" time="3.996975" /><testcase classname="frdm_k64f:libraries.encoding.json" name="libraries.encoding.json.json_invalid_null" time="3.996975" /><testcase classname="frdm_k64f:libraries.encoding.json" name="libraries.encoding.json.json_invalid_number" time="3.996975" /><testcase classname="frdm_k64f:libraries.encoding.json" name="libraries.encoding.json.json_missing_quote" time="3.996975" /><testcase classname="frdm_k64f:libraries.encoding.json" name="libraries.encoding.json.json_wrong_token" time="3.996975" /><testcase classname="frdm_k64f:libraries.encoding.json" name="libraries.encoding.json.json_item_wrong_type" time="3.996975" /><testcase classname="frdm_k64f:libraries.encoding.json" name="libraries.encoding.json.json_key_not_in_descr" time="3.996975" /><testcase classname="frdm_k64f:libraries.encoding.json" name="libraries.encoding.json.json_escape" time="3.996975" /><testcase classname="frdm_k64f:libraries.encoding.json" name="libraries.encoding.json.json_escape_one" time="3.996975" /><testcase classname="frdm_k64f:libraries.encoding.json" name="libraries.encoding.json.json_escape_empty" time="3.996975" /><testcase classname="frdm_k64f:libraries.encoding.json" name="libraries.encoding.json.json_escape_no_op" time="3.996975" /><testcase classname="frdm_k64f:libraries.encoding.json" name="libraries.encoding.json.json_escape_bounds_check" time="3.996975" /><testcase classname="frdm_k64f:libraries.libc" name="libraries.libc.limits" time="3.401786" /><testcase classname="frdm_k64f:libraries.libc" name="libraries.libc.ssize_t" time="3.401786" /><testcase classname="frdm_k64f:libraries.libc" name="libraries.libc.stdbool" time="3.401786" /><testcase classname="frdm_k64f:libraries.libc" name="libraries.libc.stddef" time="3.401786" /><testcase classname="frdm_k64f:libraries.libc" name="libraries.libc.stdint" time="3.401786" /><testcase classname="frdm_k64f:libraries.libc" name="libraries.libc.memcmp" time="3.401786" /><testcase classname="frdm_k64f:libraries.libc" name="libraries.libc.strchr" time="3.401786" /><testcase classname="frdm_k64f:libraries.libc" name="libraries.libc.strcpy" time="3.401786" /><testcase classname="frdm_k64f:libraries.libc" name="libraries.libc.strncpy" time="3.401786" /><testcase classname="frdm_k64f:libraries.libc" name="libraries.libc.memset" time="3.401786" /><testcase classname="frdm_k64f:libraries.libc" name="libraries.libc.strlen" time="3.401786" /><testcase classname="frdm_k64f:libraries.libc" name="libraries.libc.strcmp" time="3.401786" /><testcase classname="frdm_k64f:libraries.libc" name="libraries.libc.strxspn" time="3.401786" /><testcase classname="frdm_k64f:libraries.libc" name="libraries.libc.bsearch" time="3.401786" /><testcase classname="frdm_k64f:libraries.data_structures" name="libraries.data_structures.ringbuffer_init" time="3.888157" /><testcase classname="frdm_k64f:libraries.data_structures" name="libraries.data_structures.ringbuffer_declare_pow2" time="3.888157" /><testcase classname="frdm_k64f:libraries.data_structures" name="libraries.data_structures.ringbuffer_declare_size" time="3.888157" /><testcase classname="frdm_k64f:libraries.data_structures" name="libraries.data_structures.ringbuffer_put_get_thread" time="3.888157" /><testcase classname="frdm_k64f:libraries.data_structures" name="libraries.data_structures.ringbuffer_put_get_isr" time="3.888157" /><testcase classname="frdm_k64f:libraries.data_structures" name="libraries.data_structures.ringbuffer_put_get_thread_isr" time="3.888157" /><testcase classname="frdm_k64f:libraries.data_structures" name="libraries.data_structures.ringbuffer_pow2_put_get_thread_isr" time="3.888157" /><testcase classname="frdm_k64f:libraries.data_structures" name="libraries.data_structures.ringbuffer_size_put_get_thread_isr" time="3.888157" /><testcase classname="frdm_k64f:libraries.data_structures" name="libraries.data_structures.ring_buffer_main" time="3.888157" /><testcase classname="frdm_k64f:libraries.data_structures" name="libraries.data_structures.ringbuffer_raw" time="3.888157" /><testcase classname="frdm_k64f:libraries.data_structures" name="libraries.data_structures.ringbuffer_alloc_put" time="3.888157" /><testcase classname="frdm_k64f:libraries.data_structures" name="libraries.data_structures.byte_put_free" time="3.888157" /><testcase classname="frdm_k64f:libraries.data_structures" name="libraries.data_structures.capacity" time="3.888157" /><testcase classname="frdm_k64f:libraries.data_structures" name="libraries.data_structures.reset" time="3.888157" /><testcase classname="frdm_k64f:libraries.libc.minimal.mem_alloc" name="libraries.libc.minimal.mem_alloc.malloc" time="5.642205" /><testcase classname="frdm_k64f:libraries.libc.minimal.mem_alloc" name="libraries.libc.minimal.mem_alloc.free" time="5.642205" /><testcase classname="frdm_k64f:libraries.libc.minimal.mem_alloc" name="libraries.libc.minimal.mem_alloc.calloc" time="5.642205" /><testcase classname="frdm_k64f:libraries.libc.minimal.mem_alloc" name="libraries.libc.minimal.mem_alloc.realloc" time="5.642205" /><testcase classname="frdm_k64f:libraries.libc.minimal.mem_alloc" name="libraries.libc.minimal.mem_alloc.reallocarray" time="5.642205" /><testcase classname="frdm_k64f:libraries.libc.minimal.mem_alloc" name="libraries.libc.minimal.mem_alloc.memalloc_all" time="5.642205" /><testcase classname="frdm_k64f:libraries.libc.minimal.mem_alloc" name="libraries.libc.minimal.mem_alloc.memalloc_max" time="5.642205" /><testcase classname="frdm_k64f:libraries.libc.newlib" name="libraries.libc.newlib.malloc" time="6.019317" /><testcase classname="frdm_k64f:libraries.libc.newlib" name="libraries.libc.newlib.free" time="6.019317" /><testcase classname="frdm_k64f:libraries.libc.newlib" name="libraries.libc.newlib.calloc" time="6.019317" /><testcase classname="frdm_k64f:libraries.libc.newlib" name="libraries.libc.newlib.realloc" time="6.019317" /><testcase classname="frdm_k64f:libraries.libc.newlib" name="libraries.libc.newlib.reallocarray" time="6.019317"><skipped message="Skipped" type="skipped" /></testcase><testcase classname="frdm_k64f:libraries.libc.newlib" name="libraries.libc.newlib.memalloc_all" time="6.019317" /><testcase classname="frdm_k64f:libraries.libc.newlib" name="libraries.libc.newlib.memalloc_max" time="6.019317" /><testcase classname="frdm_k64f:application_development.cpp.main" name="application_development.cpp.main.new_delete" time="3.171207" /><testcase classname="frdm_k64f:application_development.cpp.libcxx" name="application_development.cpp.libcxx.array" time="4.959682" /><testcase classname="frdm_k64f:application_development.cpp.libcxx" name="application_development.cpp.libcxx.vector" time="4.959682" /><testcase classname="frdm_k64f:application_development.cpp.libcxx" name="application_development.cpp.libcxx.make_unique" time="4.959682" /><testcase classname="frdm_k64f:application_development.cpp.libcxx.exceptions" name="application_development.cpp.libcxx.exceptions.array" time="4.701903" /><testcase classname="frdm_k64f:application_development.cpp.libcxx.exceptions" name="application_development.cpp.libcxx.exceptions.vector" time="4.701903" /><testcase classname="frdm_k64f:application_development.cpp.libcxx.exceptions" name="application_development.cpp.libcxx.exceptions.make_unique" time="4.701903" /><testcase classname="frdm_k64f:buildsystem.include_file" name="buildsystem.include_file.gen_inc_file" time="3.302138" /><testcase classname="frdm_k64f:buildsystem.include_file" name="buildsystem.include_file.gen_gz_inc_file_no_mtime" time="3.302138" /><testcase classname="frdm_k64f:buildsystem.include_file" name="buildsystem.include_file.gen_gz_inc_file_mtime_arg" time="3.302138" /><testcase classname="frdm_k64f:portability.cmsis_rtos_v2" name="portability.cmsis_rtos_v2.kernel_apis" time="10.587827" /><testcase classname="frdm_k64f:portability.cmsis_rtos_v2" name="portability.cmsis_rtos_v2.delay" time="10.587827" /><testcase classname="frdm_k64f:portability.cmsis_rtos_v2" name="portability.cmsis_rtos_v2.thread_apis" time="10.587827" /><testcase classname="frdm_k64f:portability.cmsis_rtos_v2" name="portability.cmsis_rtos_v2.thread_apis_dynamic" time="10.587827" /><testcase classname="frdm_k64f:portability.cmsis_rtos_v2" name="portability.cmsis_rtos_v2.thread_prio" time="10.587827" /><testcase classname="frdm_k64f:portability.cmsis_rtos_v2" name="portability.cmsis_rtos_v2.thread_prio_dynamic" time="10.587827" /><testcase classname="frdm_k64f:portability.cmsis_rtos_v2" name="portability.cmsis_rtos_v2.timer" time="10.587827" /><testcase classname="frdm_k64f:portability.cmsis_rtos_v2" name="portability.cmsis_rtos_v2.mutex" time="10.587827" /><testcase classname="frdm_k64f:portability.cmsis_rtos_v2" name="portability.cmsis_rtos_v2.mutex_lock_timeout" time="10.587827" /><testcase classname="frdm_k64f:portability.cmsis_rtos_v2" name="portability.cmsis_rtos_v2.semaphore" time="10.587827" /><testcase classname="frdm_k64f:portability.cmsis_rtos_v2" name="portability.cmsis_rtos_v2.mempool" time="10.587827" /><testcase classname="frdm_k64f:portability.cmsis_rtos_v2" name="portability.cmsis_rtos_v2.mempool_dynamic" time="10.587827" /><testcase classname="frdm_k64f:portability.cmsis_rtos_v2" name="portability.cmsis_rtos_v2.messageq" time="10.587827" /><testcase classname="frdm_k64f:portability.cmsis_rtos_v2" name="portability.cmsis_rtos_v2.event_flags_no_wait_timeout" time="10.587827" /><testcase classname="frdm_k64f:portability.cmsis_rtos_v2" name="portability.cmsis_rtos_v2.event_flags_signalled" time="10.587827" /><testcase classname="frdm_k64f:portability.cmsis_rtos_v2" name="portability.cmsis_rtos_v2.event_flags_isr" time="10.587827" /><testcase classname="frdm_k64f:portability.cmsis_rtos_v2" name="portability.cmsis_rtos_v2.thread_flags_no_wait_timeout" time="10.587827" /><testcase classname="frdm_k64f:portability.cmsis_rtos_v2" name="portability.cmsis_rtos_v2.thread_flags_signalled" time="10.587827" /><testcase classname="frdm_k64f:portability.cmsis_rtos_v2" name="portability.cmsis_rtos_v2.thread_flags_isr" time="10.587827" /><testcase classname="frdm_k64f:portability.cmsis_rtos_v2" name="portability.cmsis_rtos_v2.thread_join" time="10.587827" /><testcase classname="frdm_k64f:portability.cmsis_rtos_v2" name="portability.cmsis_rtos_v2.thread_detached" time="10.587827" /><testcase classname="frdm_k64f:portability.cmsis_rtos_v2" name="portability.cmsis_rtos_v2.thread_joinable_detach" time="10.587827" /><testcase classname="frdm_k64f:portability.cmsis_rtos_v2" name="portability.cmsis_rtos_v2.thread_joinable_terminate" time="10.587827" /><testcase classname="frdm_k64f:portability.cmsis_rtos_v1" name="portability.cmsis_rtos_v1.kernel_start" time="15.836111" /><testcase classname="frdm_k64f:portability.cmsis_rtos_v1" name="portability.cmsis_rtos_v1.kernel_systick" time="15.836111" /><testcase classname="frdm_k64f:portability.cmsis_rtos_v1" name="portability.cmsis_rtos_v1.thread_apis" time="15.836111" /><testcase classname="frdm_k64f:portability.cmsis_rtos_v1" name="portability.cmsis_rtos_v1.thread_prio" time="15.836111" /><testcase classname="frdm_k64f:portability.cmsis_rtos_v1" name="portability.cmsis_rtos_v1.thread_instances" time="15.836111" /><testcase classname="frdm_k64f:portability.cmsis_rtos_v1" name="portability.cmsis_rtos_v1.timer" time="15.836111" /><testcase classname="frdm_k64f:portability.cmsis_rtos_v1" name="portability.cmsis_rtos_v1.mutex" time="15.836111" /><testcase classname="frdm_k64f:portability.cmsis_rtos_v1" name="portability.cmsis_rtos_v1.mutex_lock_timeout" time="15.836111" /><testcase classname="frdm_k64f:portability.cmsis_rtos_v1" name="portability.cmsis_rtos_v1.semaphore" time="15.836111" /><testcase classname="frdm_k64f:portability.cmsis_rtos_v1" name="portability.cmsis_rtos_v1.mempool" time="15.836111" /><testcase classname="frdm_k64f:portability.cmsis_rtos_v1" name="portability.cmsis_rtos_v1.mailq" time="15.836111" /><testcase classname="frdm_k64f:portability.cmsis_rtos_v1" name="portability.cmsis_rtos_v1.messageq" time="15.836111" /><testcase classname="frdm_k64f:portability.cmsis_rtos_v1" name="portability.cmsis_rtos_v1.signal_events_no_wait" time="15.836111" /><testcase classname="frdm_k64f:portability.cmsis_rtos_v1" name="portability.cmsis_rtos_v1.signal_events_timeout" time="15.836111" /><testcase classname="frdm_k64f:portability.cmsis_rtos_v1" name="portability.cmsis_rtos_v1.signal_events_signalled" time="15.836111" /><testcase classname="frdm_k64f:portability.cmsis_rtos_v1" name="portability.cmsis_rtos_v1.signal_events_isr" time="15.836111" /><testcase classname="frdm_k64f:portability.posix.fs" name="portability.posix.fs.fs_mount" time="4.096262" /><testcase classname="frdm_k64f:portability.posix.fs" name="portability.posix.fs.fs_open" time="4.096262" /><testcase classname="frdm_k64f:portability.posix.fs" name="portability.posix.fs.fs_write" time="4.096262" /><testcase classname="frdm_k64f:portability.posix.fs" name="portability.posix.fs.fs_read" time="4.096262" /><testcase classname="frdm_k64f:portability.posix.fs" name="portability.posix.fs.fs_close" time="4.096262" /><testcase classname="frdm_k64f:portability.posix.fs" name="portability.posix.fs.fs_fd_leak" time="4.096262" /><testcase classname="frdm_k64f:portability.posix.fs" name="portability.posix.fs.fs_unlink" time="4.096262" /><testcase classname="frdm_k64f:portability.posix.fs" name="portability.posix.fs.fs_mkdir" time="4.096262" /><testcase classname="frdm_k64f:portability.posix.fs" name="portability.posix.fs.fs_readdir" time="4.096262" /><testcase classname="frdm_k64f:portability.posix.fs.newlib" name="portability.posix.fs.newlib.fs_mount" time="4.339463" /><testcase classname="frdm_k64f:portability.posix.fs.newlib" name="portability.posix.fs.newlib.fs_open" time="4.339463" /><testcase classname="frdm_k64f:portability.posix.fs.newlib" name="portability.posix.fs.newlib.fs_write" time="4.339463" /><testcase classname="frdm_k64f:portability.posix.fs.newlib" name="portability.posix.fs.newlib.fs_read" time="4.339463" /><testcase classname="frdm_k64f:portability.posix.fs.newlib" name="portability.posix.fs.newlib.fs_close" time="4.339463" /><testcase classname="frdm_k64f:portability.posix.fs.newlib" name="portability.posix.fs.newlib.fs_fd_leak" time="4.339463" /><testcase classname="frdm_k64f:portability.posix.fs.newlib" name="portability.posix.fs.newlib.fs_unlink" time="4.339463" /><testcase classname="frdm_k64f:portability.posix.fs.newlib" name="portability.posix.fs.newlib.fs_mkdir" time="4.339463" /><testcase classname="frdm_k64f:portability.posix.fs.newlib" name="portability.posix.fs.newlib.fs_readdir" time="4.339463" /><testcase classname="frdm_k64f:portability.posix.common" name="portability.posix.common.posix_pthread_execution" time="16.735561"><failure message="failed" type="failure">*** Booting Zephyr OS build zephyr-v2.2.0-273-g350dc0601d15  ***
Running test suite posix_apis
===================================================================
starting test - test_posix_pthread_execution

    Assertion failed at ZEPHYR_BASE/tests/posix/common/src/pthread.c:294: test_posix_pthread_execution: (ret not equal to ESRCH)
uninitialized getname!
FAIL - test_posix_pthread_execution
===================================================================
starting test - test_posix_pthread_termination
Thread 0 starting with a priority of 4
Cancelling thread 0
Thread 1 starting with a priority of 3
Cancelling thread 1
Thread 1 could not be cancelled
Thread 2 starting with a priority of 2
Cancelling thread 2
Thread 3 starting with a priority of 1
Cancelling thread 3
Thread 3 could not be cancelled
PASS - test_posix_pthread_termination
===================================================================
starting test - test_posix_multiple_threads_single_key

Different threads set different values to same key:
thread 0: set value = 536876216 and retrieved value = 536876216
thread 1: set value = 536876472 and retrieved value = 536876472

PASS - test_posix_multiple_threads_single_key
===================================================================
starting test - test_posix_single_thread_multiple_keys

Single thread associates its value with different keys:
key 0: set value = 536875960 and retrieved value = 536875960
key 1: set value = 536875960 and retrieved value = 536875960

PASS - test_posix_single_thread_multiple_keys
===================================================================
starting test - test_posix_clock
POSIX clock APIs
POSIX clock APIs test done
PASS - test_posix_clock
===================================================================
starting test - test_posix_semaphore
PASS - test_posix_semaphore
===================================================================
starting test - test_posix_normal_mutex
mutex lock is taken
PASS - test_posix_normal_mutex
===================================================================
starting test - test_posix_recursive_mutex
recrusive mutex lock is taken
PASS - test_posix_recursive_mutex
===================================================================
starting test - test_posix_mqueue
PASS - test_posix_mqueue
===================================================================
starting test - test_posix_realtime
POSIX clock set APIs
POSIX clock set APIs test done
PASS - test_posix_realtime
===================================================================
starting test - test_posix_timer
POSIX timer test
Timer fires every 0 secs and  100000000 nsecs
Time remaining to fire 0 secs and  899000000 nsecs
Handler Signal value :20 for 1 times
Handler Signal value :20 for 2 times
Handler Signal value :20 for 3 times
Handler Signal value :20 for 4 times
Handler Signal value :20 for 5 times
Handler Signal value :20 for 6 times
Handler Signal value :20 for 7 times
Handler Signal value :20 for 8 times
Handler Signal value :20 for 9 times
Handler Signal value :20 for 10 times
Handler Signal value :20 for 11 times
Handler Signal value :20 for 12 times
PASS - test_posix_timer
===================================================================
starting test - test_posix_rw_lock

main acquire WR lock and 3 threads acquire RD lock
Thread 2 schParent thread releasing WR lock
eduling poliParent thread acquiring WR lock again
Parent thread acquired WR lock again
cy = 1 &amp; priParent thread releasing WR lock again

3 threads acquire WR lock
Main thread acquiring RD lock
Main thread acquired RD lock
ority 3 starMain thread releasing RD lock
ted
Thread 2 got RD lock
Thread 1 schThread 2 releasing RD lock
Thread 2 acquiring WR lock
Thread 2 acquired WR lock
eduling poliThread 2 releasing WR lock
cy = 1 &amp; priority 2 started
Thread 1 got RD lock
Thread 0 schThread 1 releasing RD lock
Thread 1 acquiring WR lock
Thread 1 acquired WR lock
eduling poliThread 1 releasing WR lock
cy = 1 &amp; priority 1 started
Thread 0 got RD lock
Thread 0 releasing RD lock
Thread 0 acquiring WR lock
Thread 0 acquired WR lock
Thread 0 releasing WR lock
PASS - test_posix_rw_lock
===================================================================
Test suite posix_apis failed.
===================================================================
PROJECT EXECUTION FAILED
</failure></testcase><testcase classname="frdm_k64f:portability.posix.common" name="portability.posix.common.posix_pthread_termination" time="16.735561" /><testcase classname="frdm_k64f:portability.posix.common" name="portability.posix.common.posix_multiple_threads_single_key" time="16.735561" /><testcase classname="frdm_k64f:portability.posix.common" name="portability.posix.common.posix_single_thread_multiple_keys" time="16.735561" /><testcase classname="frdm_k64f:portability.posix.common" name="portability.posix.common.posix_clock" time="16.735561" /><testcase classname="frdm_k64f:portability.posix.common" name="portability.posix.common.posix_semaphore" time="16.735561" /><testcase classname="frdm_k64f:portability.posix.common" name="portability.posix.common.posix_normal_mutex" time="16.735561" /><testcase classname="frdm_k64f:portability.posix.common" name="portability.posix.common.posix_recursive_mutex" time="16.735561" /><testcase classname="frdm_k64f:portability.posix.common" name="portability.posix.common.posix_mqueue" time="16.735561" /><testcase classname="frdm_k64f:portability.posix.common" name="portability.posix.common.posix_realtime" time="16.735561" /><testcase classname="frdm_k64f:portability.posix.common" name="portability.posix.common.posix_timer" time="16.735561" /><testcase classname="frdm_k64f:portability.posix.common" name="portability.posix.common.posix_rw_lock" time="16.735561" /><testcase classname="frdm_k64f:portability.posix.common.newlib" name="portability.posix.common.newlib.posix_pthread_execution" time="16.998930"><failure message="failed" type="failure">*** Booting Zephyr OS build zephyr-v2.2.0-273-g350dc0601d15  ***
Running test suite posix_apis
===================================================================
starting test - test_posix_pthread_execution

    Assertion failed at ZEPHYR_BASE/tests/posix/common/src/pthread.c:294: test_posix_pthread_execution: (ret not equal to ESRCH)
uninitialized getname!
FAIL - test_posix_pthread_execution
===================================================================
starting test - test_posix_pthread_termination
Thread 0 starting with a priority of 4
Cancelling thread 0
Thread 1 starting with a priority of 3
Cancelling thread 1
Thread 1 could not be cancelled
Thread 2 starting with a priority of 2
Cancelling thread 2
Thread 3 starting with a priority of 1
Cancelling thread 3
Thread 3 could not be cancelled
PASS - test_posix_pthread_termination
===================================================================
starting test - test_posix_multiple_threads_single_key

Different threads set different values to same key:
thread 0: set value = 536876220 and retrieved value = 536876220
thread 1: set value = 536876476 and retrieved value = 536876476

PASS - test_posix_multiple_threads_single_key
===================================================================
starting test - test_posix_single_thread_multiple_keys

Single thread associates its value with different keys:
key 0: set value = 536875964 and retrieved value = 536875964
key 1: set value = 536875964 and retrieved value = 536875964

PASS - test_posix_single_thread_multiple_keys
===================================================================
starting test - test_posix_clock
POSIX clock APIs
POSIX clock APIs test done
PASS - test_posix_clock
===================================================================
starting test - test_posix_semaphore
PASS - test_posix_semaphore
===================================================================
starting test - test_posix_normal_mutex
mutex lock is taken
PASS - test_posix_normal_mutex
===================================================================
starting test - test_posix_recursive_mutex
recrusive mutex lock is taken
PASS - test_posix_recursive_mutex
===================================================================
starting test - test_posix_mqueue
PASS - test_posix_mqueue
===================================================================
starting test - test_posix_realtime
POSIX clock set APIs
POSIX clock set APIs test done
PASS - test_posix_realtime
===================================================================
starting test - test_posix_timer
POSIX timer test
Timer fires every 0 secs and  100000000 nsecs
Time remaining to fire 0 secs and  899000000 nsecs
Handler Signal value :20 for 1 times
Handler Signal value :20 for 2 times
Handler Signal value :20 for 3 times
Handler Signal value :20 for 4 times
Handler Signal value :20 for 5 times
Handler Signal value :20 for 6 times
Handler Signal value :20 for 7 times
Handler Signal value :20 for 8 times
Handler Signal value :20 for 9 times
Handler Signal value :20 for 10 times
Handler Signal value :20 for 11 times
Handler Signal value :20 for 12 times
PASS - test_posix_timer
===================================================================
starting test - test_posix_rw_lock

main acquire WR lock and 3 threads acquire RD lock
Thread 2 schParent thread releasing WR lock
eduling poliParent thread acquiring WR lock again
Parent thread acquired WR lock again
cy = 1 &amp; priParent thread releasing WR lock again

3 threads acquire WR lock
Main thread acquiring RD lock
Main thread acquired RD lock
ority 3 starMain thread releasing RD lock
ted
Thread 2 got RD lock
Thread 1 schThread 2 releasing RD lock
Thread 2 acquiring WR lock
Thread 2 acquired WR lock
eduling poliThread 2 releasing WR lock
cy = 1 &amp; priority 2 started
Thread 1 got RD lock
Thread 0 schThread 1 releasing RD lock
Thread 1 acquiring WR lock
Thread 1 acquired WR lock
eduling poliThread 1 releasing WR lock
cy = 1 &amp; priority 1 started
Thread 0 got RD lock
Thread 0 releasing RD lock
Thread 0 acquiring WR lock
Thread 0 acquired WR lock
Thread 0 releasing WR lock
PASS - test_posix_rw_lock
===================================================================
Test suite posix_apis failed.
===================================================================
PROJECT EXECUTION FAILED
</failure></testcase><testcase classname="frdm_k64f:portability.posix.common.newlib" name="portability.posix.common.newlib.posix_pthread_termination" time="16.998930" /><testcase classname="frdm_k64f:portability.posix.common.newlib" name="portability.posix.common.newlib.posix_multiple_threads_single_key" time="16.998930" /><testcase classname="frdm_k64f:portability.posix.common.newlib" name="portability.posix.common.newlib.posix_single_thread_multiple_keys" time="16.998930" /><testcase classname="frdm_k64f:portability.posix.common.newlib" name="portability.posix.common.newlib.posix_clock" time="16.998930" /><testcase classname="frdm_k64f:portability.posix.common.newlib" name="portability.posix.common.newlib.posix_semaphore" time="16.998930" /><testcase classname="frdm_k64f:portability.posix.common.newlib" name="portability.posix.common.newlib.posix_normal_mutex" time="16.998930" /><testcase classname="frdm_k64f:portability.posix.common.newlib" name="portability.posix.common.newlib.posix_recursive_mutex" time="16.998930" /><testcase classname="frdm_k64f:portability.posix.common.newlib" name="portability.posix.common.newlib.posix_mqueue" time="16.998930" /><testcase classname="frdm_k64f:portability.posix.common.newlib" name="portability.posix.common.newlib.posix_realtime" time="16.998930" /><testcase classname="frdm_k64f:portability.posix.common.newlib" name="portability.posix.common.newlib.posix_timer" time="16.998930" /><testcase classname="frdm_k64f:portability.posix.common.newlib" name="portability.posix.common.newlib.posix_rw_lock" time="16.998930" /><testcase classname="frdm_k64f:benchmark.kernel.timing.default" name="benchmark.kernel.timing.default" time="11.645426" /><testcase classname="frdm_k64f:benchmark.kernel.timing.userspace" name="benchmark.kernel.timing.userspace" time="13.102347" /><testcase classname="frdm_k64f:kernel.objects.tracing" name="kernel.objects.tracing.philosophers_tracing" time="3.904622" /><testcase classname="frdm_k64f:kernel.objects.tracing" name="kernel.objects.tracing.obj_tracing" time="3.904622" /><testcase classname="frdm_k64f:kernel.scheduler.metairq" name="kernel.scheduler.metairq.preempt" time="3.445825" /><testcase classname="frdm_k64f:kernel.scheduler.deadline" name="kernel.scheduler.deadline.deadline" time="3.464100" /><testcase classname="frdm_k64f:kernel.scheduler.preempt" name="kernel.scheduler.preempt.preempt" time="4.329912" /><testcase classname="frdm_k64f:kernel.scheduler" name="kernel.scheduler.bad_priorities" time="23.086839" /><testcase classname="frdm_k64f:kernel.scheduler" name="kernel.scheduler.priority_cooperative" time="23.086839" /><testcase classname="frdm_k64f:kernel.scheduler" name="kernel.scheduler.priority_preemptible" time="23.086839" /><testcase classname="frdm_k64f:kernel.scheduler" name="kernel.scheduler.yield_cooperative" time="23.086839" /><testcase classname="frdm_k64f:kernel.scheduler" name="kernel.scheduler.sleep_cooperative" time="23.086839" /><testcase classname="frdm_k64f:kernel.scheduler" name="kernel.scheduler.sleep_wakeup_preemptible" time="23.086839" /><testcase classname="frdm_k64f:kernel.scheduler" name="kernel.scheduler.pending_thread_wakeup" time="23.086839" /><testcase classname="frdm_k64f:kernel.scheduler" name="kernel.scheduler.time_slicing_preemptible" time="23.086839" /><testcase classname="frdm_k64f:kernel.scheduler" name="kernel.scheduler.time_slicing_disable_preemptible" time="23.086839" /><testcase classname="frdm_k64f:kernel.scheduler" name="kernel.scheduler.lock_preemptible" time="23.086839" /><testcase classname="frdm_k64f:kernel.scheduler" name="kernel.scheduler.unlock_preemptible" time="23.086839" /><testcase classname="frdm_k64f:kernel.scheduler" name="kernel.scheduler.unlock_nested_sched_lock" time="23.086839" /><testcase classname="frdm_k64f:kernel.scheduler" name="kernel.scheduler.sched_is_preempt_thread" time="23.086839" /><testcase classname="frdm_k64f:kernel.scheduler" name="kernel.scheduler.slice_reset" time="23.086839" /><testcase classname="frdm_k64f:kernel.scheduler" name="kernel.scheduler.slice_scheduling" time="23.086839" /><testcase classname="frdm_k64f:kernel.scheduler" name="kernel.scheduler.priority_scheduling" time="23.086839" /><testcase classname="frdm_k64f:kernel.scheduler" name="kernel.scheduler.wakeup_expired_timer_thread" time="23.086839" /><testcase classname="frdm_k64f:kernel.scheduler" name="kernel.scheduler.user_k_wakeup" time="23.086839" /><testcase classname="frdm_k64f:kernel.scheduler" name="kernel.scheduler.user_k_is_preempt" time="23.086839" /><testcase classname="frdm_k64f:kernel.scheduler.no_timeslicing" name="kernel.scheduler.no_timeslicing.bad_priorities" time="6.161947" /><testcase classname="frdm_k64f:kernel.scheduler.no_timeslicing" name="kernel.scheduler.no_timeslicing.priority_cooperative" time="6.161947" /><testcase classname="frdm_k64f:kernel.scheduler.no_timeslicing" name="kernel.scheduler.no_timeslicing.priority_preemptible" time="6.161947" /><testcase classname="frdm_k64f:kernel.scheduler.no_timeslicing" name="kernel.scheduler.no_timeslicing.yield_cooperative" time="6.161947" /><testcase classname="frdm_k64f:kernel.scheduler.no_timeslicing" name="kernel.scheduler.no_timeslicing.sleep_cooperative" time="6.161947" /><testcase classname="frdm_k64f:kernel.scheduler.no_timeslicing" name="kernel.scheduler.no_timeslicing.sleep_wakeup_preemptible" time="6.161947" /><testcase classname="frdm_k64f:kernel.scheduler.no_timeslicing" name="kernel.scheduler.no_timeslicing.pending_thread_wakeup" time="6.161947" /><testcase classname="frdm_k64f:kernel.scheduler.no_timeslicing" name="kernel.scheduler.no_timeslicing.time_slicing_preemptible" time="6.161947"><skipped message="Skipped" type="skipped" /></testcase><testcase classname="frdm_k64f:kernel.scheduler.no_timeslicing" name="kernel.scheduler.no_timeslicing.time_slicing_disable_preemptible" time="6.161947"><skipped message="Skipped" type="skipped" /></testcase><testcase classname="frdm_k64f:kernel.scheduler.no_timeslicing" name="kernel.scheduler.no_timeslicing.lock_preemptible" time="6.161947" /><testcase classname="frdm_k64f:kernel.scheduler.no_timeslicing" name="kernel.scheduler.no_timeslicing.unlock_preemptible" time="6.161947" /><testcase classname="frdm_k64f:kernel.scheduler.no_timeslicing" name="kernel.scheduler.no_timeslicing.unlock_nested_sched_lock" time="6.161947" /><testcase classname="frdm_k64f:kernel.scheduler.no_timeslicing" name="kernel.scheduler.no_timeslicing.sched_is_preempt_thread" time="6.161947" /><testcase classname="frdm_k64f:kernel.scheduler.no_timeslicing" name="kernel.scheduler.no_timeslicing.slice_reset" time="6.161947"><skipped message="Skipped" type="skipped" /></testcase><testcase classname="frdm_k64f:kernel.scheduler.no_timeslicing" name="kernel.scheduler.no_timeslicing.slice_scheduling" time="6.161947"><skipped message="Skipped" type="skipped" /></testcase><testcase classname="frdm_k64f:kernel.scheduler.no_timeslicing" name="kernel.scheduler.no_timeslicing.priority_scheduling" time="6.161947" /><testcase classname="frdm_k64f:kernel.scheduler.no_timeslicing" name="kernel.scheduler.no_timeslicing.wakeup_expired_timer_thread" time="6.161947" /><testcase classname="frdm_k64f:kernel.scheduler.no_timeslicing" name="kernel.scheduler.no_timeslicing.user_k_wakeup" time="6.161947" /><testcase classname="frdm_k64f:kernel.scheduler.no_timeslicing" name="kernel.scheduler.no_timeslicing.user_k_is_preempt" time="6.161947" /><testcase classname="frdm_k64f:kernel.scheduler.multiq" name="kernel.scheduler.multiq.bad_priorities" time="22.231800" /><testcase classname="frdm_k64f:kernel.scheduler.multiq" name="kernel.scheduler.multiq.priority_cooperative" time="22.231800" /><testcase classname="frdm_k64f:kernel.scheduler.multiq" name="kernel.scheduler.multiq.priority_preemptible" time="22.231800" /><testcase classname="frdm_k64f:kernel.scheduler.multiq" name="kernel.scheduler.multiq.yield_cooperative" time="22.231800" /><testcase classname="frdm_k64f:kernel.scheduler.multiq" name="kernel.scheduler.multiq.sleep_cooperative" time="22.231800" /><testcase classname="frdm_k64f:kernel.scheduler.multiq" name="kernel.scheduler.multiq.sleep_wakeup_preemptible" time="22.231800" /><testcase classname="frdm_k64f:kernel.scheduler.multiq" name="kernel.scheduler.multiq.pending_thread_wakeup" time="22.231800" /><testcase classname="frdm_k64f:kernel.scheduler.multiq" name="kernel.scheduler.multiq.time_slicing_preemptible" time="22.231800" /><testcase classname="frdm_k64f:kernel.scheduler.multiq" name="kernel.scheduler.multiq.time_slicing_disable_preemptible" time="22.231800" /><testcase classname="frdm_k64f:kernel.scheduler.multiq" name="kernel.scheduler.multiq.lock_preemptible" time="22.231800" /><testcase classname="frdm_k64f:kernel.scheduler.multiq" name="kernel.scheduler.multiq.unlock_preemptible" time="22.231800" /><testcase classname="frdm_k64f:kernel.scheduler.multiq" name="kernel.scheduler.multiq.unlock_nested_sched_lock" time="22.231800" /><testcase classname="frdm_k64f:kernel.scheduler.multiq" name="kernel.scheduler.multiq.sched_is_preempt_thread" time="22.231800" /><testcase classname="frdm_k64f:kernel.scheduler.multiq" name="kernel.scheduler.multiq.slice_reset" time="22.231800" /><testcase classname="frdm_k64f:kernel.scheduler.multiq" name="kernel.scheduler.multiq.slice_scheduling" time="22.231800" /><testcase classname="frdm_k64f:kernel.scheduler.multiq" name="kernel.scheduler.multiq.priority_scheduling" time="22.231800" /><testcase classname="frdm_k64f:kernel.scheduler.multiq" name="kernel.scheduler.multiq.wakeup_expired_timer_thread" time="22.231800" /><testcase classname="frdm_k64f:kernel.scheduler.multiq" name="kernel.scheduler.multiq.user_k_wakeup" time="22.231800" /><testcase classname="frdm_k64f:kernel.scheduler.multiq" name="kernel.scheduler.multiq.user_k_is_preempt" time="22.231800" /><testcase classname="frdm_k64f:kernel.scheduler.multiq_no_timeslicing" name="kernel.scheduler.multiq_no_timeslicing.bad_priorities" time="7.458408" /><testcase classname="frdm_k64f:kernel.scheduler.multiq_no_timeslicing" name="kernel.scheduler.multiq_no_timeslicing.priority_cooperative" time="7.458408" /><testcase classname="frdm_k64f:kernel.scheduler.multiq_no_timeslicing" name="kernel.scheduler.multiq_no_timeslicing.priority_preemptible" time="7.458408" /><testcase classname="frdm_k64f:kernel.scheduler.multiq_no_timeslicing" name="kernel.scheduler.multiq_no_timeslicing.yield_cooperative" time="7.458408" /><testcase classname="frdm_k64f:kernel.scheduler.multiq_no_timeslicing" name="kernel.scheduler.multiq_no_timeslicing.sleep_cooperative" time="7.458408" /><testcase classname="frdm_k64f:kernel.scheduler.multiq_no_timeslicing" name="kernel.scheduler.multiq_no_timeslicing.sleep_wakeup_preemptible" time="7.458408" /><testcase classname="frdm_k64f:kernel.scheduler.multiq_no_timeslicing" name="kernel.scheduler.multiq_no_timeslicing.pending_thread_wakeup" time="7.458408" /><testcase classname="frdm_k64f:kernel.scheduler.multiq_no_timeslicing" name="kernel.scheduler.multiq_no_timeslicing.time_slicing_preemptible" time="7.458408"><skipped message="Skipped" type="skipped" /></testcase><testcase classname="frdm_k64f:kernel.scheduler.multiq_no_timeslicing" name="kernel.scheduler.multiq_no_timeslicing.time_slicing_disable_preemptible" time="7.458408"><skipped message="Skipped" type="skipped" /></testcase><testcase classname="frdm_k64f:kernel.scheduler.multiq_no_timeslicing" name="kernel.scheduler.multiq_no_timeslicing.lock_preemptible" time="7.458408" /><testcase classname="frdm_k64f:kernel.scheduler.multiq_no_timeslicing" name="kernel.scheduler.multiq_no_timeslicing.unlock_preemptible" time="7.458408" /><testcase classname="frdm_k64f:kernel.scheduler.multiq_no_timeslicing" name="kernel.scheduler.multiq_no_timeslicing.unlock_nested_sched_lock" time="7.458408" /><testcase classname="frdm_k64f:kernel.scheduler.multiq_no_timeslicing" name="kernel.scheduler.multiq_no_timeslicing.sched_is_preempt_thread" time="7.458408" /><testcase classname="frdm_k64f:kernel.scheduler.multiq_no_timeslicing" name="kernel.scheduler.multiq_no_timeslicing.slice_reset" time="7.458408"><skipped message="Skipped" type="skipped" /></testcase><testcase classname="frdm_k64f:kernel.scheduler.multiq_no_timeslicing" name="kernel.scheduler.multiq_no_timeslicing.slice_scheduling" time="7.458408"><skipped message="Skipped" type="skipped" /></testcase><testcase classname="frdm_k64f:kernel.scheduler.multiq_no_timeslicing" name="kernel.scheduler.multiq_no_timeslicing.priority_scheduling" time="7.458408" /><testcase classname="frdm_k64f:kernel.scheduler.multiq_no_timeslicing" name="kernel.scheduler.multiq_no_timeslicing.wakeup_expired_timer_thread" time="7.458408" /><testcase classname="frdm_k64f:kernel.scheduler.multiq_no_timeslicing" name="kernel.scheduler.multiq_no_timeslicing.user_k_wakeup" time="7.458408" /><testcase classname="frdm_k64f:kernel.scheduler.multiq_no_timeslicing" name="kernel.scheduler.multiq_no_timeslicing.user_k_is_preempt" time="7.458408" /><testcase classname="frdm_k64f:kernel.fifo" name="kernel.fifo.fifo_thread2thread" time="4.605098" /><testcase classname="frdm_k64f:kernel.fifo" name="kernel.fifo.fifo_thread2isr" time="4.605098" /><testcase classname="frdm_k64f:kernel.fifo" name="kernel.fifo.fifo_isr2thread" time="4.605098" /><testcase classname="frdm_k64f:kernel.fifo" name="kernel.fifo.fifo_get_fail" time="4.605098" /><testcase classname="frdm_k64f:kernel.fifo" name="kernel.fifo.fifo_loop" time="4.605098" /><testcase classname="frdm_k64f:kernel.fifo" name="kernel.fifo.fifo_cancel_wait" time="4.605098" /><testcase classname="frdm_k64f:kernel.fifo" name="kernel.fifo.fifo_is_empty_thread" time="4.605098" /><testcase classname="frdm_k64f:kernel.fifo" name="kernel.fifo.fifo_is_empty_isr" time="4.605098" /><testcase classname="frdm_k64f:kernel.fifo.poll" name="kernel.fifo.poll.fifo_thread2thread" time="4.620048" /><testcase classname="frdm_k64f:kernel.fifo.poll" name="kernel.fifo.poll.fifo_thread2isr" time="4.620048" /><testcase classname="frdm_k64f:kernel.fifo.poll" name="kernel.fifo.poll.fifo_isr2thread" time="4.620048" /><testcase classname="frdm_k64f:kernel.fifo.poll" name="kernel.fifo.poll.fifo_get_fail" time="4.620048" /><testcase classname="frdm_k64f:kernel.fifo.poll" name="kernel.fifo.poll.fifo_loop" time="4.620048" /><testcase classname="frdm_k64f:kernel.fifo.poll" name="kernel.fifo.poll.fifo_cancel_wait" time="4.620048" /><testcase classname="frdm_k64f:kernel.fifo.poll" name="kernel.fifo.poll.fifo_is_empty_thread" time="4.620048" /><testcase classname="frdm_k64f:kernel.fifo.poll" name="kernel.fifo.poll.fifo_is_empty_isr" time="4.620048" /><testcase classname="frdm_k64f:kernel.fifo.usage" name="kernel.fifo.usage.single_fifo_play" time="4.484042" /><testcase classname="frdm_k64f:kernel.fifo.usage" name="kernel.fifo.usage.dual_fifo_play" time="4.484042" /><testcase classname="frdm_k64f:kernel.fifo.usage" name="kernel.fifo.usage.isr_fifo_play" time="4.484042" /><testcase classname="frdm_k64f:kernel.fifo.usage.poll" name="kernel.fifo.usage.poll.single_fifo_play" time="4.422602" /><testcase classname="frdm_k64f:kernel.fifo.usage.poll" name="kernel.fifo.usage.poll.dual_fifo_play" time="4.422602" /><testcase classname="frdm_k64f:kernel.fifo.usage.poll" name="kernel.fifo.usage.poll.isr_fifo_play" time="4.422602" /><testcase classname="frdm_k64f:kernel.fifo.timeout" name="kernel.fifo.timeout.timeout_empty_fifo" time="3.750899" /><testcase classname="frdm_k64f:kernel.fifo.timeout" name="kernel.fifo.timeout.timeout_non_empty_fifo" time="3.750899" /><testcase classname="frdm_k64f:kernel.fifo.timeout" name="kernel.fifo.timeout.timeout_fifo_thread" time="3.750899" /><testcase classname="frdm_k64f:kernel.fifo.timeout" name="kernel.fifo.timeout.timeout_threads_pend_on_fifo" time="3.750899" /><testcase classname="frdm_k64f:kernel.fifo.timeout" name="kernel.fifo.timeout.timeout_threads_pend_on_dual_fifos" time="3.750899" /><testcase classname="frdm_k64f:kernel.fifo.timeout" name="kernel.fifo.timeout.timeout_threads_pend_fail_on_fifo" time="3.750899" /><testcase classname="frdm_k64f:kernel.fifo.timeout.poll" name="kernel.fifo.timeout.poll.timeout_empty_fifo" time="3.890002" /><testcase classname="frdm_k64f:kernel.fifo.timeout.poll" name="kernel.fifo.timeout.poll.timeout_non_empty_fifo" time="3.890002" /><testcase classname="frdm_k64f:kernel.fifo.timeout.poll" name="kernel.fifo.timeout.poll.timeout_fifo_thread" time="3.890002" /><testcase classname="frdm_k64f:kernel.fifo.timeout.poll" name="kernel.fifo.timeout.poll.timeout_threads_pend_on_fifo" time="3.890002" /><testcase classname="frdm_k64f:kernel.fifo.timeout.poll" name="kernel.fifo.timeout.poll.timeout_threads_pend_on_dual_fifos" time="3.890002" /><testcase classname="frdm_k64f:kernel.fifo.timeout.poll" name="kernel.fifo.timeout.poll.timeout_threads_pend_fail_on_fifo" time="3.890002" /><testcase classname="frdm_k64f:kernel.tickless.concept" name="kernel.tickless.concept.tickless_sysclock" time="4.583070" /><testcase classname="frdm_k64f:kernel.tickless.concept" name="kernel.tickless.concept.tickless_slice" time="4.583070" /><testcase classname="frdm_k64f:kernel.tickless" name="kernel.tickless.tickless" time="7.447900" /><testcase classname="frdm_k64f:kernel.lifo" name="kernel.lifo.lifo_thread2thread" time="4.194769" /><testcase classname="frdm_k64f:kernel.lifo" name="kernel.lifo.lifo_thread2isr" time="4.194769" /><testcase classname="frdm_k64f:kernel.lifo" name="kernel.lifo.lifo_isr2thread" time="4.194769" /><testcase classname="frdm_k64f:kernel.lifo" name="kernel.lifo.lifo_get_fail" time="4.194769" /><testcase classname="frdm_k64f:kernel.lifo" name="kernel.lifo.lifo_loop" time="4.194769" /><testcase classname="frdm_k64f:kernel.lifo.usage" name="kernel.lifo.usage.lifo_nowait" time="3.739940" /><testcase classname="frdm_k64f:kernel.lifo.usage" name="kernel.lifo.usage.lifo_wait" time="3.739940" /><testcase classname="frdm_k64f:kernel.lifo.usage" name="kernel.lifo.usage.timeout_empty_lifo" time="3.739940" /><testcase classname="frdm_k64f:kernel.lifo.usage" name="kernel.lifo.usage.timeout_non_empty_lifo" time="3.739940" /><testcase classname="frdm_k64f:kernel.lifo.usage" name="kernel.lifo.usage.timeout_lifo_thread" time="3.739940" /><testcase classname="frdm_k64f:kernel.lifo.usage" name="kernel.lifo.usage.timeout_threads_pend_on_lifo" time="3.739940" /><testcase classname="frdm_k64f:kernel.common.timing" name="kernel.common.timing.sleep" time="9.214151" /><testcase classname="frdm_k64f:kernel.common.timing" name="kernel.common.timing.usleep" time="9.214151" /><testcase classname="frdm_k64f:kernel.common.timing" name="kernel.common.timing.sleep_forever" time="9.214151" /><testcase classname="frdm_k64f:kernel.message_queue" name="kernel.message_queue.msgq_thread" time="6.696288" /><testcase classname="frdm_k64f:kernel.message_queue" name="kernel.message_queue.msgq_thread_overflow" time="6.696288" /><testcase classname="frdm_k64f:kernel.message_queue" name="kernel.message_queue.msgq_user_thread" time="6.696288" /><testcase classname="frdm_k64f:kernel.message_queue" name="kernel.message_queue.msgq_user_thread_overflow" time="6.696288" /><testcase classname="frdm_k64f:kernel.message_queue" name="kernel.message_queue.msgq_isr" time="6.696288" /><testcase classname="frdm_k64f:kernel.message_queue" name="kernel.message_queue.msgq_put_fail" time="6.696288" /><testcase classname="frdm_k64f:kernel.message_queue" name="kernel.message_queue.msgq_get_fail" time="6.696288" /><testcase classname="frdm_k64f:kernel.message_queue" name="kernel.message_queue.msgq_user_put_fail" time="6.696288" /><testcase classname="frdm_k64f:kernel.message_queue" name="kernel.message_queue.msgq_user_get_fail" time="6.696288" /><testcase classname="frdm_k64f:kernel.message_queue" name="kernel.message_queue.msgq_attrs_get" time="6.696288" /><testcase classname="frdm_k64f:kernel.message_queue" name="kernel.message_queue.msgq_user_attrs_get" time="6.696288" /><testcase classname="frdm_k64f:kernel.message_queue" name="kernel.message_queue.msgq_purge_when_put" time="6.696288" /><testcase classname="frdm_k64f:kernel.message_queue" name="kernel.message_queue.msgq_user_purge_when_put" time="6.696288" /><testcase classname="frdm_k64f:kernel.message_queue" name="kernel.message_queue.msgq_pend_thread" time="6.696288" /><testcase classname="frdm_k64f:kernel.message_queue" name="kernel.message_queue.msgq_alloc" time="6.696288" /><testcase classname="frdm_k64f:arch.common.xip" name="arch.common.xip.globals" time="3.171367" /><testcase classname="frdm_k64f:kernel.memory_pool.sys" name="kernel.memory_pool.sys.sys_mem_pool_alloc_free" time="5.329564" /><testcase classname="frdm_k64f:kernel.memory_pool.sys" name="kernel.memory_pool.sys.sys_mem_pool_alloc_align4" time="5.329564" /><testcase classname="frdm_k64f:kernel.memory_pool.sys" name="kernel.memory_pool.sys.sys_mem_pool_min_block_size" time="5.329564" /><testcase classname="frdm_k64f:kernel.memory_pool" name="kernel.memory_pool.pool_block_get" time="6.865138" /><testcase classname="frdm_k64f:kernel.memory_pool" name="kernel.memory_pool.pool_block_get_timeout" time="6.865138" /><testcase classname="frdm_k64f:kernel.memory_pool" name="kernel.memory_pool.pool_block_get_wait" time="6.865138" /><testcase classname="frdm_k64f:kernel.memory_pool" name="kernel.memory_pool.pool_malloc" time="6.865138" /><testcase classname="frdm_k64f:kernel.memory_pool.api" name="kernel.memory_pool.api.mpool_alloc_free_thread" time="3.640410" /><testcase classname="frdm_k64f:kernel.memory_pool.api" name="kernel.memory_pool.api.mpool_alloc_free_isr" time="3.640410" /><testcase classname="frdm_k64f:kernel.memory_pool.api" name="kernel.memory_pool.api.mpool_kdefine_extern" time="3.640410" /><testcase classname="frdm_k64f:kernel.memory_pool.api" name="kernel.memory_pool.api.mpool_alloc_size" time="3.640410" /><testcase classname="frdm_k64f:kernel.memory_pool.api" name="kernel.memory_pool.api.mpool_alloc_timeout" time="3.640410" /><testcase classname="frdm_k64f:kernel.memory_pool.api" name="kernel.memory_pool.api.sys_heap_mem_pool_assign" time="3.640410" /><testcase classname="frdm_k64f:kernel.memory_pool.threadsafe" name="kernel.memory_pool.threadsafe.mpool_threadsafe" time="3.181201" /><testcase classname="frdm_k64f:kernel.memory_pool.concept" name="kernel.memory_pool.concept.mpool_alloc_wait_prio" time="9.339533" /><testcase classname="frdm_k64f:kernel.memory_pool.concept" name="kernel.memory_pool.concept.mpool_alloc_size_roundup" time="9.339533" /><testcase classname="frdm_k64f:kernel.memory_pool.concept" name="kernel.memory_pool.concept.mpool_alloc_merge_failed_diff_size" time="9.339533" /><testcase classname="frdm_k64f:kernel.memory_pool.concept" name="kernel.memory_pool.concept.mpool_alloc_merge_failed_diff_parent" time="9.339533" /><testcase classname="frdm_k64f:kernel.mutex" name="kernel.mutex.mutex_lock_unlock" time="11.202093" /><testcase classname="frdm_k64f:kernel.mutex" name="kernel.mutex.mutex_reent_lock_forever" time="11.202093" /><testcase classname="frdm_k64f:kernel.mutex" name="kernel.mutex.mutex_reent_lock_no_wait" time="11.202093" /><testcase classname="frdm_k64f:kernel.mutex" name="kernel.mutex.mutex_reent_lock_timeout_fail" time="11.202093" /><testcase classname="frdm_k64f:kernel.mutex" name="kernel.mutex.mutex_reent_lock_timeout_pass" time="11.202093" /><testcase classname="frdm_k64f:system.mutex" name="system.mutex.mutex" time="12.874294" /><testcase classname="frdm_k64f:system.mutex" name="system.mutex.user_access" time="12.874294" /><testcase classname="frdm_k64f:system.mutex" name="system.mutex.supervisor_access" time="12.874294" /><testcase classname="frdm_k64f:system.mutex.nouser" name="system.mutex.nouser.mutex" time="11.038799" /><testcase classname="frdm_k64f:system.mutex.nouser" name="system.mutex.nouser.user_access" time="11.038799"><skipped message="Skipped" type="skipped" /></testcase><testcase classname="frdm_k64f:system.mutex.nouser" name="system.mutex.nouser.supervisor_access" time="11.038799" /><testcase classname="frdm_k64f:kernel.futex" name="kernel.futex.user_futex_bad" time="5.563868" /><testcase classname="frdm_k64f:kernel.futex" name="kernel.futex.futex_wait_forever_wake" time="5.563868" /><testcase classname="frdm_k64f:kernel.futex" name="kernel.futex.futex_wait_timeout_wake" time="5.563868" /><testcase classname="frdm_k64f:kernel.futex" name="kernel.futex.futex_wait_nowait_wake" time="5.563868" /><testcase classname="frdm_k64f:kernel.futex" name="kernel.futex.futex_wait_forever_wake_from_isr" time="5.563868" /><testcase classname="frdm_k64f:kernel.futex" name="kernel.futex.futex_multiple_threads_wait_wake" time="5.563868" /><testcase classname="frdm_k64f:kernel.futex" name="kernel.futex.multiple_futex_wait_wake" time="5.563868" /><testcase classname="frdm_k64f:kernel.futex" name="kernel.futex.futex_wait_forever" time="5.563868" /><testcase classname="frdm_k64f:kernel.futex" name="kernel.futex.futex_wait_timeout" time="5.563868" /><testcase classname="frdm_k64f:kernel.futex" name="kernel.futex.futex_wait_nowait" time="5.563868" /><testcase classname="frdm_k64f:kernel.memory_protection" name="kernel.memory_protection.permission_inheritance" time="7.443528" /><testcase classname="frdm_k64f:kernel.memory_protection" name="kernel.memory_protection.mem_domain_valid_access" time="7.443528" /><testcase classname="frdm_k64f:kernel.memory_protection" name="kernel.memory_protection.mem_domain_invalid_access" time="7.443528" /><testcase classname="frdm_k64f:kernel.memory_protection" name="kernel.memory_protection.mem_domain_partitions_user_rw" time="7.443528" /><testcase classname="frdm_k64f:kernel.memory_protection" name="kernel.memory_protection.mem_domain_partitions_supervisor_rw" time="7.443528" /><testcase classname="frdm_k64f:kernel.memory_protection" name="kernel.memory_protection.mem_domain_partitions_user_ro" time="7.443528" /><testcase classname="frdm_k64f:kernel.memory_protection" name="kernel.memory_protection.mem_domain_add_partitions_invalid" time="7.443528" /><testcase classname="frdm_k64f:kernel.memory_protection" name="kernel.memory_protection.mem_domain_add_partitions_simple" time="7.443528" /><testcase classname="frdm_k64f:kernel.memory_protection" name="kernel.memory_protection.mem_domain_remove_partitions_simple" time="7.443528" /><testcase classname="frdm_k64f:kernel.memory_protection" name="kernel.memory_protection.mem_domain_remove_partitions" time="7.443528" /><testcase classname="frdm_k64f:kernel.memory_protection" name="kernel.memory_protection.mem_domain_remove_thread" time="7.443528" /><testcase classname="frdm_k64f:kernel.memory_protection" name="kernel.memory_protection.mem_domain_destroy" time="7.443528" /><testcase classname="frdm_k64f:kernel.memory_protection" name="kernel.memory_protection.kobject_access_grant" time="7.443528" /><testcase classname="frdm_k64f:kernel.memory_protection" name="kernel.memory_protection.syscall_invalid_kobject" time="7.443528" /><testcase classname="frdm_k64f:kernel.memory_protection" name="kernel.memory_protection.thread_without_kobject_permission" time="7.443528" /><testcase classname="frdm_k64f:kernel.memory_protection" name="kernel.memory_protection.kobject_revoke_access" time="7.443528" /><testcase classname="frdm_k64f:kernel.memory_protection" name="kernel.memory_protection.kobject_grant_access_kobj" time="7.443528" /><testcase classname="frdm_k64f:kernel.memory_protection" name="kernel.memory_protection.kobject_grant_access_kobj_invalid" time="7.443528" /><testcase classname="frdm_k64f:kernel.memory_protection" name="kernel.memory_protection.kobject_release_from_user" time="7.443528" /><testcase classname="frdm_k64f:kernel.memory_protection" name="kernel.memory_protection.kobject_access_all_grant" time="7.443528" /><testcase classname="frdm_k64f:kernel.memory_protection" name="kernel.memory_protection.thread_has_residual_permissions" time="7.443528" /><testcase classname="frdm_k64f:kernel.memory_protection" name="kernel.memory_protection.kobject_access_grant_to_invalid_thread" time="7.443528" /><testcase classname="frdm_k64f:kernel.memory_protection" name="kernel.memory_protection.kobject_access_invalid_kobject" time="7.443528" /><testcase classname="frdm_k64f:kernel.memory_protection" name="kernel.memory_protection.access_kobject_without_init_access" time="7.443528" /><testcase classname="frdm_k64f:kernel.memory_protection" name="kernel.memory_protection.access_kobject_without_init_with_access" time="7.443528" /><testcase classname="frdm_k64f:kernel.memory_protection" name="kernel.memory_protection.kobject_reinitialize_thread_kobj" time="7.443528" /><testcase classname="frdm_k64f:kernel.memory_protection" name="kernel.memory_protection.create_new_thread_from_user" time="7.443528" /><testcase classname="frdm_k64f:kernel.memory_protection" name="kernel.memory_protection.create_new_thread_from_user_no_access_stack" time="7.443528" /><testcase classname="frdm_k64f:kernel.memory_protection" name="kernel.memory_protection.create_new_thread_from_user_invalid_stacksize" time="7.443528" /><testcase classname="frdm_k64f:kernel.memory_protection" name="kernel.memory_protection.create_new_thread_from_user_huge_stacksize" time="7.443528" /><testcase classname="frdm_k64f:kernel.memory_protection" name="kernel.memory_protection.create_new_supervisor_thread_from_user" time="7.443528" /><testcase classname="frdm_k64f:kernel.memory_protection" name="kernel.memory_protection.create_new_essential_thread_from_user" time="7.443528" /><testcase classname="frdm_k64f:kernel.memory_protection" name="kernel.memory_protection.create_new_higher_prio_thread_from_user" time="7.443528" /><testcase classname="frdm_k64f:kernel.memory_protection" name="kernel.memory_protection.create_new_invalid_prio_thread_from_user" time="7.443528" /><testcase classname="frdm_k64f:kernel.memory_protection.sys_sem" name="kernel.memory_protection.sys_sem.basic_sem_test" time="6.044255" /><testcase classname="frdm_k64f:kernel.memory_protection.sys_sem" name="kernel.memory_protection.sys_sem.simple_sem_from_isr" time="6.044255" /><testcase classname="frdm_k64f:kernel.memory_protection.sys_sem" name="kernel.memory_protection.sys_sem.sem_take_timeout_isr" time="6.044255" /><testcase classname="frdm_k64f:kernel.memory_protection.sys_sem" name="kernel.memory_protection.sys_sem.sem_give_take_from_isr" time="6.044255" /><testcase classname="frdm_k64f:kernel.memory_protection.sys_sem" name="kernel.memory_protection.sys_sem.simple_sem_from_task" time="6.044255" /><testcase classname="frdm_k64f:kernel.memory_protection.sys_sem" name="kernel.memory_protection.sys_sem.sem_take_no_wait" time="6.044255" /><testcase classname="frdm_k64f:kernel.memory_protection.sys_sem" name="kernel.memory_protection.sys_sem.sem_take_no_wait_fails" time="6.044255" /><testcase classname="frdm_k64f:kernel.memory_protection.sys_sem" name="kernel.memory_protection.sys_sem.sem_take_timeout_fails" time="6.044255" /><testcase classname="frdm_k64f:kernel.memory_protection.sys_sem" name="kernel.memory_protection.sys_sem.sem_take_timeout" time="6.044255" /><testcase classname="frdm_k64f:kernel.memory_protection.sys_sem" name="kernel.memory_protection.sys_sem.sem_take_timeout_forever" time="6.044255" /><testcase classname="frdm_k64f:kernel.memory_protection.sys_sem" name="kernel.memory_protection.sys_sem.sem_take_multiple" time="6.044255" /><testcase classname="frdm_k64f:kernel.memory_protection.sys_sem" name="kernel.memory_protection.sys_sem.sem_give_limit" time="6.044255" /><testcase classname="frdm_k64f:kernel.memory_protection.sys_sem" name="kernel.memory_protection.sys_sem.sem_multiple_threads_wait" time="6.044255" /><testcase classname="frdm_k64f:kernel.memory_protection.sys_sem.nouser" name="kernel.memory_protection.sys_sem.nouser.simple_sem_from_isr" time="4.105105" /><testcase classname="frdm_k64f:kernel.memory_protection.sys_sem.nouser" name="kernel.memory_protection.sys_sem.nouser.sem_take_timeout_isr" time="4.105105" /><testcase classname="frdm_k64f:kernel.memory_protection.sys_sem.nouser" name="kernel.memory_protection.sys_sem.nouser.sem_give_take_from_isr" time="4.105105" /><testcase classname="frdm_k64f:kernel.memory_protection.sys_sem.nouser" name="kernel.memory_protection.sys_sem.nouser.simple_sem_from_task" time="4.105105" /><testcase classname="frdm_k64f:kernel.memory_protection.sys_sem.nouser" name="kernel.memory_protection.sys_sem.nouser.sem_take_no_wait" time="4.105105" /><testcase classname="frdm_k64f:kernel.memory_protection.sys_sem.nouser" name="kernel.memory_protection.sys_sem.nouser.sem_take_no_wait_fails" time="4.105105" /><testcase classname="frdm_k64f:kernel.memory_protection.sys_sem.nouser" name="kernel.memory_protection.sys_sem.nouser.sem_take_timeout_fails" time="4.105105" /><testcase classname="frdm_k64f:kernel.memory_protection.sys_sem.nouser" name="kernel.memory_protection.sys_sem.nouser.sem_take_timeout" time="4.105105" /><testcase classname="frdm_k64f:kernel.memory_protection.sys_sem.nouser" name="kernel.memory_protection.sys_sem.nouser.sem_take_timeout_forever" time="4.105105" /><testcase classname="frdm_k64f:kernel.memory_protection.sys_sem.nouser" name="kernel.memory_protection.sys_sem.nouser.sem_take_multiple" time="4.105105" /><testcase classname="frdm_k64f:kernel.memory_protection.sys_sem.nouser" name="kernel.memory_protection.sys_sem.nouser.sem_give_limit" time="4.105105" /><testcase classname="frdm_k64f:kernel.memory_protection.sys_sem.nouser" name="kernel.memory_protection.sys_sem.nouser.sem_multiple_threads_wait" time="4.105105" /><testcase classname="frdm_k64f:kernel.memory_protection.stack_random" name="kernel.memory_protection.stack_random.stack_pt_randomization" time="3.813356" /><testcase classname="frdm_k64f:kernel.memory_protection.syscalls" name="kernel.memory_protection.syscalls.string_nlen" time="20.655354" /><testcase classname="frdm_k64f:kernel.memory_protection.syscalls" name="kernel.memory_protection.syscalls.to_copy" time="20.655354" /><testcase classname="frdm_k64f:kernel.memory_protection.syscalls" name="kernel.memory_protection.syscalls.user_string_copy" time="20.655354" /><testcase classname="frdm_k64f:kernel.memory_protection.syscalls" name="kernel.memory_protection.syscalls.user_string_alloc_copy" time="20.655354" /><testcase classname="frdm_k64f:kernel.memory_protection.syscalls" name="kernel.memory_protection.syscalls.arg64" time="20.655354" /><testcase classname="frdm_k64f:kernel.memory_protection.syscalls" name="kernel.memory_protection.syscalls.syscall_torture" time="20.655354" /><testcase classname="frdm_k64f:kernel.memory_protection.stackprot" name="kernel.memory_protection.stackprot.create_alt_thread" time="6.002671" /><testcase classname="frdm_k64f:kernel.memory_protection.stackprot" name="kernel.memory_protection.stackprot.stackprot" time="6.002671" /><testcase classname="frdm_k64f:kernel.memory_protection.obj_validation" name="kernel.memory_protection.obj_validation.generic_object" time="5.204991" /><testcase classname="frdm_k64f:kernel.memory_protection.userspace" name="kernel.memory_protection.userspace.stack_buffer" time="7.937370" /><testcase classname="frdm_k64f:kernel.memory_protection.userspace" name="kernel.memory_protection.userspace.unimplemented_syscall" time="7.937370" /><testcase classname="frdm_k64f:kernel.memory_protection.userspace" name="kernel.memory_protection.userspace.bad_syscall" time="7.937370" /><testcase classname="frdm_k64f:kernel.memory_protection.userspace" name="kernel.memory_protection.userspace.oops_panic" time="7.937370" /><testcase classname="frdm_k64f:kernel.memory_protection.userspace" name="kernel.memory_protection.userspace.oops_oops" time="7.937370" /><testcase classname="frdm_k64f:kernel.memory_protection.userspace" name="kernel.memory_protection.userspace.oops_exception" time="7.937370" /><testcase classname="frdm_k64f:kernel.memory_protection.userspace" name="kernel.memory_protection.userspace.oops_maxint" time="7.937370" /><testcase classname="frdm_k64f:kernel.memory_protection.userspace" name="kernel.memory_protection.userspace.oops_stackcheck" time="7.937370" /><testcase classname="frdm_k64f:kernel.memory_protection.userspace" name="kernel.memory_protection.userspace.object_recycle" time="7.937370" /><testcase classname="frdm_k64f:kernel.memory_protection.userspace" name="kernel.memory_protection.userspace.syscall_context" time="7.937370" /><testcase classname="frdm_k64f:kernel.common.sleep" name="kernel.common.sleep.early_sleep" time="4.920119" /><testcase classname="frdm_k64f:kernel.objects" name="kernel.objects.pending_fifo" time="9.792285" /><testcase classname="frdm_k64f:kernel.objects" name="kernel.objects.pending_lifo" time="9.792285" /><testcase classname="frdm_k64f:kernel.objects" name="kernel.objects.pending_timer" time="9.792285" /><testcase classname="frdm_k64f:kernel.stack.usage" name="kernel.stack.usage.stack_thread2thread" time="5.974050" /><testcase classname="frdm_k64f:kernel.stack.usage" name="kernel.stack.usage.stack_user_thread2thread" time="5.974050" /><testcase classname="frdm_k64f:kernel.stack.usage" name="kernel.stack.usage.stack_thread2isr" time="5.974050" /><testcase classname="frdm_k64f:kernel.stack.usage" name="kernel.stack.usage.stack_pop_fail" time="5.974050" /><testcase classname="frdm_k64f:kernel.stack.usage" name="kernel.stack.usage.stack_user_pop_fail" time="5.974050" /><testcase classname="frdm_k64f:kernel.stack.usage" name="kernel.stack.usage.stack_alloc_thread2thread" time="5.974050" /><testcase classname="frdm_k64f:kernel.stack.usage" name="kernel.stack.usage.single_stack_play" time="5.974050" /><testcase classname="frdm_k64f:kernel.stack.usage" name="kernel.stack.usage.dual_stack_play" time="5.974050" /><testcase classname="frdm_k64f:kernel.stack.usage" name="kernel.stack.usage.isr_stack_play" time="5.974050" /><testcase classname="frdm_k64f:kernel.workqueue.api" name="kernel.workqueue.api.workq_start_before_submit" time="8.647092" /><testcase classname="frdm_k64f:kernel.workqueue.api" name="kernel.workqueue.api.user_workq_start_before_submit" time="8.647092" /><testcase classname="frdm_k64f:kernel.workqueue.api" name="kernel.workqueue.api.user_workq_granted_access_setup" time="8.647092" /><testcase classname="frdm_k64f:kernel.workqueue.api" name="kernel.workqueue.api.user_workq_granted_access" time="8.647092" /><testcase classname="frdm_k64f:kernel.workqueue.api" name="kernel.workqueue.api.work_submit_to_multipleq" time="8.647092" /><testcase classname="frdm_k64f:kernel.workqueue.api" name="kernel.workqueue.api.work_resubmit_to_queue" time="8.647092" /><testcase classname="frdm_k64f:kernel.workqueue.api" name="kernel.workqueue.api.work_submit_to_queue_thread" time="8.647092" /><testcase classname="frdm_k64f:kernel.workqueue.api" name="kernel.workqueue.api.work_submit_to_queue_isr" time="8.647092" /><testcase classname="frdm_k64f:kernel.workqueue.api" name="kernel.workqueue.api.work_submit_thread" time="8.647092" /><testcase classname="frdm_k64f:kernel.workqueue.api" name="kernel.workqueue.api.work_submit_isr" time="8.647092" /><testcase classname="frdm_k64f:kernel.workqueue.api" name="kernel.workqueue.api.work_submit_handler" time="8.647092" /><testcase classname="frdm_k64f:kernel.workqueue.api" name="kernel.workqueue.api.user_work_submit_to_queue_thread" time="8.647092" /><testcase classname="frdm_k64f:kernel.workqueue.api" name="kernel.workqueue.api.delayed_work_submit_to_queue_thread" time="8.647092" /><testcase classname="frdm_k64f:kernel.workqueue.api" name="kernel.workqueue.api.delayed_work_submit_to_queue_isr" time="8.647092" /><testcase classname="frdm_k64f:kernel.workqueue.api" name="kernel.workqueue.api.delayed_work_submit_thread" time="8.647092" /><testcase classname="frdm_k64f:kernel.workqueue.api" name="kernel.workqueue.api.delayed_work_submit_isr" time="8.647092" /><testcase classname="frdm_k64f:kernel.workqueue.api" name="kernel.workqueue.api.delayed_work_submit_handler" time="8.647092" /><testcase classname="frdm_k64f:kernel.workqueue.api" name="kernel.workqueue.api.delayed_work_cancel_from_queue_thread" time="8.647092" /><testcase classname="frdm_k64f:kernel.workqueue.api" name="kernel.workqueue.api.delayed_work_cancel_from_queue_isr" time="8.647092" /><testcase classname="frdm_k64f:kernel.workqueue.api" name="kernel.workqueue.api.delayed_work_cancel_thread" time="8.647092" /><testcase classname="frdm_k64f:kernel.workqueue.api" name="kernel.workqueue.api.delayed_work_cancel_isr" time="8.647092" /><testcase classname="frdm_k64f:kernel.workqueue.api" name="kernel.workqueue.api.triggered_work_submit_to_queue_thread" time="8.647092" /><testcase classname="frdm_k64f:kernel.workqueue.api" name="kernel.workqueue.api.triggered_work_submit_to_queue_isr" time="8.647092" /><testcase classname="frdm_k64f:kernel.workqueue.api" name="kernel.workqueue.api.triggered_work_submit_thread" time="8.647092" /><testcase classname="frdm_k64f:kernel.workqueue.api" name="kernel.workqueue.api.triggered_work_submit_isr" time="8.647092" /><testcase classname="frdm_k64f:kernel.workqueue.api" name="kernel.workqueue.api.triggered_work_cancel_from_queue_thread" time="8.647092" /><testcase classname="frdm_k64f:kernel.workqueue.api" name="kernel.workqueue.api.triggered_work_cancel_from_queue_isr" time="8.647092" /><testcase classname="frdm_k64f:kernel.workqueue.api" name="kernel.workqueue.api.triggered_work_cancel_thread" time="8.647092" /><testcase classname="frdm_k64f:kernel.workqueue.api" name="kernel.workqueue.api.triggered_work_cancel_isr" time="8.647092" /><testcase classname="frdm_k64f:kernel.workqueue" name="kernel.workqueue.sequence" time="8.927449" /><testcase classname="frdm_k64f:kernel.workqueue" name="kernel.workqueue.resubmit" time="8.927449" /><testcase classname="frdm_k64f:kernel.workqueue" name="kernel.workqueue.delayed" time="8.927449" /><testcase classname="frdm_k64f:kernel.workqueue" name="kernel.workqueue.delayed_resubmit" time="8.927449" /><testcase classname="frdm_k64f:kernel.workqueue" name="kernel.workqueue.delayed_resubmit_thread" time="8.927449" /><testcase classname="frdm_k64f:kernel.workqueue" name="kernel.workqueue.delayed_cancel" time="8.927449" /><testcase classname="frdm_k64f:kernel.workqueue" name="kernel.workqueue.triggered" time="8.927449" /><testcase classname="frdm_k64f:kernel.workqueue" name="kernel.workqueue.already_triggered" time="8.927449" /><testcase classname="frdm_k64f:kernel.workqueue" name="kernel.workqueue.triggered_resubmit" time="8.927449" /><testcase classname="frdm_k64f:kernel.workqueue" name="kernel.workqueue.triggered_no_wait" time="8.927449" /><testcase classname="frdm_k64f:kernel.workqueue" name="kernel.workqueue.triggered_no_wait_expired" time="8.927449" /><testcase classname="frdm_k64f:kernel.workqueue" name="kernel.workqueue.triggered_wait" time="8.927449" /><testcase classname="frdm_k64f:kernel.workqueue" name="kernel.workqueue.triggered_wait_expired" time="8.927449" /><testcase classname="frdm_k64f:kernel.timer" name="kernel.timer.time_conversions" time="9.099989" /><testcase classname="frdm_k64f:kernel.timer" name="kernel.timer.timer_duration_period" time="9.099989" /><testcase classname="frdm_k64f:kernel.timer" name="kernel.timer.timer_period_0" time="9.099989" /><testcase classname="frdm_k64f:kernel.timer" name="kernel.timer.timer_expirefn_null" time="9.099989" /><testcase classname="frdm_k64f:kernel.timer" name="kernel.timer.timer_periodicity" time="9.099989" /><testcase classname="frdm_k64f:kernel.timer" name="kernel.timer.timer_status_get" time="9.099989" /><testcase classname="frdm_k64f:kernel.timer" name="kernel.timer.timer_status_get_anytime" time="9.099989" /><testcase classname="frdm_k64f:kernel.timer" name="kernel.timer.timer_status_sync" time="9.099989" /><testcase classname="frdm_k64f:kernel.timer" name="kernel.timer.timer_k_define" time="9.099989" /><testcase classname="frdm_k64f:kernel.timer" name="kernel.timer.timer_user_data" time="9.099989" /><testcase classname="frdm_k64f:kernel.timer" name="kernel.timer.timer_remaining_get" time="9.099989" /><testcase classname="frdm_k64f:kernel.timer.tickless" name="kernel.timer.tickless.time_conversions" time="8.621150" /><testcase classname="frdm_k64f:kernel.timer.tickless" name="kernel.timer.tickless.timer_duration_period" time="8.621150" /><testcase classname="frdm_k64f:kernel.timer.tickless" name="kernel.timer.tickless.timer_period_0" time="8.621150" /><testcase classname="frdm_k64f:kernel.timer.tickless" name="kernel.timer.tickless.timer_expirefn_null" time="8.621150" /><testcase classname="frdm_k64f:kernel.timer.tickless" name="kernel.timer.tickless.timer_periodicity" time="8.621150" /><testcase classname="frdm_k64f:kernel.timer.tickless" name="kernel.timer.tickless.timer_status_get" time="8.621150" /><testcase classname="frdm_k64f:kernel.timer.tickless" name="kernel.timer.tickless.timer_status_get_anytime" time="8.621150" /><testcase classname="frdm_k64f:kernel.timer.tickless" name="kernel.timer.tickless.timer_status_sync" time="8.621150" /><testcase classname="frdm_k64f:kernel.timer.tickless" name="kernel.timer.tickless.timer_k_define" time="8.621150" /><testcase classname="frdm_k64f:kernel.timer.tickless" name="kernel.timer.tickless.timer_user_data" time="8.621150" /><testcase classname="frdm_k64f:kernel.timer.tickless" name="kernel.timer.tickless.timer_remaining_get" time="8.621150" /><testcase classname="frdm_k64f:kernel.timer.monotonic" name="kernel.timer.monotonic.timer" time="6.241071" /><testcase classname="frdm_k64f:kernel.common.profiling" name="kernel.common.profiling.call_stacks_analyze_main" time="4.167053" /><testcase classname="frdm_k64f:kernel.common.profiling" name="kernel.common.profiling.call_stacks_analyze_idle" time="4.167053" /><testcase classname="frdm_k64f:kernel.common.profiling" name="kernel.common.profiling.call_stacks_analyze_workq" time="4.167053" /><testcase classname="frdm_k64f:kernel.semaphore" name="kernel.semaphore.k_sema_init" time="20.422267" /><testcase classname="frdm_k64f:kernel.semaphore" name="kernel.semaphore.sema_thread2thread" time="20.422267" /><testcase classname="frdm_k64f:kernel.semaphore" name="kernel.semaphore.sema_thread2isr" time="20.422267" /><testcase classname="frdm_k64f:kernel.semaphore" name="kernel.semaphore.sema_reset" time="20.422267" /><testcase classname="frdm_k64f:kernel.semaphore" name="kernel.semaphore.sema_count_get" time="20.422267" /><testcase classname="frdm_k64f:kernel.semaphore" name="kernel.semaphore.simple_sem_from_isr" time="20.422267" /><testcase classname="frdm_k64f:kernel.semaphore" name="kernel.semaphore.simple_sem_from_task" time="20.422267" /><testcase classname="frdm_k64f:kernel.semaphore" name="kernel.semaphore.sem_take_no_wait" time="20.422267" /><testcase classname="frdm_k64f:kernel.semaphore" name="kernel.semaphore.sem_take_no_wait_fails" time="20.422267" /><testcase classname="frdm_k64f:kernel.semaphore" name="kernel.semaphore.sem_take_timeout_fails" time="20.422267" /><testcase classname="frdm_k64f:kernel.semaphore" name="kernel.semaphore.sem_take_timeout" time="20.422267" /><testcase classname="frdm_k64f:kernel.semaphore" name="kernel.semaphore.sem_take_timeout_forever" time="20.422267" /><testcase classname="frdm_k64f:kernel.semaphore" name="kernel.semaphore.sem_take_timeout_isr" time="20.422267" /><testcase classname="frdm_k64f:kernel.semaphore" name="kernel.semaphore.sem_take_multiple" time="20.422267" /><testcase classname="frdm_k64f:kernel.semaphore" name="kernel.semaphore.sem_give_take_from_isr" time="20.422267" /><testcase classname="frdm_k64f:kernel.semaphore" name="kernel.semaphore.sem_multiple_threads_wait" time="20.422267" /><testcase classname="frdm_k64f:kernel.semaphore" name="kernel.semaphore.sem_measure_timeouts" time="20.422267" /><testcase classname="frdm_k64f:kernel.semaphore" name="kernel.semaphore.sem_measure_timeout_from_thread" time="20.422267" /><testcase classname="frdm_k64f:kernel.semaphore" name="kernel.semaphore.sem_multiple_take_and_timeouts" time="20.422267" /><testcase classname="frdm_k64f:kernel.semaphore" name="kernel.semaphore.sem_multi_take_timeout_diff_sem" time="20.422267" /><testcase classname="frdm_k64f:kernel.fp_sharing.float_disable.arm" name="kernel.fp_sharing.float_disable.arm.k_float_disable_common" time="5.757981" /><testcase classname="frdm_k64f:kernel.fp_sharing.float_disable.arm" name="kernel.fp_sharing.float_disable.arm.k_float_disable_irq" time="5.757981" /><testcase classname="frdm_k64f:kernel.fp_sharing.float_disable.arm" name="kernel.fp_sharing.float_disable.arm.k_float_disable_syscall" time="5.757981" /><testcase classname="frdm_k64f:kernel.mailbox.usage" name="kernel.mailbox.usage.msg_receiver" time="3.457926" /><testcase classname="frdm_k64f:kernel.mailbox.api" name="kernel.mailbox.api.mbox_kinit" time="4.519985" /><testcase classname="frdm_k64f:kernel.mailbox.api" name="kernel.mailbox.api.mbox_kdefine" time="4.519985" /><testcase classname="frdm_k64f:kernel.mailbox.api" name="kernel.mailbox.api.mbox_put_get_null" time="4.519985" /><testcase classname="frdm_k64f:kernel.mailbox.api" name="kernel.mailbox.api.mbox_put_get_buffer" time="4.519985" /><testcase classname="frdm_k64f:kernel.mailbox.api" name="kernel.mailbox.api.mbox_async_put_get_buffer" time="4.519985" /><testcase classname="frdm_k64f:kernel.mailbox.api" name="kernel.mailbox.api.mbox_async_put_get_block" time="4.519985" /><testcase classname="frdm_k64f:kernel.mailbox.api" name="kernel.mailbox.api.mbox_target_source_thread_buffer" time="4.519985" /><testcase classname="frdm_k64f:kernel.mailbox.api" name="kernel.mailbox.api.mbox_target_source_thread_block" time="4.519985" /><testcase classname="frdm_k64f:kernel.mailbox.api" name="kernel.mailbox.api.mbox_incorrect_receiver_tid" time="4.519985" /><testcase classname="frdm_k64f:kernel.mailbox.api" name="kernel.mailbox.api.mbox_incorrect_transmit_tid" time="4.519985" /><testcase classname="frdm_k64f:kernel.mailbox.api" name="kernel.mailbox.api.mbox_timed_out_mbox_get" time="4.519985" /><testcase classname="frdm_k64f:kernel.mailbox.api" name="kernel.mailbox.api.mbox_block_get_invalid_pool" time="4.519985" /><testcase classname="frdm_k64f:kernel.mailbox.api" name="kernel.mailbox.api.mbox_msg_tid_mismatch" time="4.519985" /><testcase classname="frdm_k64f:kernel.mailbox.api" name="kernel.mailbox.api.mbox_block_get_buff_to_pool" time="4.519985" /><testcase classname="frdm_k64f:kernel.mailbox.api" name="kernel.mailbox.api.mbox_block_get_buff_to_smaller_pool" time="4.519985" /><testcase classname="frdm_k64f:kernel.mailbox.api" name="kernel.mailbox.api.mbox_dispose_size_0_msg" time="4.519985" /><testcase classname="frdm_k64f:kernel.mailbox.api" name="kernel.mailbox.api.mbox_clean_up_tx_pool" time="4.519985" /><testcase classname="frdm_k64f:kernel.mailbox.api" name="kernel.mailbox.api.mbox_async_put_to_waiting_get" time="4.519985" /><testcase classname="frdm_k64f:kernel.mailbox.api" name="kernel.mailbox.api.mbox_get_waiting_put_incorrect_tid" time="4.519985" /><testcase classname="frdm_k64f:kernel.mailbox.api" name="kernel.mailbox.api.mbox_async_multiple_put" time="4.519985" /><testcase classname="frdm_k64f:kernel.mailbox.api" name="kernel.mailbox.api.mbox_multiple_waiting_get" time="4.519985" /><testcase classname="frdm_k64f:kernel.memory_heap" name="kernel.memory_heap.mheap_malloc_free" time="3.643120" /><testcase classname="frdm_k64f:kernel.memory_heap" name="kernel.memory_heap.mheap_calloc" time="3.643120" /><testcase classname="frdm_k64f:kernel.memory_heap" name="kernel.memory_heap.mheap_malloc_align4" time="3.643120" /><testcase classname="frdm_k64f:kernel.memory_heap" name="kernel.memory_heap.mheap_min_block_size" time="3.643120" /><testcase classname="frdm_k64f:kernel.memory_heap" name="kernel.memory_heap.mheap_block_desc" time="3.643120" /><testcase classname="frdm_k64f:arch.interrupt" name="arch.interrupt.isr_dynamic" time="5.692900" /><testcase classname="frdm_k64f:arch.interrupt" name="arch.interrupt.nested_isr" time="5.692900" /><testcase classname="frdm_k64f:arch.interrupt" name="arch.interrupt.prevent_interruption" time="5.692900" /><testcase classname="frdm_k64f:kernel.common.stack_protection" name="kernel.common.stack_protection.fatal" time="5.769975" /><testcase classname="frdm_k64f:kernel.common.stack_protection_no_userspace" name="kernel.common.stack_protection_no_userspace.fatal" time="3.790124" /><testcase classname="frdm_k64f:kernel.common.stack_protection_arm_fp_sharing" name="kernel.common.stack_protection_arm_fp_sharing.fatal" time="6.496041" /><testcase classname="frdm_k64f:kernel.common.stack_sentinel" name="kernel.common.stack_sentinel.fatal" time="3.395252" /><testcase classname="frdm_k64f:kernel.poll" name="kernel.poll.poll_no_wait" time="8.272736" /><testcase classname="frdm_k64f:kernel.poll" name="kernel.poll.poll_wait" time="8.272736" /><testcase classname="frdm_k64f:kernel.poll" name="kernel.poll.poll_zero_events" time="8.272736" /><testcase classname="frdm_k64f:kernel.poll" name="kernel.poll.poll_cancel_main_low_prio" time="8.272736" /><testcase classname="frdm_k64f:kernel.poll" name="kernel.poll.poll_cancel_main_high_prio" time="8.272736" /><testcase classname="frdm_k64f:kernel.poll" name="kernel.poll.poll_multi" time="8.272736" /><testcase classname="frdm_k64f:kernel.poll" name="kernel.poll.poll_threadstate" time="8.272736" /><testcase classname="frdm_k64f:kernel.common" name="kernel.common.verify_bootdelay" time="7.693232" /><testcase classname="frdm_k64f:kernel.common" name="kernel.common.irq_offload" time="7.693232" /><testcase classname="frdm_k64f:kernel.common" name="kernel.common.byteorder_memcpy_swap" time="7.693232" /><testcase classname="frdm_k64f:kernel.common" name="kernel.common.byteorder_mem_swap" time="7.693232" /><testcase classname="frdm_k64f:kernel.common" name="kernel.common.sys_get_be64" time="7.693232" /><testcase classname="frdm_k64f:kernel.common" name="kernel.common.sys_put_be64" time="7.693232" /><testcase classname="frdm_k64f:kernel.common" name="kernel.common.sys_get_be32" time="7.693232" /><testcase classname="frdm_k64f:kernel.common" name="kernel.common.sys_put_be32" time="7.693232" /><testcase classname="frdm_k64f:kernel.common" name="kernel.common.sys_get_be16" time="7.693232" /><testcase classname="frdm_k64f:kernel.common" name="kernel.common.sys_put_be16" time="7.693232" /><testcase classname="frdm_k64f:kernel.common" name="kernel.common.sys_get_le16" time="7.693232" /><testcase classname="frdm_k64f:kernel.common" name="kernel.common.sys_put_le16" time="7.693232" /><testcase classname="frdm_k64f:kernel.common" name="kernel.common.sys_get_le32" time="7.693232" /><testcase classname="frdm_k64f:kernel.common" name="kernel.common.sys_put_le32" time="7.693232" /><testcase classname="frdm_k64f:kernel.common" name="kernel.common.sys_get_le64" time="7.693232" /><testcase classname="frdm_k64f:kernel.common" name="kernel.common.sys_put_le64" time="7.693232" /><testcase classname="frdm_k64f:kernel.common" name="kernel.common.atomic" time="7.693232" /><testcase classname="frdm_k64f:kernel.common" name="kernel.common.bitfield" time="7.693232"><skipped message="Skipped" type="skipped" /></testcase><testcase classname="frdm_k64f:kernel.common" name="kernel.common.printk" time="7.693232" /><testcase classname="frdm_k64f:kernel.common" name="kernel.common.timeout_order" time="7.693232" /><testcase classname="frdm_k64f:kernel.common" name="kernel.common.clock_uptime" time="7.693232" /><testcase classname="frdm_k64f:kernel.common" name="kernel.common.clock_cycle" time="7.693232" /><testcase classname="frdm_k64f:kernel.common" name="kernel.common.version" time="7.693232" /><testcase classname="frdm_k64f:kernel.common" name="kernel.common.multilib" time="7.693232" /><testcase classname="frdm_k64f:kernel.common" name="kernel.common.thread_context" time="7.693232" /><testcase classname="frdm_k64f:kernel.common" name="kernel.common.bounds_check_mitigation" time="7.693232" /><testcase classname="frdm_k64f:kernel.common.misra" name="kernel.common.misra.verify_bootdelay" time="6.750617" /><testcase classname="frdm_k64f:kernel.common.misra" name="kernel.common.misra.irq_offload" time="6.750617" /><testcase classname="frdm_k64f:kernel.common.misra" name="kernel.common.misra.byteorder_memcpy_swap" time="6.750617" /><testcase classname="frdm_k64f:kernel.common.misra" name="kernel.common.misra.byteorder_mem_swap" time="6.750617" /><testcase classname="frdm_k64f:kernel.common.misra" name="kernel.common.misra.sys_get_be64" time="6.750617" /><testcase classname="frdm_k64f:kernel.common.misra" name="kernel.common.misra.sys_put_be64" time="6.750617" /><testcase classname="frdm_k64f:kernel.common.misra" name="kernel.common.misra.sys_get_be32" time="6.750617" /><testcase classname="frdm_k64f:kernel.common.misra" name="kernel.common.misra.sys_put_be32" time="6.750617" /><testcase classname="frdm_k64f:kernel.common.misra" name="kernel.common.misra.sys_get_be16" time="6.750617" /><testcase classname="frdm_k64f:kernel.common.misra" name="kernel.common.misra.sys_put_be16" time="6.750617" /><testcase classname="frdm_k64f:kernel.common.misra" name="kernel.common.misra.sys_get_le16" time="6.750617" /><testcase classname="frdm_k64f:kernel.common.misra" name="kernel.common.misra.sys_put_le16" time="6.750617" /><testcase classname="frdm_k64f:kernel.common.misra" name="kernel.common.misra.sys_get_le32" time="6.750617" /><testcase classname="frdm_k64f:kernel.common.misra" name="kernel.common.misra.sys_put_le32" time="6.750617" /><testcase classname="frdm_k64f:kernel.common.misra" name="kernel.common.misra.sys_get_le64" time="6.750617" /><testcase classname="frdm_k64f:kernel.common.misra" name="kernel.common.misra.sys_put_le64" time="6.750617" /><testcase classname="frdm_k64f:kernel.common.misra" name="kernel.common.misra.atomic" time="6.750617" /><testcase classname="frdm_k64f:kernel.common.misra" name="kernel.common.misra.bitfield" time="6.750617"><skipped message="Skipped" type="skipped" /></testcase><testcase classname="frdm_k64f:kernel.common.misra" name="kernel.common.misra.printk" time="6.750617" /><testcase classname="frdm_k64f:kernel.common.misra" name="kernel.common.misra.timeout_order" time="6.750617" /><testcase classname="frdm_k64f:kernel.common.misra" name="kernel.common.misra.clock_uptime" time="6.750617" /><testcase classname="frdm_k64f:kernel.common.misra" name="kernel.common.misra.clock_cycle" time="6.750617" /><testcase classname="frdm_k64f:kernel.common.misra" name="kernel.common.misra.version" time="6.750617" /><testcase classname="frdm_k64f:kernel.common.misra" name="kernel.common.misra.multilib" time="6.750617" /><testcase classname="frdm_k64f:kernel.common.misra" name="kernel.common.misra.thread_context" time="6.750617" /><testcase classname="frdm_k64f:kernel.common.misra" name="kernel.common.misra.bounds_check_mitigation" time="6.750617" /><testcase classname="frdm_k64f:kernel.common" name="kernel.common.kernel_interrupts" time="8.963836" /><testcase classname="frdm_k64f:kernel.common" name="kernel.common.kernel_timer_interrupts" time="8.963836"><skipped message="Skipped" type="skipped" /></testcase><testcase classname="frdm_k64f:kernel.common" name="kernel.common.kernel_ctx_thread" time="8.963836" /><testcase classname="frdm_k64f:kernel.common" name="kernel.common.busy_wait" time="8.963836" /><testcase classname="frdm_k64f:kernel.common" name="kernel.common.k_sleep" time="8.963836" /><testcase classname="frdm_k64f:kernel.common" name="kernel.common.kernel_cpu_idle_atomic" time="8.963836"><skipped message="Skipped" type="skipped" /></testcase><testcase classname="frdm_k64f:kernel.common" name="kernel.common.kernel_cpu_idle" time="8.963836"><skipped message="Skipped" type="skipped" /></testcase><testcase classname="frdm_k64f:kernel.common" name="kernel.common.k_yield" time="8.963836" /><testcase classname="frdm_k64f:kernel.common" name="kernel.common.kernel_thread" time="8.963836" /><testcase classname="frdm_k64f:kernel.common.critical" name="kernel.common.critical.critical" time="23.642039" /><testcase classname="frdm_k64f:kernel.pipe.api" name="kernel.pipe.api.pipe_thread2thread" time="5.980511" /><testcase classname="frdm_k64f:kernel.pipe.api" name="kernel.pipe.api.pipe_user_thread2thread" time="5.980511" /><testcase classname="frdm_k64f:kernel.pipe.api" name="kernel.pipe.api.pipe_user_put_fail" time="5.980511" /><testcase classname="frdm_k64f:kernel.pipe.api" name="kernel.pipe.api.pipe_user_get_fail" time="5.980511" /><testcase classname="frdm_k64f:kernel.pipe.api" name="kernel.pipe.api.resource_pool_auto_free" time="5.980511" /><testcase classname="frdm_k64f:kernel.pipe.api" name="kernel.pipe.api.pipe_put_fail" time="5.980511" /><testcase classname="frdm_k64f:kernel.pipe.api" name="kernel.pipe.api.pipe_get_fail" time="5.980511" /><testcase classname="frdm_k64f:kernel.pipe.api" name="kernel.pipe.api.pipe_block_put" time="5.980511" /><testcase classname="frdm_k64f:kernel.pipe.api" name="kernel.pipe.api.pipe_block_put_sema" time="5.980511" /><testcase classname="frdm_k64f:kernel.pipe.api" name="kernel.pipe.api.pipe_get_put" time="5.980511" /><testcase classname="frdm_k64f:kernel.pipe.api" name="kernel.pipe.api.half_pipe_block_put_sema" time="5.980511" /><testcase classname="frdm_k64f:kernel.pipe.api" name="kernel.pipe.api.half_pipe_get_put" time="5.980511" /><testcase classname="frdm_k64f:kernel.pipe.api" name="kernel.pipe.api.half_pipe_saturating_block_put" time="5.980511" /><testcase classname="frdm_k64f:kernel.pipe.api" name="kernel.pipe.api.pipe_alloc" time="5.980511" /><testcase classname="frdm_k64f:kernel.pipe.api" name="kernel.pipe.api.pipe_reader_wait" time="5.980511" /><testcase classname="frdm_k64f:kernel.pipe.api" name="kernel.pipe.api.pipe_block_writer_wait" time="5.980511" /><testcase classname="frdm_k64f:kernel.pipe" name="kernel.pipe.pipe_on_single_elements" time="7.136379" /><testcase classname="frdm_k64f:kernel.pipe" name="kernel.pipe.pipe_on_multiple_elements" time="7.136379" /><testcase classname="frdm_k64f:kernel.pipe" name="kernel.pipe.pipe_forever_wait" time="7.136379" /><testcase classname="frdm_k64f:kernel.pipe" name="kernel.pipe.pipe_timeout" time="7.136379" /><testcase classname="frdm_k64f:kernel.pipe" name="kernel.pipe.pipe_get_on_empty_pipe" time="7.136379" /><testcase classname="frdm_k64f:kernel.pipe" name="kernel.pipe.pipe_forever_timeout" time="7.136379" /><testcase classname="frdm_k64f:kernel.pipe" name="kernel.pipe.pipe_get_timeout" time="7.136379" /><testcase classname="frdm_k64f:kernel.pipe" name="kernel.pipe.pipe_get_invalid_size" time="7.136379" /><testcase classname="frdm_k64f:kernel.queue" name="kernel.queue.queue_supv_to_user" time="6.185082" /><testcase classname="frdm_k64f:kernel.queue" name="kernel.queue.queue_alloc_prepend_user" time="6.185082" /><testcase classname="frdm_k64f:kernel.queue" name="kernel.queue.queue_alloc_append_user" time="6.185082" /><testcase classname="frdm_k64f:kernel.queue" name="kernel.queue.auto_free" time="6.185082" /><testcase classname="frdm_k64f:kernel.queue" name="kernel.queue.queue_thread2thread" time="6.185082" /><testcase classname="frdm_k64f:kernel.queue" name="kernel.queue.queue_thread2isr" time="6.185082" /><testcase classname="frdm_k64f:kernel.queue" name="kernel.queue.queue_isr2thread" time="6.185082" /><testcase classname="frdm_k64f:kernel.queue" name="kernel.queue.queue_get_2threads" time="6.185082" /><testcase classname="frdm_k64f:kernel.queue" name="kernel.queue.queue_get_fail" time="6.185082" /><testcase classname="frdm_k64f:kernel.queue" name="kernel.queue.queue_loop" time="6.185082" /><testcase classname="frdm_k64f:kernel.queue" name="kernel.queue.queue_alloc" time="6.185082" /><testcase classname="frdm_k64f:kernel.queue.poll" name="kernel.queue.poll.queue_supv_to_user" time="6.335412" /><testcase classname="frdm_k64f:kernel.queue.poll" name="kernel.queue.poll.queue_alloc_prepend_user" time="6.335412" /><testcase classname="frdm_k64f:kernel.queue.poll" name="kernel.queue.poll.queue_alloc_append_user" time="6.335412" /><testcase classname="frdm_k64f:kernel.queue.poll" name="kernel.queue.poll.auto_free" time="6.335412" /><testcase classname="frdm_k64f:kernel.queue.poll" name="kernel.queue.poll.queue_thread2thread" time="6.335412" /><testcase classname="frdm_k64f:kernel.queue.poll" name="kernel.queue.poll.queue_thread2isr" time="6.335412" /><testcase classname="frdm_k64f:kernel.queue.poll" name="kernel.queue.poll.queue_isr2thread" time="6.335412" /><testcase classname="frdm_k64f:kernel.queue.poll" name="kernel.queue.poll.queue_get_2threads" time="6.335412" /><testcase classname="frdm_k64f:kernel.queue.poll" name="kernel.queue.poll.queue_get_fail" time="6.335412" /><testcase classname="frdm_k64f:kernel.queue.poll" name="kernel.queue.poll.queue_loop" time="6.335412" /><testcase classname="frdm_k64f:kernel.queue.poll" name="kernel.queue.poll.queue_alloc" time="6.335412" /><testcase classname="frdm_k64f:kernel.threads.init" name="kernel.threads.init.kdefine_preempt_thread" time="9.542289" /><testcase classname="frdm_k64f:kernel.threads.init" name="kernel.threads.init.kdefine_coop_thread" time="9.542289" /><testcase classname="frdm_k64f:kernel.threads.init" name="kernel.threads.init.kinit_preempt_thread" time="9.542289" /><testcase classname="frdm_k64f:kernel.threads.init" name="kernel.threads.init.kinit_coop_thread" time="9.542289" /><testcase classname="frdm_k64f:kernel.threads.apis" name="kernel.threads.apis.threads_spawn_params" time="9.553375" /><testcase classname="frdm_k64f:kernel.threads.apis" name="kernel.threads.apis.threads_spawn_priority" time="9.553375" /><testcase classname="frdm_k64f:kernel.threads.apis" name="kernel.threads.apis.threads_spawn_delay" time="9.553375" /><testcase classname="frdm_k64f:kernel.threads.apis" name="kernel.threads.apis.threads_spawn_forever" time="9.553375" /><testcase classname="frdm_k64f:kernel.threads.apis" name="kernel.threads.apis.thread_start" time="9.553375" /><testcase classname="frdm_k64f:kernel.threads.apis" name="kernel.threads.apis.threads_suspend_resume_cooperative" time="9.553375" /><testcase classname="frdm_k64f:kernel.threads.apis" name="kernel.threads.apis.threads_suspend_resume_preemptible" time="9.553375" /><testcase classname="frdm_k64f:kernel.threads.apis" name="kernel.threads.apis.threads_priority_set" time="9.553375" /><testcase classname="frdm_k64f:kernel.threads.apis" name="kernel.threads.apis.threads_abort_self" time="9.553375" /><testcase classname="frdm_k64f:kernel.threads.apis" name="kernel.threads.apis.threads_abort_others" time="9.553375" /><testcase classname="frdm_k64f:kernel.threads.apis" name="kernel.threads.apis.threads_abort_repeat" time="9.553375" /><testcase classname="frdm_k64f:kernel.threads.apis" name="kernel.threads.apis.abort_handler" time="9.553375" /><testcase classname="frdm_k64f:kernel.threads.apis" name="kernel.threads.apis.delayed_thread_abort" time="9.553375" /><testcase classname="frdm_k64f:kernel.threads.apis" name="kernel.threads.apis.essential_thread_operation" time="9.553375" /><testcase classname="frdm_k64f:kernel.threads.apis" name="kernel.threads.apis.systhreads_main" time="9.553375" /><testcase classname="frdm_k64f:kernel.threads.apis" name="kernel.threads.apis.systhreads_idle" time="9.553375" /><testcase classname="frdm_k64f:kernel.threads.apis" name="kernel.threads.apis.customdata_get_set_coop" time="9.553375" /><testcase classname="frdm_k64f:kernel.threads.apis" name="kernel.threads.apis.customdata_get_set_preempt" time="9.553375" /><testcase classname="frdm_k64f:kernel.threads.apis" name="kernel.threads.apis.k_thread_foreach" time="9.553375" /><testcase classname="frdm_k64f:kernel.threads.apis" name="kernel.threads.apis.thread_name_get_set" time="9.553375" /><testcase classname="frdm_k64f:kernel.threads.apis" name="kernel.threads.apis.thread_name_user_get_set" time="9.553375" /><testcase classname="frdm_k64f:kernel.threads.apis" name="kernel.threads.apis.user_mode" time="9.553375"><skipped message="Skipped" type="skipped" /></testcase><testcase classname="frdm_k64f:kernel.threads.apis" name="kernel.threads.apis.threads_cpu_mask" time="9.553375" /><testcase classname="frdm_k64f:kernel.threads.apis" name="kernel.threads.apis.threads_suspend_timeout" time="9.553375" /><testcase classname="frdm_k64f:kernel.threads.apis" name="kernel.threads.apis.threads_suspend" time="9.553375" /><testcase classname="frdm_k64f:kernel.threads.dynamic" name="kernel.threads.dynamic.kernel_create_dyn_user_thread" time="6.121065" /><testcase classname="frdm_k64f:kernel.threads.dynamic" name="kernel.threads.dynamic.user_create_dyn_user_thread" time="6.121065" /><testcase classname="frdm_k64f:kernel.threads.dynamic" name="kernel.threads.dynamic.dyn_thread_perms" time="6.121065" /><testcase classname="frdm_k64f:kernel.threads.dynamic" name="kernel.threads.dynamic.thread_index_management" time="6.121065" /><testcase classname="frdm_k64f:kernel.memory_slabs.concept" name="kernel.memory_slabs.concept.mslab_alloc_wait_prio" time="5.475795" /><testcase classname="frdm_k64f:kernel.memory_slabs.threadsafe" name="kernel.memory_slabs.threadsafe.mslab_threadsafe" time="3.193212" /><testcase classname="frdm_k64f:kernel.memory_slabs.api" name="kernel.memory_slabs.api.mslab" time="3.199833" /><testcase classname="frdm_k64f:kernel.memory_slabs.api" name="kernel.memory_slabs.api.mslab_kinit" time="9.115027" /><testcase classname="frdm_k64f:kernel.memory_slabs.api" name="kernel.memory_slabs.api.mslab_kdefine" time="9.115027" /><testcase classname="frdm_k64f:kernel.memory_slabs.api" name="kernel.memory_slabs.api.mslab_kdefine_extern" time="9.115027" /><testcase classname="frdm_k64f:kernel.memory_slabs.api" name="kernel.memory_slabs.api.mslab_alloc_free_thread" time="9.115027" /><testcase classname="frdm_k64f:kernel.memory_slabs.api" name="kernel.memory_slabs.api.mslab_alloc_align" time="9.115027" /><testcase classname="frdm_k64f:kernel.memory_slabs.api" name="kernel.memory_slabs.api.mslab_alloc_timeout" time="9.115027" /><testcase classname="frdm_k64f:kernel.memory_slabs.api" name="kernel.memory_slabs.api.mslab_used_get" time="9.115027" /><testcase classname="frdm_k64f:testing.ztest.verbose_0" name="testing.ztest.verbose_0.empty_test" time="2.998113" /><testcase classname="frdm_k64f:testing.ztest.verbose_0" name="testing.ztest.verbose_0.assert_tests" time="2.998113" /><testcase classname="frdm_k64f:testing.ztest.verbose_0" name="testing.ztest.verbose_0.assert_mem_equal" time="2.998113" /><testcase classname="frdm_k64f:testing.ztest.verbose_1" name="testing.ztest.verbose_1.empty_test" time="3.223188" /><testcase classname="frdm_k64f:testing.ztest.verbose_1" name="testing.ztest.verbose_1.assert_tests" time="3.223188" /><testcase classname="frdm_k64f:testing.ztest.verbose_1" name="testing.ztest.verbose_1.assert_mem_equal" time="3.223188" /><testcase classname="frdm_k64f:testing.ztest.verbose_2" name="testing.ztest.verbose_2.empty_test" time="3.289880" /><testcase classname="frdm_k64f:testing.ztest.verbose_2" name="testing.ztest.verbose_2.assert_tests" time="3.289880" /><testcase classname="frdm_k64f:testing.ztest.verbose_2" name="testing.ztest.verbose_2.assert_mem_equal" time="3.289880" /><testcase classname="frdm_k64f:testing.ztest.regular_output" name="testing.ztest.regular_output.assert_pass" time="2.931196" /><testcase classname="frdm_k64f:testing.ztest.regular_output" name="testing.ztest.regular_output.assert_skip" time="2.931196"><skipped message="Skipped" type="skipped" /></testcase><testcase classname="frdm_k64f:drivers.gpio.2pin" name="drivers.gpio.2pin" time="64.831748"><failure message="failed" type="failure">*** Booting Zephyr OS build zephyr-v2.2.0-273-g350dc0601d15  ***
Running test suite gpio_basic_test
===================================================================
starting test - test_gpio_port
Validate device GPIO_2
Check GPIO_2 output 16 connected to input 17
FATAL output pin not wired to input pin? (out high =&gt; in low)
</failure></testcase><testcase classname="frdm_k64f:drivers.gpio.2pin" name="drivers.gpio.2pin.gpio_port" time="64.831748"><error message="failed" type="failure">*** Booting Zephyr OS build zephyr-v2.2.0-273-g350dc0601d15  ***
Running test suite gpio_basic_test
===================================================================
starting test - test_gpio_port
Validate device GPIO_2
Check GPIO_2 output 16 connected to input 17
FATAL output pin not wired to input pin? (out high =&gt; in low)
</error></testcase><testcase classname="frdm_k64f:drivers.gpio.2pin" name="drivers.gpio.2pin.gpio_callback_add_remove" time="64.831748"><error message="failed" type="failure">*** Booting Zephyr OS build zephyr-v2.2.0-273-g350dc0601d15  ***
Running test suite gpio_basic_test
===================================================================
starting test - test_gpio_port
Validate device GPIO_2
Check GPIO_2 output 16 connected to input 17
FATAL output pin not wired to input pin? (out high =&gt; in low)
</error></testcase><testcase classname="frdm_k64f:drivers.gpio.2pin" name="drivers.gpio.2pin.gpio_callback_self_remove" time="64.831748"><error message="failed" type="failure">*** Booting Zephyr OS build zephyr-v2.2.0-273-g350dc0601d15  ***
Running test suite gpio_basic_test
===================================================================
starting test - test_gpio_port
Validate device GPIO_2
Check GPIO_2 output 16 connected to input 17
FATAL output pin not wired to input pin? (out high =&gt; in low)
</error></testcase><testcase classname="frdm_k64f:drivers.gpio.2pin" name="drivers.gpio.2pin.gpio_callback_enable_disable" time="64.831748"><error message="failed" type="failure">*** Booting Zephyr OS build zephyr-v2.2.0-273-g350dc0601d15  ***
Running test suite gpio_basic_test
===================================================================
starting test - test_gpio_port
Validate device GPIO_2
Check GPIO_2 output 16 connected to input 17
FATAL output pin not wired to input pin? (out high =&gt; in low)
</error></testcase><testcase classname="frdm_k64f:drivers.gpio.2pin" name="drivers.gpio.2pin.gpio_callback_variants" time="64.831748"><error message="failed" type="failure">*** Booting Zephyr OS build zephyr-v2.2.0-273-g350dc0601d15  ***
Running test suite gpio_basic_test
===================================================================
starting test - test_gpio_port
Validate device GPIO_2
Check GPIO_2 output 16 connected to input 17
FATAL output pin not wired to input pin? (out high =&gt; in low)
</error></testcase><testcase classname="frdm_k64f:drivers.gpio.2pin" name="drivers.gpio.2pin.gpio_deprecated" time="64.831748"><error message="failed" type="failure">*** Booting Zephyr OS build zephyr-v2.2.0-273-g350dc0601d15  ***
Running test suite gpio_basic_test
===================================================================
starting test - test_gpio_port
Validate device GPIO_2
Check GPIO_2 output 16 connected to input 17
FATAL output pin not wired to input pin? (out high =&gt; in low)
</error></testcase><testcase classname="frdm_k64f:drivers.adc" name="drivers.adc.adc_sample_one_channel" time="6.572440" /><testcase classname="frdm_k64f:drivers.adc" name="drivers.adc.adc_sample_two_channels" time="6.572440"><skipped message="Skipped" type="skipped" /></testcase><testcase classname="frdm_k64f:drivers.adc" name="drivers.adc.adc_asynchronous_call" time="6.572440" /><testcase classname="frdm_k64f:drivers.adc" name="drivers.adc.adc_sample_with_interval" time="6.572440" /><testcase classname="frdm_k64f:drivers.adc" name="drivers.adc.adc_repeated_samplings" time="6.572440" /><testcase classname="frdm_k64f:drivers.adc" name="drivers.adc.adc_invalid_request" time="6.572440" /><testcase classname="frdm_k64f:drivers.counter" name="drivers.counter.set_top_value_with_alarm" time="328.074218" /><testcase classname="frdm_k64f:drivers.counter" name="drivers.counter.single_shot_alarm_notop" time="328.074218" /><testcase classname="frdm_k64f:drivers.counter" name="drivers.counter.single_shot_alarm_top" time="328.074218" /><testcase classname="frdm_k64f:drivers.counter" name="drivers.counter.multiple_alarms" time="328.074218" /><testcase classname="frdm_k64f:drivers.counter" name="drivers.counter.all_channels" time="328.074218" /><testcase classname="frdm_k64f:drivers.counter" name="drivers.counter.late_alarm" time="328.074218" /><testcase classname="frdm_k64f:drivers.counter" name="drivers.counter.late_alarm_error" time="328.074218" /><testcase classname="frdm_k64f:drivers.counter" name="drivers.counter.short_relative_alarm" time="328.074218" /><testcase classname="frdm_k64f:drivers.counter" name="drivers.counter.cancelled_alarm_does_not_expire" time="328.074218" /><testcase classname="frdm_k64f:drivers.counter" name="drivers.counter.set_top_value_without_alarm" time="328.074218" /><testcase classname="frdm_k64f:drivers.pwm" name="drivers.pwm.pwm_usec" time="11.506247" /><testcase classname="frdm_k64f:drivers.pwm" name="drivers.pwm.pwm_nsec" time="11.506247" /><testcase classname="frdm_k64f:drivers.pwm" name="drivers.pwm.pwm_cycle" time="11.506247" /><testcase classname="frdm_k64f:drivers.entropy" name="drivers.entropy.entropy_get_entropy" time="3.371943" /><testcase classname="frdm_k64f:drivers.can.stm32" name="drivers.can.stm32.filter_handling" time="3.716580" /><testcase classname="frdm_k64f:drivers.can" name="drivers.can.set_loopback" time="4.442040" /><testcase classname="frdm_k64f:drivers.can" name="drivers.can.send_and_forget" time="4.442040" /><testcase classname="frdm_k64f:drivers.can" name="drivers.can.filter_attach" time="4.442040" /><testcase classname="frdm_k64f:drivers.can" name="drivers.can.receive_timeout" time="4.442040" /><testcase classname="frdm_k64f:drivers.can" name="drivers.can.send_callback" time="4.442040" /><testcase classname="frdm_k64f:drivers.can" name="drivers.can.send_receive_std" time="4.442040" /><testcase classname="frdm_k64f:drivers.can" name="drivers.can.send_receive_ext" time="4.442040" /><testcase classname="frdm_k64f:drivers.can" name="drivers.can.send_receive_std_masked" time="4.442040" /><testcase classname="frdm_k64f:drivers.can" name="drivers.can.send_receive_ext_masked" time="4.442040" /><testcase classname="frdm_k64f:drivers.can" name="drivers.can.send_receive_buffer" time="4.442040" /><testcase classname="frdm_k64f:drivers.can" name="drivers.can.send_receive_wrong_id" time="4.442040" /><testcase classname="frdm_k64f:drivers.can" name="drivers.can.send_invalid_dlc" time="4.442040" /><testcase classname="frdm_k64f:drivers.watchdog" name="drivers.watchdog.wdt" time="7.310816" /><testcase classname="frdm_k64f:drivers.device_id" name="drivers.device_id.device_id_get" time="3.197174" /><testcase classname="frdm_k64f:drivers.device_id" name="drivers.device_id.device_id_enotsup" time="3.197174" /><testcase classname="frdm_k64f:net.icmpv6" name="net.icmpv6.icmpv4" time="4.855518" /><testcase classname="frdm_k64f:net.ipv6.fragment" name="net.ipv6.fragment.setup" time="6.108522" /><testcase classname="frdm_k64f:net.ipv6.fragment" name="net.ipv6.fragment.find_last_ipv6_fragment_udp" time="6.108522" /><testcase classname="frdm_k64f:net.ipv6.fragment" name="net.ipv6.fragment.find_last_ipv6_fragment_hbho_udp" time="6.108522" /><testcase classname="frdm_k64f:net.ipv6.fragment" name="net.ipv6.fragment.find_last_ipv6_fragment_hbho_1" time="6.108522" /><testcase classname="frdm_k64f:net.ipv6.fragment" name="net.ipv6.fragment.find_last_ipv6_fragment_hbho_2" time="6.108522" /><testcase classname="frdm_k64f:net.ipv6.fragment" name="net.ipv6.fragment.find_last_ipv6_fragment_hbho_3" time="6.108522" /><testcase classname="frdm_k64f:net.ipv6.fragment" name="net.ipv6.fragment.find_last_ipv6_fragment_hbho_frag" time="6.108522" /><testcase classname="frdm_k64f:net.ipv6.fragment" name="net.ipv6.fragment.find_last_ipv6_fragment_hbho_frag_1" time="6.108522" /><testcase classname="frdm_k64f:net.ipv6.fragment" name="net.ipv6.fragment.send_ipv6_fragment" time="6.108522" /><testcase classname="frdm_k64f:net.ipv6.fragment" name="net.ipv6.fragment.send_ipv6_fragment_large_hbho" time="6.108522" /><testcase classname="frdm_k64f:net.ipv6.fragment" name="net.ipv6.fragment.send_ipv6_fragment_without_hbho" time="6.108522" /><testcase classname="frdm_k64f:net.ipv6.fragment" name="net.ipv6.fragment.recv_ipv6_fragment" time="6.108522" /><testcase classname="frdm_k64f:net.mld" name="net.mld.allnodes" time="6.012766" /><testcase classname="frdm_k64f:net.mld" name="net.mld.solicit_node" time="6.012766" /><testcase classname="frdm_k64f:net.mqtt.packet" name="net.mqtt.packet.mqtt_packet" time="8.161011" /><testcase classname="frdm_k64f:net.dns.addremove" name="net.dns.addremove.init" time="16.085283" /><testcase classname="frdm_k64f:net.dns.addremove.no_ipv6" name="net.dns.addremove.no_ipv6.init" time="10.061458" /><testcase classname="frdm_k64f:net.dns.no_ipv4" name="net.dns.no_ipv4.init" time="10.478533" /><testcase classname="frdm_k64f:net.coap.simple" name="net.coap.simple.build_empty_pdu" time="6.085940" /><testcase classname="frdm_k64f:net.coap.simple" name="net.coap.simple.build_simple_pdu" time="6.085940" /><testcase classname="frdm_k64f:net.coap.simple" name="net.coap.simple.parse_empty_pdu" time="6.085940" /><testcase classname="frdm_k64f:net.coap.simple" name="net.coap.simple.parse_empty_pdu_1" time="6.085940" /><testcase classname="frdm_k64f:net.coap.simple" name="net.coap.simple.parse_simple_pdu" time="6.085940" /><testcase classname="frdm_k64f:net.coap.simple" name="net.coap.simple.parse_malformed_opt" time="6.085940" /><testcase classname="frdm_k64f:net.coap.simple" name="net.coap.simple.parse_malformed_opt_len" time="6.085940" /><testcase classname="frdm_k64f:net.coap.simple" name="net.coap.simple.parse_malformed_opt_ext" time="6.085940" /><testcase classname="frdm_k64f:net.coap.simple" name="net.coap.simple.parse_malformed_opt_len_ext" time="6.085940" /><testcase classname="frdm_k64f:net.coap.simple" name="net.coap.simple.parse_malformed_marker" time="6.085940" /><testcase classname="frdm_k64f:net.coap.simple" name="net.coap.simple.match_path_uri" time="6.085940" /><testcase classname="frdm_k64f:net.coap.simple" name="net.coap.simple.block1_size" time="6.085940" /><testcase classname="frdm_k64f:net.coap.simple" name="net.coap.simple.block2_size" time="6.085940" /><testcase classname="frdm_k64f:net.coap.simple" name="net.coap.simple.retransmit_second_round" time="6.085940" /><testcase classname="frdm_k64f:net.coap.simple" name="net.coap.simple.observer_server" time="6.085940" /><testcase classname="frdm_k64f:net.coap.simple" name="net.coap.simple.observer_client" time="6.085940" /><testcase classname="frdm_k64f:net.tls_credentials" name="net.tls_credentials.credential_add" time="5.346727" /><testcase classname="frdm_k64f:net.tls_credentials" name="net.tls_credentials.credential_get" time="5.346727" /><testcase classname="frdm_k64f:net.tls_credentials" name="net.tls_credentials.credential_internal_iterate" time="5.346727" /><testcase classname="frdm_k64f:net.tls_credentials" name="net.tls_credentials.credential_delete" time="5.346727" /><testcase classname="frdm_k64f:net.dns" name="net.dns.dns_query" time="5.429244" /><testcase classname="frdm_k64f:net.dns" name="net.dns.dns_response" time="5.429244" /><testcase classname="frdm_k64f:net.dns" name="net.dns.dns_response2" time="5.429244" /><testcase classname="frdm_k64f:net.dns" name="net.dns.mdns_query" time="5.429244" /><testcase classname="frdm_k64f:net.dns" name="net.dns.mdns_response" time="5.429244" /><testcase classname="frdm_k64f:net.http" name="net.http.preserve_data" time="6.028205" /><testcase classname="frdm_k64f:net.http" name="net.http.parse_url" time="6.028205" /><testcase classname="frdm_k64f:net.http" name="net.http.method_str" time="6.028205" /><testcase classname="frdm_k64f:net.http" name="net.http.header_nread_value" time="6.028205" /><testcase classname="frdm_k64f:net.http" name="net.http.http_header_fields" time="6.028205" /><testcase classname="frdm_k64f:net.dns.resolve" name="net.dns.resolve.init" time="7.414718" /><testcase classname="frdm_k64f:net.dns.resolve.no_ipv6" name="net.dns.resolve.no_ipv6.init" time="6.978432" /><testcase classname="frdm_k64f:net.buf" name="net.buf.net_buf_1" time="61.222926"><error message="failed" type="failure" /></testcase><testcase classname="frdm_k64f:net.buf" name="net.buf.net_buf_2" time="61.222926"><error message="failed" type="failure" /></testcase><testcase classname="frdm_k64f:net.buf" name="net.buf.net_buf_3" time="61.222926"><error message="failed" type="failure" /></testcase><testcase classname="frdm_k64f:net.buf" name="net.buf.net_buf_4" time="61.222926"><error message="failed" type="failure" /></testcase><testcase classname="frdm_k64f:net.buf" name="net.buf.net_buf_big_buf" time="61.222926"><error message="failed" type="failure" /></testcase><testcase classname="frdm_k64f:net.buf" name="net.buf.net_buf_multi_frags" time="61.222926"><error message="failed" type="failure" /></testcase><testcase classname="frdm_k64f:net.buf" name="net.buf.net_buf_clone" time="61.222926"><error message="failed" type="failure" /></testcase><testcase classname="frdm_k64f:net.buf" name="net.buf.net_buf_fixed_pool" time="61.222926"><error message="failed" type="failure" /></testcase><testcase classname="frdm_k64f:net.buf" name="net.buf.net_buf_var_pool" time="61.222926"><error message="failed" type="failure" /></testcase><testcase classname="frdm_k64f:net.buf" name="net.buf.net_buf_byte_order" time="61.222926"><error message="failed" type="failure" /></testcase><testcase classname="frdm_k64f:net.vlan" name="net.vlan.vlan_setup" time="5.826290" /><testcase classname="frdm_k64f:net.vlan" name="net.vlan.address_setup" time="5.826290" /><testcase classname="frdm_k64f:net.vlan" name="net.vlan.vlan_tci" time="5.826290" /><testcase classname="frdm_k64f:net.vlan" name="net.vlan.vlan_enable" time="5.826290" /><testcase classname="frdm_k64f:net.vlan" name="net.vlan.vlan_disable" time="5.826290" /><testcase classname="frdm_k64f:net.vlan" name="net.vlan.vlan_enable_all" time="5.826290" /><testcase classname="frdm_k64f:net.vlan" name="net.vlan.vlan_disable_all" time="5.826290" /><testcase classname="frdm_k64f:net.vlan" name="net.vlan.vlan_send_data" time="5.826290" /><testcase classname="frdm_k64f:net.util" name="net.util.net_addr" time="7.764598" /><testcase classname="frdm_k64f:net.util" name="net.util.addr_parse" time="7.764598" /><testcase classname="frdm_k64f:net.packet" name="net.packet.net_pkt_allocate_wo_buffer" time="5.570022" /><testcase classname="frdm_k64f:net.packet" name="net.packet.net_pkt_allocate_with_buffer" time="5.570022" /><testcase classname="frdm_k64f:net.packet" name="net.packet.net_pkt_basics_of_rw" time="5.570022" /><testcase classname="frdm_k64f:net.packet" name="net.packet.net_pkt_advanced_basics" time="5.570022" /><testcase classname="frdm_k64f:net.packet" name="net.packet.net_pkt_easier_rw_usage" time="5.570022" /><testcase classname="frdm_k64f:net.packet" name="net.packet.net_pkt_copy" time="5.570022" /><testcase classname="frdm_k64f:net.packet" name="net.packet.net_pkt_pull" time="5.570022" /><testcase classname="frdm_k64f:net.packet" name="net.packet.net_pkt_clone" time="5.570022" /><testcase classname="frdm_k64f:net.packet.large_buffer" name="net.packet.large_buffer.net_pkt_allocate_wo_buffer" time="4.861766" /><testcase classname="frdm_k64f:net.packet.large_buffer" name="net.packet.large_buffer.net_pkt_allocate_with_buffer" time="4.861766" /><testcase classname="frdm_k64f:net.packet.large_buffer" name="net.packet.large_buffer.net_pkt_basics_of_rw" time="4.861766" /><testcase classname="frdm_k64f:net.packet.large_buffer" name="net.packet.large_buffer.net_pkt_advanced_basics" time="4.861766" /><testcase classname="frdm_k64f:net.packet.large_buffer" name="net.packet.large_buffer.net_pkt_easier_rw_usage" time="4.861766" /><testcase classname="frdm_k64f:net.packet.large_buffer" name="net.packet.large_buffer.net_pkt_copy" time="4.861766" /><testcase classname="frdm_k64f:net.packet.large_buffer" name="net.packet.large_buffer.net_pkt_pull" time="4.861766" /><testcase classname="frdm_k64f:net.packet.large_buffer" name="net.packet.large_buffer.net_pkt_clone" time="4.861766" /><testcase classname="frdm_k64f:net.trickle" name="net.trickle.init" time="5.893031" /><testcase classname="frdm_k64f:net.trickle" name="net.trickle.trickle_create" time="5.893031" /><testcase classname="frdm_k64f:net.trickle" name="net.trickle.trickle_start" time="5.893031" /><testcase classname="frdm_k64f:net.trickle" name="net.trickle.trickle_1_status" time="5.893031" /><testcase classname="frdm_k64f:net.trickle" name="net.trickle.trickle_2_status" time="5.893031" /><testcase classname="frdm_k64f:net.trickle" name="net.trickle.trickle_1_wait" time="5.893031" /><testcase classname="frdm_k64f:net.trickle" name="net.trickle.trickle_2_wait" time="5.893031" /><testcase classname="frdm_k64f:net.trickle" name="net.trickle.trickle_1_update" time="5.893031" /><testcase classname="frdm_k64f:net.trickle" name="net.trickle.trickle_2_inc" time="5.893031" /><testcase classname="frdm_k64f:net.trickle" name="net.trickle.trickle_1_wait_long" time="5.893031"><skipped message="Skipped" type="skipped" /></testcase><testcase classname="frdm_k64f:net.trickle" name="net.trickle.trickle_stop" time="5.893031" /><testcase classname="frdm_k64f:net.trickle" name="net.trickle.trickle_1_stopped" time="5.893031" /><testcase classname="frdm_k64f:net.icmpv6" name="net.icmpv6.icmpv6" time="6.150181" /><testcase classname="frdm_k64f:net.neighbour" name="net.neighbour.neighbor" time="5.907054" /><testcase classname="frdm_k64f:net.arp" name="net.arp.arp" time="4.757648" /><testcase classname="frdm_k64f:net.ip-addr" name="net.ip-addr.ip_addresses" time="5.723477" /><testcase classname="frdm_k64f:net.ip-addr" name="net.ip-addr.ipv6_addresses" time="5.723477" /><testcase classname="frdm_k64f:net.ip-addr" name="net.ip-addr.ipv4_addresses" time="5.723477" /><testcase classname="frdm_k64f:net.ethernet_mgmt" name="net.ethernet_mgmt.change_mac_when_up" time="5.174768" /><testcase classname="frdm_k64f:net.ethernet_mgmt" name="net.ethernet_mgmt.change_mac_when_down" time="5.174768" /><testcase classname="frdm_k64f:net.ethernet_mgmt" name="net.ethernet_mgmt.change_auto_neg" time="5.174768" /><testcase classname="frdm_k64f:net.ethernet_mgmt" name="net.ethernet_mgmt.change_to_same_auto_neg" time="5.174768" /><testcase classname="frdm_k64f:net.ethernet_mgmt" name="net.ethernet_mgmt.change_link" time="5.174768" /><testcase classname="frdm_k64f:net.ethernet_mgmt" name="net.ethernet_mgmt.change_same_link" time="5.174768" /><testcase classname="frdm_k64f:net.ethernet_mgmt" name="net.ethernet_mgmt.change_unsupported_link" time="5.174768" /><testcase classname="frdm_k64f:net.ethernet_mgmt" name="net.ethernet_mgmt.change_duplex" time="5.174768" /><testcase classname="frdm_k64f:net.ethernet_mgmt" name="net.ethernet_mgmt.change_same_duplex" time="5.174768" /><testcase classname="frdm_k64f:net.ethernet_mgmt" name="net.ethernet_mgmt.change_qav_params" time="5.174768" /><testcase classname="frdm_k64f:net.ethernet_mgmt" name="net.ethernet_mgmt.change_promisc_mode_on" time="5.174768" /><testcase classname="frdm_k64f:net.ethernet_mgmt" name="net.ethernet_mgmt.change_to_same_promisc_mode" time="5.174768" /><testcase classname="frdm_k64f:net.ethernet_mgmt" name="net.ethernet_mgmt.change_promisc_mode_off" time="5.174768" /><testcase classname="frdm_k64f:net.route" name="net.route.init" time="6.138570" /><testcase classname="frdm_k64f:net.context" name="net.context.init" time="10.501998" /><testcase classname="frdm_k64f:net.socket.packet" name="net.socket.packet.packet_sockets" time="6.573269" /><testcase classname="frdm_k64f:net.socket.websocket" name="net.socket.websocket.recv_1_byte" time="8.400026" /><testcase classname="frdm_k64f:net.socket.websocket" name="net.socket.websocket.recv_2_byte" time="8.400026" /><testcase classname="frdm_k64f:net.socket.websocket" name="net.socket.websocket.recv_3_byte" time="8.400026" /><testcase classname="frdm_k64f:net.socket.websocket" name="net.socket.websocket.recv_6_byte" time="8.400026" /><testcase classname="frdm_k64f:net.socket.websocket" name="net.socket.websocket.recv_7_byte" time="8.400026" /><testcase classname="frdm_k64f:net.socket.websocket" name="net.socket.websocket.recv_8_byte" time="8.400026" /><testcase classname="frdm_k64f:net.socket.websocket" name="net.socket.websocket.recv_9_byte" time="8.400026" /><testcase classname="frdm_k64f:net.socket.websocket" name="net.socket.websocket.recv_10_byte" time="8.400026" /><testcase classname="frdm_k64f:net.socket.websocket" name="net.socket.websocket.recv_12_byte" time="8.400026" /><testcase classname="frdm_k64f:net.socket.websocket" name="net.socket.websocket.recv_whole_msg" time="8.400026" /><testcase classname="frdm_k64f:net.socket.websocket" name="net.socket.websocket.recv_two_msg" time="8.400026" /><testcase classname="frdm_k64f:net.socket.websocket" name="net.socket.websocket.send_and_recv_lorem_ipsum" time="8.400026" /><testcase classname="frdm_k64f:net.socket.websocket" name="net.socket.websocket.recv_two_large_split_msg" time="8.400026" /><testcase classname="frdm_k64f:net.socket.select" name="net.socket.select.fd_set" time="11.404413" /><testcase classname="frdm_k64f:net.socket.select" name="net.socket.select.select" time="11.404413" /><testcase classname="frdm_k64f:net.socket.tcp" name="net.socket.tcp.v4_send_recv" time="25.103394" /><testcase classname="frdm_k64f:net.socket.tcp" name="net.socket.tcp.v6_send_recv" time="25.103394" /><testcase classname="frdm_k64f:net.socket.tcp" name="net.socket.tcp.v4_sendto_recvfrom" time="25.103394" /><testcase classname="frdm_k64f:net.socket.tcp" name="net.socket.tcp.v6_sendto_recvfrom" time="25.103394" /><testcase classname="frdm_k64f:net.socket.tcp" name="net.socket.tcp.v4_sendto_recvfrom_null_dest" time="25.103394" /><testcase classname="frdm_k64f:net.socket.tcp" name="net.socket.tcp.v6_sendto_recvfrom_null_dest" time="25.103394" /><testcase classname="frdm_k64f:net.socket.tcp" name="net.socket.tcp.open_close_immediately" time="25.103394" /><testcase classname="frdm_k64f:net.socket.tcp" name="net.socket.tcp.v4_accept_timeout" time="25.103394" /><testcase classname="frdm_k64f:net.socket.misc" name="net.socket.misc.gethostname" time="11.502389" /><testcase classname="frdm_k64f:net.socket.misc" name="net.socket.misc.inet_pton" time="11.502389" /><testcase classname="frdm_k64f:net.socket.poll" name="net.socket.poll.poll" time="10.018272" /><testcase classname="frdm_k64f:net.socket.mgmt" name="net.socket.mgmt.net_mgmt_setup" time="9.525326" /><testcase classname="frdm_k64f:net.socket.mgmt" name="net.socket.mgmt.net_mgmt_catch_kernel" time="9.525326" /><testcase classname="frdm_k64f:net.socket.mgmt" name="net.socket.mgmt.net_mgmt_catch_user" time="9.525326" /><testcase classname="frdm_k64f:net.socket.mgmt" name="net.socket.mgmt.net_mgmt_cleanup" time="9.525326" /><testcase classname="frdm_k64f:net.socket.mgmt" name="net.socket.mgmt.ethernet_set_qav_kernel" time="9.525326" /><testcase classname="frdm_k64f:net.socket.mgmt" name="net.socket.mgmt.ethernet_set_qav_user" time="9.525326" /><testcase classname="frdm_k64f:net.socket.mgmt" name="net.socket.mgmt.ethernet_get_qav_kernel" time="9.525326" /><testcase classname="frdm_k64f:net.socket.mgmt" name="net.socket.mgmt.ethernet_get_qav_user" time="9.525326" /><testcase classname="frdm_k64f:net.socket.mgmt" name="net.socket.mgmt.ethernet_get_unknown_opt_kernel" time="9.525326" /><testcase classname="frdm_k64f:net.socket.mgmt" name="net.socket.mgmt.ethernet_get_unknown_opt_user" time="9.525326" /><testcase classname="frdm_k64f:net.socket.mgmt" name="net.socket.mgmt.ethernet_set_unknown_opt_kernel" time="9.525326" /><testcase classname="frdm_k64f:net.socket.mgmt" name="net.socket.mgmt.ethernet_set_unknown_opt_user" time="9.525326" /><testcase classname="frdm_k64f:net.socket.register" name="net.socket.register.create_sockets" time="5.905559" /><testcase classname="frdm_k64f:net.socket.register.tls" name="net.socket.register.tls.create_sockets" time="10.064461" /><testcase classname="frdm_k64f:net.socket.get_name_info" name="net.socket.get_name_info.getnameinfo_ipv4" time="13.007149" /><testcase classname="frdm_k64f:net.socket.get_name_info" name="net.socket.get_name_info.getnameinfo_ipv6" time="13.007149" /><testcase classname="frdm_k64f:net.socket.udp" name="net.socket.udp.send_recv_2_sock" time="12.062705" /><testcase classname="frdm_k64f:net.socket.udp" name="net.socket.udp.v4_sendto_recvfrom" time="12.062705" /><testcase classname="frdm_k64f:net.socket.udp" name="net.socket.udp.v6_sendto_recvfrom" time="12.062705" /><testcase classname="frdm_k64f:net.socket.udp" name="net.socket.udp.v4_bind_sendto" time="12.062705" /><testcase classname="frdm_k64f:net.socket.udp" name="net.socket.udp.v6_bind_sendto" time="12.062705" /><testcase classname="frdm_k64f:net.socket.udp" name="net.socket.udp.so_priority" time="12.062705" /><testcase classname="frdm_k64f:net.socket.udp" name="net.socket.udp.so_txtime" time="12.062705" /><testcase classname="frdm_k64f:net.socket.udp" name="net.socket.udp.v4_sendmsg_recvfrom" time="12.062705" /><testcase classname="frdm_k64f:net.socket.udp" name="net.socket.udp.v6_sendmsg_recvfrom" time="12.062705" /><testcase classname="frdm_k64f:net.socket.udp" name="net.socket.udp.v4_sendmsg_recvfrom_connected" time="12.062705" /><testcase classname="frdm_k64f:net.socket.udp" name="net.socket.udp.v6_sendmsg_recvfrom_connected" time="12.062705" /><testcase classname="frdm_k64f:net.socket.udp" name="net.socket.udp.v6_sendmsg_with_txtime" time="12.062705" /><testcase classname="frdm_k64f:net.socket.get_addr_info" name="net.socket.get_addr_info.getaddrinfo_setup" time="20.706018" /><testcase classname="frdm_k64f:net.socket.get_addr_info" name="net.socket.get_addr_info.getaddrinfo_ok" time="20.706018" /><testcase classname="frdm_k64f:net.socket.get_addr_info" name="net.socket.get_addr_info.getaddrinfo_cancelled" time="20.706018" /><testcase classname="frdm_k64f:net.socket.get_addr_info" name="net.socket.get_addr_info.getaddrinfo_no_host" time="20.706018" /><testcase classname="frdm_k64f:net.socket.get_addr_info" name="net.socket.get_addr_info.getaddrinfo_num_ipv4" time="20.706018" /><testcase classname="frdm_k64f:net.socket.get_addr_info" name="net.socket.get_addr_info.getaddrinfo_flags_numerichost" time="20.706018" /><testcase classname="frdm_k64f:net.socket.get_addr_info" name="net.socket.get_addr_info.getaddrinfo_ipv4_hints_ipv6" time="20.706018" /><testcase classname="frdm_k64f:net.socket.get_addr_info" name="net.socket.get_addr_info.getaddrinfo_ipv6_hints_ipv4" time="20.706018" /><testcase classname="frdm_k64f:net.management" name="net.management.mgmt" time="6.325140" /><testcase classname="frdm_k64f:net.ipv6" name="net.ipv6.init" time="9.451039" /><testcase classname="frdm_k64f:net.ipv6" name="net.ipv6.cmp_prefix" time="9.451039" /><testcase classname="frdm_k64f:net.ipv6" name="net.ipv6.nbr_lookup_fail" time="9.451039" /><testcase classname="frdm_k64f:net.ipv6" name="net.ipv6.add_neighbor" time="9.451039" /><testcase classname="frdm_k64f:net.ipv6" name="net.ipv6.add_max_neighbors" time="9.451039" /><testcase classname="frdm_k64f:net.ipv6" name="net.ipv6.nbr_lookup_ok" time="9.451039" /><testcase classname="frdm_k64f:net.ipv6" name="net.ipv6.send_ns_extra_options" time="9.451039" /><testcase classname="frdm_k64f:net.ipv6" name="net.ipv6.send_ns_no_options" time="9.451039" /><testcase classname="frdm_k64f:net.ipv6" name="net.ipv6.rs_message" time="9.451039" /><testcase classname="frdm_k64f:net.ipv6" name="net.ipv6.ra_message" time="9.451039" /><testcase classname="frdm_k64f:net.ipv6" name="net.ipv6.hbho_message" time="9.451039" /><testcase classname="frdm_k64f:net.ipv6" name="net.ipv6.hbho_message_1" time="9.451039" /><testcase classname="frdm_k64f:net.ipv6" name="net.ipv6.hbho_message_2" time="9.451039" /><testcase classname="frdm_k64f:net.ipv6" name="net.ipv6.hbho_message_3" time="9.451039" /><testcase classname="frdm_k64f:net.ipv6" name="net.ipv6.address_lifetime" time="9.451039" /><testcase classname="frdm_k64f:net.ipv6" name="net.ipv6.change_ll_addr" time="9.451039" /><testcase classname="frdm_k64f:net.ipv6" name="net.ipv6.prefix_timeout" time="9.451039" /><testcase classname="frdm_k64f:net.ipv6" name="net.ipv6.prefix_timeout_long" time="9.451039" /><testcase classname="frdm_k64f:net.ipv6" name="net.ipv6.dad_timeout" time="9.451039" /><testcase classname="frdm_k64f:net.ipv6" name="net.ipv6.src_localaddr_recv" time="9.451039" /><testcase classname="frdm_k64f:net.ipv6" name="net.ipv6.dst_localaddr_recv" time="9.451039" /><testcase classname="frdm_k64f:net.ipv6" name="net.ipv6.dst_iface_scope_mcast_recv" time="9.451039" /><testcase classname="frdm_k64f:net.ipv6" name="net.ipv6.dst_iface_scope_mcast_send" time="9.451039" /><testcase classname="frdm_k64f:net.ipv6" name="net.ipv6.dst_zero_scope_mcast_recv" time="9.451039" /><testcase classname="frdm_k64f:net.ipv6" name="net.ipv6.dst_site_scope_mcast_recv_drop" time="9.451039" /><testcase classname="frdm_k64f:net.ipv6" name="net.ipv6.dst_site_scope_mcast_recv_ok" time="9.451039" /><testcase classname="frdm_k64f:net.ipv6" name="net.ipv6.dst_org_scope_mcast_recv" time="9.451039" /><testcase classname="frdm_k64f:net.dhcp" name="net.dhcp.dhcp" time="6.424211" /><testcase classname="frdm_k64f:net.ptp.clock" name="net.ptp.clock.ptp_clock_interfaces" time="7.308203" /><testcase classname="frdm_k64f:net.ptp.clock" name="net.ptp.clock.ptp_clock_iface_1" time="7.308203" /><testcase classname="frdm_k64f:net.ptp.clock" name="net.ptp.clock.ptp_clock_iface_2" time="7.308203" /><testcase classname="frdm_k64f:net.ptp.clock" name="net.ptp.clock.ptp_clock_get_by_index" time="7.308203" /><testcase classname="frdm_k64f:net.ptp.clock" name="net.ptp.clock.ptp_clock_get_by_index_user" time="7.308203" /><testcase classname="frdm_k64f:net.ptp.clock" name="net.ptp.clock.ptp_clock_get_kernel" time="7.308203" /><testcase classname="frdm_k64f:net.ptp.clock" name="net.ptp.clock.ptp_clock_get_user" time="7.308203" /><testcase classname="frdm_k64f:net.shell" name="net.shell.setup" time="7.832004" /><testcase classname="frdm_k64f:net.shell" name="net.shell.net_shell" time="7.832004" /><testcase classname="frdm_k64f:net.6lo" name="net.6lo.loop" time="5.474573" /><testcase classname="frdm_k64f:net.udp" name="net.udp.udp" time="8.208960" /><testcase classname="frdm_k64f:crypto.rand32" name="crypto.rand32.rand32" time="3.194890" /><testcase classname="frdm_k64f:crypto.rand32.random_sw_systimer" name="crypto.rand32.random_sw_systimer.rand32" time="3.176653" /><testcase classname="frdm_k64f:crypto.rand32.random_hw_xoroshiro" name="crypto.rand32.random_hw_xoroshiro.rand32" time="3.198499" /><testcase classname="frdm_k64f:crypto.rand32.random_ctr_drbg" name="crypto.rand32.random_ctr_drbg.rand32" time="3.642238" /><testcase classname="frdm_k64f:crypto.mbedtls" name="crypto.mbedtls.mbedtls" time="18.948890" /><testcase classname="frdm_k64f:arch.arm.ramfunc" name="arch.arm.ramfunc.arm_ramfunc" time="61.498896"><error message="failed" type="failure" /></testcase><testcase classname="frdm_k64f:arch.interrupt.arm.irq_vector_table" name="arch.interrupt.arm.irq_vector_table.arm_irq_vector_table" time="2.873863" /><testcase classname="frdm_k64f:arch.arm.swap.common" name="arch.arm.swap.common.arm_thread_swap" time="5.867008" /><testcase classname="frdm_k64f:arch.arm.swap.common" name="arch.arm.swap.common.arm_syscalls" time="5.867008" /><testcase classname="frdm_k64f:arch.arm.swap.common.no_optimizations" name="arch.arm.swap.common.no_optimizations.arm_thread_swap" time="67.766200"><error message="failed" type="failure" /></testcase><testcase classname="frdm_k64f:arch.arm.swap.common.fp_sharing" name="arch.arm.swap.common.fp_sharing.arm_thread_swap" time="5.786190" /><testcase classname="frdm_k64f:arch.arm.swap.common.fp_sharing" name="arch.arm.swap.common.fp_sharing.arm_syscalls" time="5.786190" /><testcase classname="frdm_k64f:arch.arm.swap.common.fp_sharing.no_optimizations" name="arch.arm.swap.common.fp_sharing.no_optimizations.arm_thread_swap" time="67.895950"><error message="failed" type="failure" /></testcase><testcase classname="frdm_k64f:arch.arm.irq_advanced_features" name="arch.arm.irq_advanced_features.arm_dynamic_direct_interrupts" time="4.472420" /><testcase classname="frdm_k64f:arch.arm.irq_advanced_features" name="arch.arm.irq_advanced_features.arm_zero_latency_irqs" time="4.472420" /><testcase classname="frdm_k64f:arch.interrupt.arm" name="arch.interrupt.arm.arm_interrupt" time="4.966172" /><testcase classname="frdm_k64f:arch.interrupt.arm" name="arch.interrupt.arm.arm_user_interrupt" time="4.966172" /><testcase classname="frdm_k64f:arch.interrupt.no_optimizations" name="arch.interrupt.no_optimizations.arm_interrupt" time="69.003944"><error message="failed" type="failure" /></testcase><testcase classname="frdm_k64f:arch.interrupt.no_optimizations" name="arch.interrupt.no_optimizations.arm_user_interrupt" time="69.003944"><error message="failed" type="failure" /></testcase><testcase classname="frdm_k64f:shell.core" name="shell.core.cmd_help" time="4.893716" /><testcase classname="frdm_k64f:shell.core" name="shell.core.cmd_clear" time="4.893716" /><testcase classname="frdm_k64f:shell.core" name="shell.core.cmd_shell" time="4.893716" /><testcase classname="frdm_k64f:shell.core" name="shell.core.cmd_history" time="4.893716" /><testcase classname="frdm_k64f:shell.core" name="shell.core.cmd_select" time="4.893716" /><testcase classname="frdm_k64f:shell.core" name="shell.core.cmd_resize" time="4.893716" /><testcase classname="frdm_k64f:shell.core" name="shell.core.shell_module" time="4.893716" /><testcase classname="frdm_k64f:shell.core" name="shell.core.shell_wildcards_static" time="4.893716" /><testcase classname="frdm_k64f:shell.core" name="shell.core.shell_wildcards_dynamic" time="4.893716" /><testcase classname="frdm_k64f:usb.bos" name="usb.bos.usb_bos_macros" time="3.614972" /><testcase classname="frdm_k64f:usb.bos" name="usb.bos.usb_bos" time="3.614972" /><testcase classname="frdm_k64f:usb.osdesc" name="usb.osdesc.osdesc_string" time="3.509417" /><testcase classname="frdm_k64f:usb.osdesc" name="usb.osdesc.osdesc_feature" time="3.509417" /><testcase classname="frdm_k64f:usb.desc_sections" name="usb.desc_sections.desc_sections" time="4.065699" /><testcase classname="frdm_k64f:usb.device" name="usb.device.usb_dc_api_invalid" time="4.472026" /><testcase classname="frdm_k64f:usb.device" name="usb.device.usb_dc_api" time="4.472026" /><testcase classname="frdm_k64f:usb.device" name="usb.device.usb_dc_api_read_write" time="4.472026" /><testcase classname="frdm_k64f:usb.device" name="usb.device.usb_deconfig" time="4.472026" /><testcase classname="frdm_k64f:usb.device" name="usb.device.usb_disable" time="4.472026" /><testcase classname="frdm_k64f:storage.flash_map.mpu" name="storage.flash_map.mpu.flash_area_get_sectors" time="4.801105" /><testcase classname="frdm_k64f:system.settings.nvs" name="system.settings.nvs.config_insert" time="3.579839" /><testcase classname="frdm_k64f:system.settings.nvs" name="system.settings.nvs.config_getset_unknown" time="3.579839" /><testcase classname="frdm_k64f:system.settings.nvs" name="system.settings.nvs.config_getset_int" time="3.579839" /><testcase classname="frdm_k64f:system.settings.nvs" name="system.settings.nvs.config_getset_int64" time="3.579839" /><testcase classname="frdm_k64f:system.settings.nvs" name="system.settings.nvs.config_commit" time="3.579839" /><testcase classname="frdm_k64f:tracing.backends.openocd" name="tracing.backends.openocd" time="3.000003" /><testcase classname="frdm_k64f:logging.log_list" name="logging.log_list.log_list" time="3.509592" /><testcase classname="frdm_k64f:logging.log_list" name="logging.log_list.log_list_multiple_items" time="3.509592" /><testcase classname="frdm_k64f:logging.log_core" name="logging.log_core.log_backend_runtime_filtering" time="3.598995" /><testcase classname="frdm_k64f:logging.log_core" name="logging.log_core.log_overflow" time="3.598995" /><testcase classname="frdm_k64f:logging.log_core" name="logging.log_core.log_arguments" time="3.598995" /><testcase classname="frdm_k64f:logging.log_core" name="logging.log_core.log_from_declared_module" time="3.598995" /><testcase classname="frdm_k64f:logging.log_core" name="logging.log_core.log_strdup_gc" time="3.598995" /><testcase classname="frdm_k64f:logging.log_core" name="logging.log_core.log_strdup_detect_miss" time="3.598995" /><testcase classname="frdm_k64f:logging.log_core" name="logging.log_core.strdup_trimming" time="3.598995" /><testcase classname="frdm_k64f:logging.log_core" name="logging.log_core.log_msg_dropped_notification" time="3.598995" /><testcase classname="frdm_k64f:logging.log_core" name="logging.log_core.z_log_get_s_mask" time="3.598995" /><testcase classname="frdm_k64f:logging.log_core" name="logging.log_core.log_panic" time="3.598995" /><testcase classname="frdm_k64f:logging.log_msg" name="logging.log_msg.log_std_msg" time="4.442468" /><testcase classname="frdm_k64f:logging.log_msg" name="logging.log_msg.log_hexdump_msg" time="4.442468" /><testcase classname="frdm_k64f:logging.log_msg" name="logging.log_msg.log_hexdump_data_get_single_chunk" time="4.442468" /><testcase classname="frdm_k64f:logging.log_msg" name="logging.log_msg.log_hexdump_data_get_two_chunks" time="4.442468" /><testcase classname="frdm_k64f:logging.log_msg" name="logging.log_msg.log_hexdump_data_get_multiple_chunks" time="4.442468" /><testcase classname="frdm_k64f:logging.log_output" name="logging.log_output.log_output_raw_string" time="4.794073" /><testcase classname="frdm_k64f:logging.log_output" name="logging.log_output.log_output_string" time="4.794073" /><testcase classname="frdm_k64f:can.isotp.conformance" name="can.isotp.conformance.send_sf" time="7.680585" /><testcase classname="frdm_k64f:can.isotp.conformance" name="can.isotp.conformance.receive_sf" time="7.680585" /><testcase classname="frdm_k64f:can.isotp.conformance" name="can.isotp.conformance.send_sf_ext" time="7.680585" /><testcase classname="frdm_k64f:can.isotp.conformance" name="can.isotp.conformance.receive_sf_ext" time="7.680585" /><testcase classname="frdm_k64f:can.isotp.conformance" name="can.isotp.conformance.send_data" time="7.680585"><failure message="failed" type="failure">*** Booting Zephyr OS build zephyr-v2.2.0-273-g350dc0601d15  ***
Running test suite isotp_conformance
===================================================================
starting test - test_send_sf
W: Unhandled error/status (status 0x000014c0, result = 0x00000010
PASS - test_send_sf
===================================================================
starting test - test_receive_sf
W: Unhandled error/status (status 0x000014c0, result = 0x00000010
I: SF DL does not match. Ignore
W: Unhandled error/status (status 0x000014c0, result = 0x00000010
I: SF DL does not match. Ignore
W: Unhandled error/status (status 0x000014c0, result = 0x00000010
PASS - test_receive_sf
===================================================================
starting test - test_send_sf_ext
W: Unhandled error/status (status 0x000014c0, result = 0x00000010
PASS - test_send_sf_ext
===================================================================
starting test - test_receive_sf_ext
W: Unhandled error/status (status 0x000014c0, result = 0x00000010
I: SF DL does not match. Ignore
W: Unhandled error/status (status 0x000014c0, result = 0x00000010
I: SF DL does not match. Ignore
W: Unhandled error/status (status 0x000014c0, result = 0x00000010
PASS - test_receive_sf_ext
===================================================================
starting test - test_send_data
W: Unhandled error/status (status 0x000014c0, result = 0x00000010
W: Unhandled error/status (status 0x000014c0, result = 0x00000010
W: Unhandled error/status (status 0x000014c0, result = 0x00000010
W: Unhandled error/status (status 0x000014b9, result = 0x00000000
W: Unhandled error/status (status 0x000014c0, result = 0x00000010

    Assertion failed at ZEPHYR_BASE/tests/subsys/canbus/isotp/conformance/src/main.c:246: check_frame_series: (ret not equal to 0)
Timeout waiting for msg nr 1. ret: -11
FAIL - test_send_data
===================================================================
starting test - test_send_data_blocks
W: Unhandled error/status (status 0x000014c0, result = 0x00000010
W: Unhandled error/status (status 0x000014c0, result = 0x00000010
W: Unhandled error/status (status 0x000014c0, result = 0x00000010
W: Unhandled error/status (status 0x000014b9, result = 0x00000001
W: Unhandled error/status (status 0x000014c0, result = 0x00000010

    Assertion failed at ZEPHYR_BASE/tests/subsys/canbus/isotp/conformance/src/main.c:246: check_frame_series: (ret not equal to 0)
Timeout waiting for msg nr 1. ret: -11
FAIL - test_send_data_blocks
===================================================================
starting test - test_receive_data
W: Unhandled error/status (status 0x000014c0, result = 0x00000010
W: Unhandled error/status (status 0x000014c0, result = 0x00000010
E: Sequence number missmatch
W: Unhandled error/status (status 0x00000001, result = 0x00000004
W: Unhandled error/status (status 0x000014c0, result = 0x00000010
W: Unhandled error/status (status 0x000014c0, result = 0x00000010

    Assertion failed at ZEPHYR_BASE/tests/subsys/canbus/isotp/conformance/src/main.c:246: check_frame_series: (ret not equal to 0)
Timeout waiting for msg nr 0. ret: -11
FAIL - test_receive_data
===================================================================
starting test - test_receive_data_blocks
E: Error attaching FF filter [-1]
E: Can't attach filter for binding

    Assertion failed at ZEPHYR_BASE/tests/subsys/canbus/isotp/conformance/src/main.c:580: test_receive_data_blocks: (ret not equal to ISOTP_N_OK)
Binding failed [-10]
FAIL - test_receive_data_blocks
===================================================================
starting test - test_send_timeouts
E: Error attaching FC filter [-1]
E: Can't attach fc filter: -10

    Assertion failed at ZEPHYR_BASE/tests/subsys/canbus/isotp/conformance/src/main.c:625: test_send_timeouts: (ret not equal to ISOTP_N_TIMEOUT_BS)
Expected timeout but got -10
FAIL - test_send_timeouts
===================================================================
starting test - test_receive_timeouts
E: Error attaching FF filter [-1]
E: Can't attach filter for binding

    Assertion failed at ZEPHYR_BASE/tests/subsys/canbus/isotp/conformance/src/main.c:681: test_receive_timeouts: (ret not equal to ISOTP_N_OK)
Binding failed [-10]
FAIL - test_receive_timeouts
===================================================================
starting test - test_stmin

    Assertion failed at ZEPHYR_BASE/tests/subsys/canbus/isotp/conformance/src/main.c:272: attach_msgq: (filter_id equal to CAN_NO_FREE_FILTER)
Filter full
FAIL - test_stmin
===================================================================
starting test - test_receiver_fc_errors

    Assertion failed at ZEPHYR_BASE/tests/subsys/canbus/isotp/conformance/src/main.c:272: attach_msgq: (filter_id equal to CAN_NO_FREE_FILTER)
Filter full
FAIL - test_receiver_fc_errors
===================================================================
starting test - test_sender_fc_errors

    Assertion failed at ZEPHYR_BASE/tests/subsys/canbus/isotp/conformance/src/main.c:272: attach_msgq: (filter_id equal to CAN_NO_FREE_FILTER)
Filter full
FAIL - test_sender_fc_errors
===================================================================
Test suite isotp_conformance failed.
===================================================================
PROJECT EXECUTION FAILED
</failure></testcase><testcase classname="frdm_k64f:can.isotp.conformance" name="can.isotp.conformance.send_data_blocks" time="7.680585"><failure message="failed" type="failure">*** Booting Zephyr OS build zephyr-v2.2.0-273-g350dc0601d15  ***
Running test suite isotp_conformance
===================================================================
starting test - test_send_sf
W: Unhandled error/status (status 0x000014c0, result = 0x00000010
PASS - test_send_sf
===================================================================
starting test - test_receive_sf
W: Unhandled error/status (status 0x000014c0, result = 0x00000010
I: SF DL does not match. Ignore
W: Unhandled error/status (status 0x000014c0, result = 0x00000010
I: SF DL does not match. Ignore
W: Unhandled error/status (status 0x000014c0, result = 0x00000010
PASS - test_receive_sf
===================================================================
starting test - test_send_sf_ext
W: Unhandled error/status (status 0x000014c0, result = 0x00000010
PASS - test_send_sf_ext
===================================================================
starting test - test_receive_sf_ext
W: Unhandled error/status (status 0x000014c0, result = 0x00000010
I: SF DL does not match. Ignore
W: Unhandled error/status (status 0x000014c0, result = 0x00000010
I: SF DL does not match. Ignore
W: Unhandled error/status (status 0x000014c0, result = 0x00000010
PASS - test_receive_sf_ext
===================================================================
starting test - test_send_data
W: Unhandled error/status (status 0x000014c0, result = 0x00000010
W: Unhandled error/status (status 0x000014c0, result = 0x00000010
W: Unhandled error/status (status 0x000014c0, result = 0x00000010
W: Unhandled error/status (status 0x000014b9, result = 0x00000000
W: Unhandled error/status (status 0x000014c0, result = 0x00000010

    Assertion failed at ZEPHYR_BASE/tests/subsys/canbus/isotp/conformance/src/main.c:246: check_frame_series: (ret not equal to 0)
Timeout waiting for msg nr 1. ret: -11
FAIL - test_send_data
===================================================================
starting test - test_send_data_blocks
W: Unhandled error/status (status 0x000014c0, result = 0x00000010
W: Unhandled error/status (status 0x000014c0, result = 0x00000010
W: Unhandled error/status (status 0x000014c0, result = 0x00000010
W: Unhandled error/status (status 0x000014b9, result = 0x00000001
W: Unhandled error/status (status 0x000014c0, result = 0x00000010

    Assertion failed at ZEPHYR_BASE/tests/subsys/canbus/isotp/conformance/src/main.c:246: check_frame_series: (ret not equal to 0)
Timeout waiting for msg nr 1. ret: -11
FAIL - test_send_data_blocks
===================================================================
starting test - test_receive_data
W: Unhandled error/status (status 0x000014c0, result = 0x00000010
W: Unhandled error/status (status 0x000014c0, result = 0x00000010
E: Sequence number missmatch
W: Unhandled error/status (status 0x00000001, result = 0x00000004
W: Unhandled error/status (status 0x000014c0, result = 0x00000010
W: Unhandled error/status (status 0x000014c0, result = 0x00000010

    Assertion failed at ZEPHYR_BASE/tests/subsys/canbus/isotp/conformance/src/main.c:246: check_frame_series: (ret not equal to 0)
Timeout waiting for msg nr 0. ret: -11
FAIL - test_receive_data
===================================================================
starting test - test_receive_data_blocks
E: Error attaching FF filter [-1]
E: Can't attach filter for binding

    Assertion failed at ZEPHYR_BASE/tests/subsys/canbus/isotp/conformance/src/main.c:580: test_receive_data_blocks: (ret not equal to ISOTP_N_OK)
Binding failed [-10]
FAIL - test_receive_data_blocks
===================================================================
starting test - test_send_timeouts
E: Error attaching FC filter [-1]
E: Can't attach fc filter: -10

    Assertion failed at ZEPHYR_BASE/tests/subsys/canbus/isotp/conformance/src/main.c:625: test_send_timeouts: (ret not equal to ISOTP_N_TIMEOUT_BS)
Expected timeout but got -10
FAIL - test_send_timeouts
===================================================================
starting test - test_receive_timeouts
E: Error attaching FF filter [-1]
E: Can't attach filter for binding

    Assertion failed at ZEPHYR_BASE/tests/subsys/canbus/isotp/conformance/src/main.c:681: test_receive_timeouts: (ret not equal to ISOTP_N_OK)
Binding failed [-10]
FAIL - test_receive_timeouts
===================================================================
starting test - test_stmin

    Assertion failed at ZEPHYR_BASE/tests/subsys/canbus/isotp/conformance/src/main.c:272: attach_msgq: (filter_id equal to CAN_NO_FREE_FILTER)
Filter full
FAIL - test_stmin
===================================================================
starting test - test_receiver_fc_errors

    Assertion failed at ZEPHYR_BASE/tests/subsys/canbus/isotp/conformance/src/main.c:272: attach_msgq: (filter_id equal to CAN_NO_FREE_FILTER)
Filter full
FAIL - test_receiver_fc_errors
===================================================================
starting test - test_sender_fc_errors

    Assertion failed at ZEPHYR_BASE/tests/subsys/canbus/isotp/conformance/src/main.c:272: attach_msgq: (filter_id equal to CAN_NO_FREE_FILTER)
Filter full
FAIL - test_sender_fc_errors
===================================================================
Test suite isotp_conformance failed.
===================================================================
PROJECT EXECUTION FAILED
</failure></testcase><testcase classname="frdm_k64f:can.isotp.conformance" name="can.isotp.conformance.receive_data" time="7.680585"><failure message="failed" type="failure">*** Booting Zephyr OS build zephyr-v2.2.0-273-g350dc0601d15  ***
Running test suite isotp_conformance
===================================================================
starting test - test_send_sf
W: Unhandled error/status (status 0x000014c0, result = 0x00000010
PASS - test_send_sf
===================================================================
starting test - test_receive_sf
W: Unhandled error/status (status 0x000014c0, result = 0x00000010
I: SF DL does not match. Ignore
W: Unhandled error/status (status 0x000014c0, result = 0x00000010
I: SF DL does not match. Ignore
W: Unhandled error/status (status 0x000014c0, result = 0x00000010
PASS - test_receive_sf
===================================================================
starting test - test_send_sf_ext
W: Unhandled error/status (status 0x000014c0, result = 0x00000010
PASS - test_send_sf_ext
===================================================================
starting test - test_receive_sf_ext
W: Unhandled error/status (status 0x000014c0, result = 0x00000010
I: SF DL does not match. Ignore
W: Unhandled error/status (status 0x000014c0, result = 0x00000010
I: SF DL does not match. Ignore
W: Unhandled error/status (status 0x000014c0, result = 0x00000010
PASS - test_receive_sf_ext
===================================================================
starting test - test_send_data
W: Unhandled error/status (status 0x000014c0, result = 0x00000010
W: Unhandled error/status (status 0x000014c0, result = 0x00000010
W: Unhandled error/status (status 0x000014c0, result = 0x00000010
W: Unhandled error/status (status 0x000014b9, result = 0x00000000
W: Unhandled error/status (status 0x000014c0, result = 0x00000010

    Assertion failed at ZEPHYR_BASE/tests/subsys/canbus/isotp/conformance/src/main.c:246: check_frame_series: (ret not equal to 0)
Timeout waiting for msg nr 1. ret: -11
FAIL - test_send_data
===================================================================
starting test - test_send_data_blocks
W: Unhandled error/status (status 0x000014c0, result = 0x00000010
W: Unhandled error/status (status 0x000014c0, result = 0x00000010
W: Unhandled error/status (status 0x000014c0, result = 0x00000010
W: Unhandled error/status (status 0x000014b9, result = 0x00000001
W: Unhandled error/status (status 0x000014c0, result = 0x00000010

    Assertion failed at ZEPHYR_BASE/tests/subsys/canbus/isotp/conformance/src/main.c:246: check_frame_series: (ret not equal to 0)
Timeout waiting for msg nr 1. ret: -11
FAIL - test_send_data_blocks
===================================================================
starting test - test_receive_data
W: Unhandled error/status (status 0x000014c0, result = 0x00000010
W: Unhandled error/status (status 0x000014c0, result = 0x00000010
E: Sequence number missmatch
W: Unhandled error/status (status 0x00000001, result = 0x00000004
W: Unhandled error/status (status 0x000014c0, result = 0x00000010
W: Unhandled error/status (status 0x000014c0, result = 0x00000010

    Assertion failed at ZEPHYR_BASE/tests/subsys/canbus/isotp/conformance/src/main.c:246: check_frame_series: (ret not equal to 0)
Timeout waiting for msg nr 0. ret: -11
FAIL - test_receive_data
===================================================================
starting test - test_receive_data_blocks
E: Error attaching FF filter [-1]
E: Can't attach filter for binding

    Assertion failed at ZEPHYR_BASE/tests/subsys/canbus/isotp/conformance/src/main.c:580: test_receive_data_blocks: (ret not equal to ISOTP_N_OK)
Binding failed [-10]
FAIL - test_receive_data_blocks
===================================================================
starting test - test_send_timeouts
E: Error attaching FC filter [-1]
E: Can't attach fc filter: -10

    Assertion failed at ZEPHYR_BASE/tests/subsys/canbus/isotp/conformance/src/main.c:625: test_send_timeouts: (ret not equal to ISOTP_N_TIMEOUT_BS)
Expected timeout but got -10
FAIL - test_send_timeouts
===================================================================
starting test - test_receive_timeouts
E: Error attaching FF filter [-1]
E: Can't attach filter for binding

    Assertion failed at ZEPHYR_BASE/tests/subsys/canbus/isotp/conformance/src/main.c:681: test_receive_timeouts: (ret not equal to ISOTP_N_OK)
Binding failed [-10]
FAIL - test_receive_timeouts
===================================================================
starting test - test_stmin

    Assertion failed at ZEPHYR_BASE/tests/subsys/canbus/isotp/conformance/src/main.c:272: attach_msgq: (filter_id equal to CAN_NO_FREE_FILTER)
Filter full
FAIL - test_stmin
===================================================================
starting test - test_receiver_fc_errors

    Assertion failed at ZEPHYR_BASE/tests/subsys/canbus/isotp/conformance/src/main.c:272: attach_msgq: (filter_id equal to CAN_NO_FREE_FILTER)
Filter full
FAIL - test_receiver_fc_errors
===================================================================
starting test - test_sender_fc_errors

    Assertion failed at ZEPHYR_BASE/tests/subsys/canbus/isotp/conformance/src/main.c:272: attach_msgq: (filter_id equal to CAN_NO_FREE_FILTER)
Filter full
FAIL - test_sender_fc_errors
===================================================================
Test suite isotp_conformance failed.
===================================================================
PROJECT EXECUTION FAILED
</failure></testcase><testcase classname="frdm_k64f:can.isotp.conformance" name="can.isotp.conformance.receive_data_blocks" time="7.680585"><failure message="failed" type="failure">*** Booting Zephyr OS build zephyr-v2.2.0-273-g350dc0601d15  ***
Running test suite isotp_conformance
===================================================================
starting test - test_send_sf
W: Unhandled error/status (status 0x000014c0, result = 0x00000010
PASS - test_send_sf
===================================================================
starting test - test_receive_sf
W: Unhandled error/status (status 0x000014c0, result = 0x00000010
I: SF DL does not match. Ignore
W: Unhandled error/status (status 0x000014c0, result = 0x00000010
I: SF DL does not match. Ignore
W: Unhandled error/status (status 0x000014c0, result = 0x00000010
PASS - test_receive_sf
===================================================================
starting test - test_send_sf_ext
W: Unhandled error/status (status 0x000014c0, result = 0x00000010
PASS - test_send_sf_ext
===================================================================
starting test - test_receive_sf_ext
W: Unhandled error/status (status 0x000014c0, result = 0x00000010
I: SF DL does not match. Ignore
W: Unhandled error/status (status 0x000014c0, result = 0x00000010
I: SF DL does not match. Ignore
W: Unhandled error/status (status 0x000014c0, result = 0x00000010
PASS - test_receive_sf_ext
===================================================================
starting test - test_send_data
W: Unhandled error/status (status 0x000014c0, result = 0x00000010
W: Unhandled error/status (status 0x000014c0, result = 0x00000010
W: Unhandled error/status (status 0x000014c0, result = 0x00000010
W: Unhandled error/status (status 0x000014b9, result = 0x00000000
W: Unhandled error/status (status 0x000014c0, result = 0x00000010

    Assertion failed at ZEPHYR_BASE/tests/subsys/canbus/isotp/conformance/src/main.c:246: check_frame_series: (ret not equal to 0)
Timeout waiting for msg nr 1. ret: -11
FAIL - test_send_data
===================================================================
starting test - test_send_data_blocks
W: Unhandled error/status (status 0x000014c0, result = 0x00000010
W: Unhandled error/status (status 0x000014c0, result = 0x00000010
W: Unhandled error/status (status 0x000014c0, result = 0x00000010
W: Unhandled error/status (status 0x000014b9, result = 0x00000001
W: Unhandled error/status (status 0x000014c0, result = 0x00000010

    Assertion failed at ZEPHYR_BASE/tests/subsys/canbus/isotp/conformance/src/main.c:246: check_frame_series: (ret not equal to 0)
Timeout waiting for msg nr 1. ret: -11
FAIL - test_send_data_blocks
===================================================================
starting test - test_receive_data
W: Unhandled error/status (status 0x000014c0, result = 0x00000010
W: Unhandled error/status (status 0x000014c0, result = 0x00000010
E: Sequence number missmatch
W: Unhandled error/status (status 0x00000001, result = 0x00000004
W: Unhandled error/status (status 0x000014c0, result = 0x00000010
W: Unhandled error/status (status 0x000014c0, result = 0x00000010

    Assertion failed at ZEPHYR_BASE/tests/subsys/canbus/isotp/conformance/src/main.c:246: check_frame_series: (ret not equal to 0)
Timeout waiting for msg nr 0. ret: -11
FAIL - test_receive_data
===================================================================
starting test - test_receive_data_blocks
E: Error attaching FF filter [-1]
E: Can't attach filter for binding

    Assertion failed at ZEPHYR_BASE/tests/subsys/canbus/isotp/conformance/src/main.c:580: test_receive_data_blocks: (ret not equal to ISOTP_N_OK)
Binding failed [-10]
FAIL - test_receive_data_blocks
===================================================================
starting test - test_send_timeouts
E: Error attaching FC filter [-1]
E: Can't attach fc filter: -10

    Assertion failed at ZEPHYR_BASE/tests/subsys/canbus/isotp/conformance/src/main.c:625: test_send_timeouts: (ret not equal to ISOTP_N_TIMEOUT_BS)
Expected timeout but got -10
FAIL - test_send_timeouts
===================================================================
starting test - test_receive_timeouts
E: Error attaching FF filter [-1]
E: Can't attach filter for binding

    Assertion failed at ZEPHYR_BASE/tests/subsys/canbus/isotp/conformance/src/main.c:681: test_receive_timeouts: (ret not equal to ISOTP_N_OK)
Binding failed [-10]
FAIL - test_receive_timeouts
===================================================================
starting test - test_stmin

    Assertion failed at ZEPHYR_BASE/tests/subsys/canbus/isotp/conformance/src/main.c:272: attach_msgq: (filter_id equal to CAN_NO_FREE_FILTER)
Filter full
FAIL - test_stmin
===================================================================
starting test - test_receiver_fc_errors

    Assertion failed at ZEPHYR_BASE/tests/subsys/canbus/isotp/conformance/src/main.c:272: attach_msgq: (filter_id equal to CAN_NO_FREE_FILTER)
Filter full
FAIL - test_receiver_fc_errors
===================================================================
starting test - test_sender_fc_errors

    Assertion failed at ZEPHYR_BASE/tests/subsys/canbus/isotp/conformance/src/main.c:272: attach_msgq: (filter_id equal to CAN_NO_FREE_FILTER)
Filter full
FAIL - test_sender_fc_errors
===================================================================
Test suite isotp_conformance failed.
===================================================================
PROJECT EXECUTION FAILED
</failure></testcase><testcase classname="frdm_k64f:can.isotp.conformance" name="can.isotp.conformance.send_timeouts" time="7.680585"><failure message="failed" type="failure">*** Booting Zephyr OS build zephyr-v2.2.0-273-g350dc0601d15  ***
Running test suite isotp_conformance
===================================================================
starting test - test_send_sf
W: Unhandled error/status (status 0x000014c0, result = 0x00000010
PASS - test_send_sf
===================================================================
starting test - test_receive_sf
W: Unhandled error/status (status 0x000014c0, result = 0x00000010
I: SF DL does not match. Ignore
W: Unhandled error/status (status 0x000014c0, result = 0x00000010
I: SF DL does not match. Ignore
W: Unhandled error/status (status 0x000014c0, result = 0x00000010
PASS - test_receive_sf
===================================================================
starting test - test_send_sf_ext
W: Unhandled error/status (status 0x000014c0, result = 0x00000010
PASS - test_send_sf_ext
===================================================================
starting test - test_receive_sf_ext
W: Unhandled error/status (status 0x000014c0, result = 0x00000010
I: SF DL does not match. Ignore
W: Unhandled error/status (status 0x000014c0, result = 0x00000010
I: SF DL does not match. Ignore
W: Unhandled error/status (status 0x000014c0, result = 0x00000010
PASS - test_receive_sf_ext
===================================================================
starting test - test_send_data
W: Unhandled error/status (status 0x000014c0, result = 0x00000010
W: Unhandled error/status (status 0x000014c0, result = 0x00000010
W: Unhandled error/status (status 0x000014c0, result = 0x00000010
W: Unhandled error/status (status 0x000014b9, result = 0x00000000
W: Unhandled error/status (status 0x000014c0, result = 0x00000010

    Assertion failed at ZEPHYR_BASE/tests/subsys/canbus/isotp/conformance/src/main.c:246: check_frame_series: (ret not equal to 0)
Timeout waiting for msg nr 1. ret: -11
FAIL - test_send_data
===================================================================
starting test - test_send_data_blocks
W: Unhandled error/status (status 0x000014c0, result = 0x00000010
W: Unhandled error/status (status 0x000014c0, result = 0x00000010
W: Unhandled error/status (status 0x000014c0, result = 0x00000010
W: Unhandled error/status (status 0x000014b9, result = 0x00000001
W: Unhandled error/status (status 0x000014c0, result = 0x00000010

    Assertion failed at ZEPHYR_BASE/tests/subsys/canbus/isotp/conformance/src/main.c:246: check_frame_series: (ret not equal to 0)
Timeout waiting for msg nr 1. ret: -11
FAIL - test_send_data_blocks
===================================================================
starting test - test_receive_data
W: Unhandled error/status (status 0x000014c0, result = 0x00000010
W: Unhandled error/status (status 0x000014c0, result = 0x00000010
E: Sequence number missmatch
W: Unhandled error/status (status 0x00000001, result = 0x00000004
W: Unhandled error/status (status 0x000014c0, result = 0x00000010
W: Unhandled error/status (status 0x000014c0, result = 0x00000010

    Assertion failed at ZEPHYR_BASE/tests/subsys/canbus/isotp/conformance/src/main.c:246: check_frame_series: (ret not equal to 0)
Timeout waiting for msg nr 0. ret: -11
FAIL - test_receive_data
===================================================================
starting test - test_receive_data_blocks
E: Error attaching FF filter [-1]
E: Can't attach filter for binding

    Assertion failed at ZEPHYR_BASE/tests/subsys/canbus/isotp/conformance/src/main.c:580: test_receive_data_blocks: (ret not equal to ISOTP_N_OK)
Binding failed [-10]
FAIL - test_receive_data_blocks
===================================================================
starting test - test_send_timeouts
E: Error attaching FC filter [-1]
E: Can't attach fc filter: -10

    Assertion failed at ZEPHYR_BASE/tests/subsys/canbus/isotp/conformance/src/main.c:625: test_send_timeouts: (ret not equal to ISOTP_N_TIMEOUT_BS)
Expected timeout but got -10
FAIL - test_send_timeouts
===================================================================
starting test - test_receive_timeouts
E: Error attaching FF filter [-1]
E: Can't attach filter for binding

    Assertion failed at ZEPHYR_BASE/tests/subsys/canbus/isotp/conformance/src/main.c:681: test_receive_timeouts: (ret not equal to ISOTP_N_OK)
Binding failed [-10]
FAIL - test_receive_timeouts
===================================================================
starting test - test_stmin

    Assertion failed at ZEPHYR_BASE/tests/subsys/canbus/isotp/conformance/src/main.c:272: attach_msgq: (filter_id equal to CAN_NO_FREE_FILTER)
Filter full
FAIL - test_stmin
===================================================================
starting test - test_receiver_fc_errors

    Assertion failed at ZEPHYR_BASE/tests/subsys/canbus/isotp/conformance/src/main.c:272: attach_msgq: (filter_id equal to CAN_NO_FREE_FILTER)
Filter full
FAIL - test_receiver_fc_errors
===================================================================
starting test - test_sender_fc_errors

    Assertion failed at ZEPHYR_BASE/tests/subsys/canbus/isotp/conformance/src/main.c:272: attach_msgq: (filter_id equal to CAN_NO_FREE_FILTER)
Filter full
FAIL - test_sender_fc_errors
===================================================================
Test suite isotp_conformance failed.
===================================================================
PROJECT EXECUTION FAILED
</failure></testcase><testcase classname="frdm_k64f:can.isotp.conformance" name="can.isotp.conformance.receive_timeouts" time="7.680585"><failure message="failed" type="failure">*** Booting Zephyr OS build zephyr-v2.2.0-273-g350dc0601d15  ***
Running test suite isotp_conformance
===================================================================
starting test - test_send_sf
W: Unhandled error/status (status 0x000014c0, result = 0x00000010
PASS - test_send_sf
===================================================================
starting test - test_receive_sf
W: Unhandled error/status (status 0x000014c0, result = 0x00000010
I: SF DL does not match. Ignore
W: Unhandled error/status (status 0x000014c0, result = 0x00000010
I: SF DL does not match. Ignore
W: Unhandled error/status (status 0x000014c0, result = 0x00000010
PASS - test_receive_sf
===================================================================
starting test - test_send_sf_ext
W: Unhandled error/status (status 0x000014c0, result = 0x00000010
PASS - test_send_sf_ext
===================================================================
starting test - test_receive_sf_ext
W: Unhandled error/status (status 0x000014c0, result = 0x00000010
I: SF DL does not match. Ignore
W: Unhandled error/status (status 0x000014c0, result = 0x00000010
I: SF DL does not match. Ignore
W: Unhandled error/status (status 0x000014c0, result = 0x00000010
PASS - test_receive_sf_ext
===================================================================
starting test - test_send_data
W: Unhandled error/status (status 0x000014c0, result = 0x00000010
W: Unhandled error/status (status 0x000014c0, result = 0x00000010
W: Unhandled error/status (status 0x000014c0, result = 0x00000010
W: Unhandled error/status (status 0x000014b9, result = 0x00000000
W: Unhandled error/status (status 0x000014c0, result = 0x00000010

    Assertion failed at ZEPHYR_BASE/tests/subsys/canbus/isotp/conformance/src/main.c:246: check_frame_series: (ret not equal to 0)
Timeout waiting for msg nr 1. ret: -11
FAIL - test_send_data
===================================================================
starting test - test_send_data_blocks
W: Unhandled error/status (status 0x000014c0, result = 0x00000010
W: Unhandled error/status (status 0x000014c0, result = 0x00000010
W: Unhandled error/status (status 0x000014c0, result = 0x00000010
W: Unhandled error/status (status 0x000014b9, result = 0x00000001
W: Unhandled error/status (status 0x000014c0, result = 0x00000010

    Assertion failed at ZEPHYR_BASE/tests/subsys/canbus/isotp/conformance/src/main.c:246: check_frame_series: (ret not equal to 0)
Timeout waiting for msg nr 1. ret: -11
FAIL - test_send_data_blocks
===================================================================
starting test - test_receive_data
W: Unhandled error/status (status 0x000014c0, result = 0x00000010
W: Unhandled error/status (status 0x000014c0, result = 0x00000010
E: Sequence number missmatch
W: Unhandled error/status (status 0x00000001, result = 0x00000004
W: Unhandled error/status (status 0x000014c0, result = 0x00000010
W: Unhandled error/status (status 0x000014c0, result = 0x00000010

    Assertion failed at ZEPHYR_BASE/tests/subsys/canbus/isotp/conformance/src/main.c:246: check_frame_series: (ret not equal to 0)
Timeout waiting for msg nr 0. ret: -11
FAIL - test_receive_data
===================================================================
starting test - test_receive_data_blocks
E: Error attaching FF filter [-1]
E: Can't attach filter for binding

    Assertion failed at ZEPHYR_BASE/tests/subsys/canbus/isotp/conformance/src/main.c:580: test_receive_data_blocks: (ret not equal to ISOTP_N_OK)
Binding failed [-10]
FAIL - test_receive_data_blocks
===================================================================
starting test - test_send_timeouts
E: Error attaching FC filter [-1]
E: Can't attach fc filter: -10

    Assertion failed at ZEPHYR_BASE/tests/subsys/canbus/isotp/conformance/src/main.c:625: test_send_timeouts: (ret not equal to ISOTP_N_TIMEOUT_BS)
Expected timeout but got -10
FAIL - test_send_timeouts
===================================================================
starting test - test_receive_timeouts
E: Error attaching FF filter [-1]
E: Can't attach filter for binding

    Assertion failed at ZEPHYR_BASE/tests/subsys/canbus/isotp/conformance/src/main.c:681: test_receive_timeouts: (ret not equal to ISOTP_N_OK)
Binding failed [-10]
FAIL - test_receive_timeouts
===================================================================
starting test - test_stmin

    Assertion failed at ZEPHYR_BASE/tests/subsys/canbus/isotp/conformance/src/main.c:272: attach_msgq: (filter_id equal to CAN_NO_FREE_FILTER)
Filter full
FAIL - test_stmin
===================================================================
starting test - test_receiver_fc_errors

    Assertion failed at ZEPHYR_BASE/tests/subsys/canbus/isotp/conformance/src/main.c:272: attach_msgq: (filter_id equal to CAN_NO_FREE_FILTER)
Filter full
FAIL - test_receiver_fc_errors
===================================================================
starting test - test_sender_fc_errors

    Assertion failed at ZEPHYR_BASE/tests/subsys/canbus/isotp/conformance/src/main.c:272: attach_msgq: (filter_id equal to CAN_NO_FREE_FILTER)
Filter full
FAIL - test_sender_fc_errors
===================================================================
Test suite isotp_conformance failed.
===================================================================
PROJECT EXECUTION FAILED
</failure></testcase><testcase classname="frdm_k64f:can.isotp.conformance" name="can.isotp.conformance.stmin" time="7.680585"><failure message="failed" type="failure">*** Booting Zephyr OS build zephyr-v2.2.0-273-g350dc0601d15  ***
Running test suite isotp_conformance
===================================================================
starting test - test_send_sf
W: Unhandled error/status (status 0x000014c0, result = 0x00000010
PASS - test_send_sf
===================================================================
starting test - test_receive_sf
W: Unhandled error/status (status 0x000014c0, result = 0x00000010
I: SF DL does not match. Ignore
W: Unhandled error/status (status 0x000014c0, result = 0x00000010
I: SF DL does not match. Ignore
W: Unhandled error/status (status 0x000014c0, result = 0x00000010
PASS - test_receive_sf
===================================================================
starting test - test_send_sf_ext
W: Unhandled error/status (status 0x000014c0, result = 0x00000010
PASS - test_send_sf_ext
===================================================================
starting test - test_receive_sf_ext
W: Unhandled error/status (status 0x000014c0, result = 0x00000010
I: SF DL does not match. Ignore
W: Unhandled error/status (status 0x000014c0, result = 0x00000010
I: SF DL does not match. Ignore
W: Unhandled error/status (status 0x000014c0, result = 0x00000010
PASS - test_receive_sf_ext
===================================================================
starting test - test_send_data
W: Unhandled error/status (status 0x000014c0, result = 0x00000010
W: Unhandled error/status (status 0x000014c0, result = 0x00000010
W: Unhandled error/status (status 0x000014c0, result = 0x00000010
W: Unhandled error/status (status 0x000014b9, result = 0x00000000
W: Unhandled error/status (status 0x000014c0, result = 0x00000010

    Assertion failed at ZEPHYR_BASE/tests/subsys/canbus/isotp/conformance/src/main.c:246: check_frame_series: (ret not equal to 0)
Timeout waiting for msg nr 1. ret: -11
FAIL - test_send_data
===================================================================
starting test - test_send_data_blocks
W: Unhandled error/status (status 0x000014c0, result = 0x00000010
W: Unhandled error/status (status 0x000014c0, result = 0x00000010
W: Unhandled error/status (status 0x000014c0, result = 0x00000010
W: Unhandled error/status (status 0x000014b9, result = 0x00000001
W: Unhandled error/status (status 0x000014c0, result = 0x00000010

    Assertion failed at ZEPHYR_BASE/tests/subsys/canbus/isotp/conformance/src/main.c:246: check_frame_series: (ret not equal to 0)
Timeout waiting for msg nr 1. ret: -11
FAIL - test_send_data_blocks
===================================================================
starting test - test_receive_data
W: Unhandled error/status (status 0x000014c0, result = 0x00000010
W: Unhandled error/status (status 0x000014c0, result = 0x00000010
E: Sequence number missmatch
W: Unhandled error/status (status 0x00000001, result = 0x00000004
W: Unhandled error/status (status 0x000014c0, result = 0x00000010
W: Unhandled error/status (status 0x000014c0, result = 0x00000010

    Assertion failed at ZEPHYR_BASE/tests/subsys/canbus/isotp/conformance/src/main.c:246: check_frame_series: (ret not equal to 0)
Timeout waiting for msg nr 0. ret: -11
FAIL - test_receive_data
===================================================================
starting test - test_receive_data_blocks
E: Error attaching FF filter [-1]
E: Can't attach filter for binding

    Assertion failed at ZEPHYR_BASE/tests/subsys/canbus/isotp/conformance/src/main.c:580: test_receive_data_blocks: (ret not equal to ISOTP_N_OK)
Binding failed [-10]
FAIL - test_receive_data_blocks
===================================================================
starting test - test_send_timeouts
E: Error attaching FC filter [-1]
E: Can't attach fc filter: -10

    Assertion failed at ZEPHYR_BASE/tests/subsys/canbus/isotp/conformance/src/main.c:625: test_send_timeouts: (ret not equal to ISOTP_N_TIMEOUT_BS)
Expected timeout but got -10
FAIL - test_send_timeouts
===================================================================
starting test - test_receive_timeouts
E: Error attaching FF filter [-1]
E: Can't attach filter for binding

    Assertion failed at ZEPHYR_BASE/tests/subsys/canbus/isotp/conformance/src/main.c:681: test_receive_timeouts: (ret not equal to ISOTP_N_OK)
Binding failed [-10]
FAIL - test_receive_timeouts
===================================================================
starting test - test_stmin

    Assertion failed at ZEPHYR_BASE/tests/subsys/canbus/isotp/conformance/src/main.c:272: attach_msgq: (filter_id equal to CAN_NO_FREE_FILTER)
Filter full
FAIL - test_stmin
===================================================================
starting test - test_receiver_fc_errors

    Assertion failed at ZEPHYR_BASE/tests/subsys/canbus/isotp/conformance/src/main.c:272: attach_msgq: (filter_id equal to CAN_NO_FREE_FILTER)
Filter full
FAIL - test_receiver_fc_errors
===================================================================
starting test - test_sender_fc_errors

    Assertion failed at ZEPHYR_BASE/tests/subsys/canbus/isotp/conformance/src/main.c:272: attach_msgq: (filter_id equal to CAN_NO_FREE_FILTER)
Filter full
FAIL - test_sender_fc_errors
===================================================================
Test suite isotp_conformance failed.
===================================================================
PROJECT EXECUTION FAILED
</failure></testcase><testcase classname="frdm_k64f:can.isotp.conformance" name="can.isotp.conformance.receiver_fc_errors" time="7.680585"><failure message="failed" type="failure">*** Booting Zephyr OS build zephyr-v2.2.0-273-g350dc0601d15  ***
Running test suite isotp_conformance
===================================================================
starting test - test_send_sf
W: Unhandled error/status (status 0x000014c0, result = 0x00000010
PASS - test_send_sf
===================================================================
starting test - test_receive_sf
W: Unhandled error/status (status 0x000014c0, result = 0x00000010
I: SF DL does not match. Ignore
W: Unhandled error/status (status 0x000014c0, result = 0x00000010
I: SF DL does not match. Ignore
W: Unhandled error/status (status 0x000014c0, result = 0x00000010
PASS - test_receive_sf
===================================================================
starting test - test_send_sf_ext
W: Unhandled error/status (status 0x000014c0, result = 0x00000010
PASS - test_send_sf_ext
===================================================================
starting test - test_receive_sf_ext
W: Unhandled error/status (status 0x000014c0, result = 0x00000010
I: SF DL does not match. Ignore
W: Unhandled error/status (status 0x000014c0, result = 0x00000010
I: SF DL does not match. Ignore
W: Unhandled error/status (status 0x000014c0, result = 0x00000010
PASS - test_receive_sf_ext
===================================================================
starting test - test_send_data
W: Unhandled error/status (status 0x000014c0, result = 0x00000010
W: Unhandled error/status (status 0x000014c0, result = 0x00000010
W: Unhandled error/status (status 0x000014c0, result = 0x00000010
W: Unhandled error/status (status 0x000014b9, result = 0x00000000
W: Unhandled error/status (status 0x000014c0, result = 0x00000010

    Assertion failed at ZEPHYR_BASE/tests/subsys/canbus/isotp/conformance/src/main.c:246: check_frame_series: (ret not equal to 0)
Timeout waiting for msg nr 1. ret: -11
FAIL - test_send_data
===================================================================
starting test - test_send_data_blocks
W: Unhandled error/status (status 0x000014c0, result = 0x00000010
W: Unhandled error/status (status 0x000014c0, result = 0x00000010
W: Unhandled error/status (status 0x000014c0, result = 0x00000010
W: Unhandled error/status (status 0x000014b9, result = 0x00000001
W: Unhandled error/status (status 0x000014c0, result = 0x00000010

    Assertion failed at ZEPHYR_BASE/tests/subsys/canbus/isotp/conformance/src/main.c:246: check_frame_series: (ret not equal to 0)
Timeout waiting for msg nr 1. ret: -11
FAIL - test_send_data_blocks
===================================================================
starting test - test_receive_data
W: Unhandled error/status (status 0x000014c0, result = 0x00000010
W: Unhandled error/status (status 0x000014c0, result = 0x00000010
E: Sequence number missmatch
W: Unhandled error/status (status 0x00000001, result = 0x00000004
W: Unhandled error/status (status 0x000014c0, result = 0x00000010
W: Unhandled error/status (status 0x000014c0, result = 0x00000010

    Assertion failed at ZEPHYR_BASE/tests/subsys/canbus/isotp/conformance/src/main.c:246: check_frame_series: (ret not equal to 0)
Timeout waiting for msg nr 0. ret: -11
FAIL - test_receive_data
===================================================================
starting test - test_receive_data_blocks
E: Error attaching FF filter [-1]
E: Can't attach filter for binding

    Assertion failed at ZEPHYR_BASE/tests/subsys/canbus/isotp/conformance/src/main.c:580: test_receive_data_blocks: (ret not equal to ISOTP_N_OK)
Binding failed [-10]
FAIL - test_receive_data_blocks
===================================================================
starting test - test_send_timeouts
E: Error attaching FC filter [-1]
E: Can't attach fc filter: -10

    Assertion failed at ZEPHYR_BASE/tests/subsys/canbus/isotp/conformance/src/main.c:625: test_send_timeouts: (ret not equal to ISOTP_N_TIMEOUT_BS)
Expected timeout but got -10
FAIL - test_send_timeouts
===================================================================
starting test - test_receive_timeouts
E: Error attaching FF filter [-1]
E: Can't attach filter for binding

    Assertion failed at ZEPHYR_BASE/tests/subsys/canbus/isotp/conformance/src/main.c:681: test_receive_timeouts: (ret not equal to ISOTP_N_OK)
Binding failed [-10]
FAIL - test_receive_timeouts
===================================================================
starting test - test_stmin

    Assertion failed at ZEPHYR_BASE/tests/subsys/canbus/isotp/conformance/src/main.c:272: attach_msgq: (filter_id equal to CAN_NO_FREE_FILTER)
Filter full
FAIL - test_stmin
===================================================================
starting test - test_receiver_fc_errors

    Assertion failed at ZEPHYR_BASE/tests/subsys/canbus/isotp/conformance/src/main.c:272: attach_msgq: (filter_id equal to CAN_NO_FREE_FILTER)
Filter full
FAIL - test_receiver_fc_errors
===================================================================
starting test - test_sender_fc_errors

    Assertion failed at ZEPHYR_BASE/tests/subsys/canbus/isotp/conformance/src/main.c:272: attach_msgq: (filter_id equal to CAN_NO_FREE_FILTER)
Filter full
FAIL - test_sender_fc_errors
===================================================================
Test suite isotp_conformance failed.
===================================================================
PROJECT EXECUTION FAILED
</failure></testcase><testcase classname="frdm_k64f:can.isotp.conformance" name="can.isotp.conformance.sender_fc_errors" time="7.680585"><failure message="failed" type="failure">*** Booting Zephyr OS build zephyr-v2.2.0-273-g350dc0601d15  ***
Running test suite isotp_conformance
===================================================================
starting test - test_send_sf
W: Unhandled error/status (status 0x000014c0, result = 0x00000010
PASS - test_send_sf
===================================================================
starting test - test_receive_sf
W: Unhandled error/status (status 0x000014c0, result = 0x00000010
I: SF DL does not match. Ignore
W: Unhandled error/status (status 0x000014c0, result = 0x00000010
I: SF DL does not match. Ignore
W: Unhandled error/status (status 0x000014c0, result = 0x00000010
PASS - test_receive_sf
===================================================================
starting test - test_send_sf_ext
W: Unhandled error/status (status 0x000014c0, result = 0x00000010
PASS - test_send_sf_ext
===================================================================
starting test - test_receive_sf_ext
W: Unhandled error/status (status 0x000014c0, result = 0x00000010
I: SF DL does not match. Ignore
W: Unhandled error/status (status 0x000014c0, result = 0x00000010
I: SF DL does not match. Ignore
W: Unhandled error/status (status 0x000014c0, result = 0x00000010
PASS - test_receive_sf_ext
===================================================================
starting test - test_send_data
W: Unhandled error/status (status 0x000014c0, result = 0x00000010
W: Unhandled error/status (status 0x000014c0, result = 0x00000010
W: Unhandled error/status (status 0x000014c0, result = 0x00000010
W: Unhandled error/status (status 0x000014b9, result = 0x00000000
W: Unhandled error/status (status 0x000014c0, result = 0x00000010

    Assertion failed at ZEPHYR_BASE/tests/subsys/canbus/isotp/conformance/src/main.c:246: check_frame_series: (ret not equal to 0)
Timeout waiting for msg nr 1. ret: -11
FAIL - test_send_data
===================================================================
starting test - test_send_data_blocks
W: Unhandled error/status (status 0x000014c0, result = 0x00000010
W: Unhandled error/status (status 0x000014c0, result = 0x00000010
W: Unhandled error/status (status 0x000014c0, result = 0x00000010
W: Unhandled error/status (status 0x000014b9, result = 0x00000001
W: Unhandled error/status (status 0x000014c0, result = 0x00000010

    Assertion failed at ZEPHYR_BASE/tests/subsys/canbus/isotp/conformance/src/main.c:246: check_frame_series: (ret not equal to 0)
Timeout waiting for msg nr 1. ret: -11
FAIL - test_send_data_blocks
===================================================================
starting test - test_receive_data
W: Unhandled error/status (status 0x000014c0, result = 0x00000010
W: Unhandled error/status (status 0x000014c0, result = 0x00000010
E: Sequence number missmatch
W: Unhandled error/status (status 0x00000001, result = 0x00000004
W: Unhandled error/status (status 0x000014c0, result = 0x00000010
W: Unhandled error/status (status 0x000014c0, result = 0x00000010

    Assertion failed at ZEPHYR_BASE/tests/subsys/canbus/isotp/conformance/src/main.c:246: check_frame_series: (ret not equal to 0)
Timeout waiting for msg nr 0. ret: -11
FAIL - test_receive_data
===================================================================
starting test - test_receive_data_blocks
E: Error attaching FF filter [-1]
E: Can't attach filter for binding

    Assertion failed at ZEPHYR_BASE/tests/subsys/canbus/isotp/conformance/src/main.c:580: test_receive_data_blocks: (ret not equal to ISOTP_N_OK)
Binding failed [-10]
FAIL - test_receive_data_blocks
===================================================================
starting test - test_send_timeouts
E: Error attaching FC filter [-1]
E: Can't attach fc filter: -10

    Assertion failed at ZEPHYR_BASE/tests/subsys/canbus/isotp/conformance/src/main.c:625: test_send_timeouts: (ret not equal to ISOTP_N_TIMEOUT_BS)
Expected timeout but got -10
FAIL - test_send_timeouts
===================================================================
starting test - test_receive_timeouts
E: Error attaching FF filter [-1]
E: Can't attach filter for binding

    Assertion failed at ZEPHYR_BASE/tests/subsys/canbus/isotp/conformance/src/main.c:681: test_receive_timeouts: (ret not equal to ISOTP_N_OK)
Binding failed [-10]
FAIL - test_receive_timeouts
===================================================================
starting test - test_stmin

    Assertion failed at ZEPHYR_BASE/tests/subsys/canbus/isotp/conformance/src/main.c:272: attach_msgq: (filter_id equal to CAN_NO_FREE_FILTER)
Filter full
FAIL - test_stmin
===================================================================
starting test - test_receiver_fc_errors

    Assertion failed at ZEPHYR_BASE/tests/subsys/canbus/isotp/conformance/src/main.c:272: attach_msgq: (filter_id equal to CAN_NO_FREE_FILTER)
Filter full
FAIL - test_receiver_fc_errors
===================================================================
starting test - test_sender_fc_errors

    Assertion failed at ZEPHYR_BASE/tests/subsys/canbus/isotp/conformance/src/main.c:272: attach_msgq: (filter_id equal to CAN_NO_FREE_FILTER)
Filter full
FAIL - test_sender_fc_errors
===================================================================
Test suite isotp_conformance failed.
===================================================================
PROJECT EXECUTION FAILED
</failure></testcase><testcase classname="frdm_k64f:can.isotp.implemmentation" name="can.isotp.implemmentation.bind_unbind" time="7.045960"><failure message="failed" type="failure">*** Booting Zephyr OS build zephyr-v2.2.0-273-g350dc0601d15  ***
Running test suite isotp
===================================================================
starting test - test_bind_unbind
W: Unhandled error/status (status 0x000014c0, result = 0x00000010
W: Unhandled error/status (status 0x000014c0, result = 0x00000010
W: Unhandled error/status (status 0x000014c0, result = 0x00000010
W: Unhandled error/status (status 0x000014c0, result = 0x00000010
W: Unhandled error/status (status 0x000014c0, result = 0x00000010
W: Unhandled error/status (status 0x000014c0, result = 0x00000010
W: Unhandled error/status (status 0x000014c0, result = 0x00000010
W: Unhandled error/status (status 0x000014c0, result = 0x00000010
W: Unhandled error/status (status 0x000014c0, result = 0x00000010
W: Unhandled error/status (status 0x000014c0, result = 0x00000010
W: Unhandled error/status (status 0x000014c0, result = 0x00000010
W: Unhandled error/status (status 0x000014c0, result = 0x00000010
W: Unhandled error/status (status 0x000014c0, result = 0x00000010
W: Unhandled error/status (status 0x000014b9, result = 0x00000000
W: Unhandled error/status (status 0x000014c0, result = 0x00000010

    Assertion failed at ZEPHYR_BASE/tests/subsys/canbus/isotp/implementation/srcE: Timeout while waiting for CF
/main.c:148: receive_test_data_net: (remaining_len &gt;= 0 is false)
recv error: -14
FAIL - test_bind_unbind
===================================================================
starting test - test_send_receive_net_sf
W: Unhandled error/status (status 0x000014c0, result = 0x00000010
W: Unhandled error/status (status 0x000014c0, result = 0x00000010
W: Unhandled error/status (status 0x000014c0, result = 0x00000010
W: Unhandled error/status (status 0x000014c0, result = 0x00000010
W: Unhandled error/status (status 0x000014c0, result = 0x00000010
PASS - test_send_receive_net_sf
===================================================================
starting test - test_send_receive_net_blocks
W: Unhandled error/status (status 0x000014c0, result = 0x00000010
W: Unhandled error/status (status 0x000014c0, result = 0x00000010
W: Unhandled error/status (status 0x000014c0, result = 0x00000010
W: Unhandled error/status (status 0x000014b9, result = 0x00000001
W: Unhandled error/status (status 0x000014c0, result = 0x00000010

    Assertion failed at ZEPHYR_BASE/tests/subsys/canbus/isotp/iE: Reception of next FC has timed out
E: Timeout while waiting for CF
mplementation/src/main.c:148: receive_test_data_net: (remaining_len &gt;= 0 is false)
recv error: -3

    Assertion failed at ZEPHYR_BASE/tests/subsys/canbus/isotp/implementation/src/main.c:61: send_complette_cb: (error_nr not equal to ISOTP_N_OK)
Sending failed (-2)
FAIL - test_send_receive_net_blocks
===================================================================
starting test - test_send_receive_net_single_blocks
PASS - test_send_receive_net_single_blocks
===================================================================
starting test - test_send_receive_sf
E: No buffer for FF left

    Assertion failed at ZEPHYR_BASE/tests/subsys/canbus/isotp/implementation/src/main.c:233: test_send_receive_sf: (ret not equal to 0)
Bind returned -11
FAIL - test_send_receive_sf
===================================================================
starting test - test_send_receive_blocks
E: No buffer for FF left

    Assertion failed at ZEPHYR_BASE/tests/subsys/canbus/isotp/implementation/src/main.c:267: test_send_receive_blocks: (ret not equal to 0)
Binding failed (-11)
FAIL - test_send_receive_blocks
===================================================================
starting test - test_send_receive_single_block
E: No buffer for FF left

    Assertion failed at ZEPHYR_BASE/tests/subsys/canbus/isotp/implementation/src/main.c:319: test_send_receive_single_block: (ret not equal to 0)
Binding failed (-11)
FAIL - test_send_receive_single_block
===================================================================
starting test - test_buffer_allocation
E: No buffer for FF left

    Assertion failed at ZEPHYR_BASE/tests/subsys/canbus/isotp/implementation/src/main.c:392: test_buffer_allocation: (ret not equal to 0)
Binding failed (-11)
FAIL - test_buffer_allocation
===================================================================
starting test - test_buffer_allocation_wait
E: No buffer for FF left

    Assertion failed at ZEPHYR_BASE/tests/subsys/canbus/isotp/implementation/src/main.c:408: test_buffer_allocation_wait: (ret not equal to 0)
Binding failed (-11)
FAIL - test_buffer_allocation_wait
===================================================================
Test suite isotp failed.
===================================================================
PROJECT EXECUTION FAILED
</failure></testcase><testcase classname="frdm_k64f:can.isotp.implemmentation" name="can.isotp.implemmentation.send_receive_net_sf" time="7.045960" /><testcase classname="frdm_k64f:can.isotp.implemmentation" name="can.isotp.implemmentation.send_receive_net_blocks" time="7.045960"><failure message="failed" type="failure">*** Booting Zephyr OS build zephyr-v2.2.0-273-g350dc0601d15  ***
Running test suite isotp
===================================================================
starting test - test_bind_unbind
W: Unhandled error/status (status 0x000014c0, result = 0x00000010
W: Unhandled error/status (status 0x000014c0, result = 0x00000010
W: Unhandled error/status (status 0x000014c0, result = 0x00000010
W: Unhandled error/status (status 0x000014c0, result = 0x00000010
W: Unhandled error/status (status 0x000014c0, result = 0x00000010
W: Unhandled error/status (status 0x000014c0, result = 0x00000010
W: Unhandled error/status (status 0x000014c0, result = 0x00000010
W: Unhandled error/status (status 0x000014c0, result = 0x00000010
W: Unhandled error/status (status 0x000014c0, result = 0x00000010
W: Unhandled error/status (status 0x000014c0, result = 0x00000010
W: Unhandled error/status (status 0x000014c0, result = 0x00000010
W: Unhandled error/status (status 0x000014c0, result = 0x00000010
W: Unhandled error/status (status 0x000014c0, result = 0x00000010
W: Unhandled error/status (status 0x000014b9, result = 0x00000000
W: Unhandled error/status (status 0x000014c0, result = 0x00000010

    Assertion failed at ZEPHYR_BASE/tests/subsys/canbus/isotp/implementation/srcE: Timeout while waiting for CF
/main.c:148: receive_test_data_net: (remaining_len &gt;= 0 is false)
recv error: -14
FAIL - test_bind_unbind
===================================================================
starting test - test_send_receive_net_sf
W: Unhandled error/status (status 0x000014c0, result = 0x00000010
W: Unhandled error/status (status 0x000014c0, result = 0x00000010
W: Unhandled error/status (status 0x000014c0, result = 0x00000010
W: Unhandled error/status (status 0x000014c0, result = 0x00000010
W: Unhandled error/status (status 0x000014c0, result = 0x00000010
PASS - test_send_receive_net_sf
===================================================================
starting test - test_send_receive_net_blocks
W: Unhandled error/status (status 0x000014c0, result = 0x00000010
W: Unhandled error/status (status 0x000014c0, result = 0x00000010
W: Unhandled error/status (status 0x000014c0, result = 0x00000010
W: Unhandled error/status (status 0x000014b9, result = 0x00000001
W: Unhandled error/status (status 0x000014c0, result = 0x00000010

    Assertion failed at ZEPHYR_BASE/tests/subsys/canbus/isotp/iE: Reception of next FC has timed out
E: Timeout while waiting for CF
mplementation/src/main.c:148: receive_test_data_net: (remaining_len &gt;= 0 is false)
recv error: -3

    Assertion failed at ZEPHYR_BASE/tests/subsys/canbus/isotp/implementation/src/main.c:61: send_complette_cb: (error_nr not equal to ISOTP_N_OK)
Sending failed (-2)
FAIL - test_send_receive_net_blocks
===================================================================
starting test - test_send_receive_net_single_blocks
PASS - test_send_receive_net_single_blocks
===================================================================
starting test - test_send_receive_sf
E: No buffer for FF left

    Assertion failed at ZEPHYR_BASE/tests/subsys/canbus/isotp/implementation/src/main.c:233: test_send_receive_sf: (ret not equal to 0)
Bind returned -11
FAIL - test_send_receive_sf
===================================================================
starting test - test_send_receive_blocks
E: No buffer for FF left

    Assertion failed at ZEPHYR_BASE/tests/subsys/canbus/isotp/implementation/src/main.c:267: test_send_receive_blocks: (ret not equal to 0)
Binding failed (-11)
FAIL - test_send_receive_blocks
===================================================================
starting test - test_send_receive_single_block
E: No buffer for FF left

    Assertion failed at ZEPHYR_BASE/tests/subsys/canbus/isotp/implementation/src/main.c:319: test_send_receive_single_block: (ret not equal to 0)
Binding failed (-11)
FAIL - test_send_receive_single_block
===================================================================
starting test - test_buffer_allocation
E: No buffer for FF left

    Assertion failed at ZEPHYR_BASE/tests/subsys/canbus/isotp/implementation/src/main.c:392: test_buffer_allocation: (ret not equal to 0)
Binding failed (-11)
FAIL - test_buffer_allocation
===================================================================
starting test - test_buffer_allocation_wait
E: No buffer for FF left

    Assertion failed at ZEPHYR_BASE/tests/subsys/canbus/isotp/implementation/src/main.c:408: test_buffer_allocation_wait: (ret not equal to 0)
Binding failed (-11)
FAIL - test_buffer_allocation_wait
===================================================================
Test suite isotp failed.
===================================================================
PROJECT EXECUTION FAILED
</failure></testcase><testcase classname="frdm_k64f:can.isotp.implemmentation" name="can.isotp.implemmentation.send_receive_net_single_blocks" time="7.045960" /><testcase classname="frdm_k64f:can.isotp.implemmentation" name="can.isotp.implemmentation.send_receive_sf" time="7.045960"><failure message="failed" type="failure">*** Booting Zephyr OS build zephyr-v2.2.0-273-g350dc0601d15  ***
Running test suite isotp
===================================================================
starting test - test_bind_unbind
W: Unhandled error/status (status 0x000014c0, result = 0x00000010
W: Unhandled error/status (status 0x000014c0, result = 0x00000010
W: Unhandled error/status (status 0x000014c0, result = 0x00000010
W: Unhandled error/status (status 0x000014c0, result = 0x00000010
W: Unhandled error/status (status 0x000014c0, result = 0x00000010
W: Unhandled error/status (status 0x000014c0, result = 0x00000010
W: Unhandled error/status (status 0x000014c0, result = 0x00000010
W: Unhandled error/status (status 0x000014c0, result = 0x00000010
W: Unhandled error/status (status 0x000014c0, result = 0x00000010
W: Unhandled error/status (status 0x000014c0, result = 0x00000010
W: Unhandled error/status (status 0x000014c0, result = 0x00000010
W: Unhandled error/status (status 0x000014c0, result = 0x00000010
W: Unhandled error/status (status 0x000014c0, result = 0x00000010
W: Unhandled error/status (status 0x000014b9, result = 0x00000000
W: Unhandled error/status (status 0x000014c0, result = 0x00000010

    Assertion failed at ZEPHYR_BASE/tests/subsys/canbus/isotp/implementation/srcE: Timeout while waiting for CF
/main.c:148: receive_test_data_net: (remaining_len &gt;= 0 is false)
recv error: -14
FAIL - test_bind_unbind
===================================================================
starting test - test_send_receive_net_sf
W: Unhandled error/status (status 0x000014c0, result = 0x00000010
W: Unhandled error/status (status 0x000014c0, result = 0x00000010
W: Unhandled error/status (status 0x000014c0, result = 0x00000010
W: Unhandled error/status (status 0x000014c0, result = 0x00000010
W: Unhandled error/status (status 0x000014c0, result = 0x00000010
PASS - test_send_receive_net_sf
===================================================================
starting test - test_send_receive_net_blocks
W: Unhandled error/status (status 0x000014c0, result = 0x00000010
W: Unhandled error/status (status 0x000014c0, result = 0x00000010
W: Unhandled error/status (status 0x000014c0, result = 0x00000010
W: Unhandled error/status (status 0x000014b9, result = 0x00000001
W: Unhandled error/status (status 0x000014c0, result = 0x00000010

    Assertion failed at ZEPHYR_BASE/tests/subsys/canbus/isotp/iE: Reception of next FC has timed out
E: Timeout while waiting for CF
mplementation/src/main.c:148: receive_test_data_net: (remaining_len &gt;= 0 is false)
recv error: -3

    Assertion failed at ZEPHYR_BASE/tests/subsys/canbus/isotp/implementation/src/main.c:61: send_complette_cb: (error_nr not equal to ISOTP_N_OK)
Sending failed (-2)
FAIL - test_send_receive_net_blocks
===================================================================
starting test - test_send_receive_net_single_blocks
PASS - test_send_receive_net_single_blocks
===================================================================
starting test - test_send_receive_sf
E: No buffer for FF left

    Assertion failed at ZEPHYR_BASE/tests/subsys/canbus/isotp/implementation/src/main.c:233: test_send_receive_sf: (ret not equal to 0)
Bind returned -11
FAIL - test_send_receive_sf
===================================================================
starting test - test_send_receive_blocks
E: No buffer for FF left

    Assertion failed at ZEPHYR_BASE/tests/subsys/canbus/isotp/implementation/src/main.c:267: test_send_receive_blocks: (ret not equal to 0)
Binding failed (-11)
FAIL - test_send_receive_blocks
===================================================================
starting test - test_send_receive_single_block
E: No buffer for FF left

    Assertion failed at ZEPHYR_BASE/tests/subsys/canbus/isotp/implementation/src/main.c:319: test_send_receive_single_block: (ret not equal to 0)
Binding failed (-11)
FAIL - test_send_receive_single_block
===================================================================
starting test - test_buffer_allocation
E: No buffer for FF left

    Assertion failed at ZEPHYR_BASE/tests/subsys/canbus/isotp/implementation/src/main.c:392: test_buffer_allocation: (ret not equal to 0)
Binding failed (-11)
FAIL - test_buffer_allocation
===================================================================
starting test - test_buffer_allocation_wait
E: No buffer for FF left

    Assertion failed at ZEPHYR_BASE/tests/subsys/canbus/isotp/implementation/src/main.c:408: test_buffer_allocation_wait: (ret not equal to 0)
Binding failed (-11)
FAIL - test_buffer_allocation_wait
===================================================================
Test suite isotp failed.
===================================================================
PROJECT EXECUTION FAILED
</failure></testcase><testcase classname="frdm_k64f:can.isotp.implemmentation" name="can.isotp.implemmentation.send_receive_blocks" time="7.045960"><failure message="failed" type="failure">*** Booting Zephyr OS build zephyr-v2.2.0-273-g350dc0601d15  ***
Running test suite isotp
===================================================================
starting test - test_bind_unbind
W: Unhandled error/status (status 0x000014c0, result = 0x00000010
W: Unhandled error/status (status 0x000014c0, result = 0x00000010
W: Unhandled error/status (status 0x000014c0, result = 0x00000010
W: Unhandled error/status (status 0x000014c0, result = 0x00000010
W: Unhandled error/status (status 0x000014c0, result = 0x00000010
W: Unhandled error/status (status 0x000014c0, result = 0x00000010
W: Unhandled error/status (status 0x000014c0, result = 0x00000010
W: Unhandled error/status (status 0x000014c0, result = 0x00000010
W: Unhandled error/status (status 0x000014c0, result = 0x00000010
W: Unhandled error/status (status 0x000014c0, result = 0x00000010
W: Unhandled error/status (status 0x000014c0, result = 0x00000010
W: Unhandled error/status (status 0x000014c0, result = 0x00000010
W: Unhandled error/status (status 0x000014c0, result = 0x00000010
W: Unhandled error/status (status 0x000014b9, result = 0x00000000
W: Unhandled error/status (status 0x000014c0, result = 0x00000010

    Assertion failed at ZEPHYR_BASE/tests/subsys/canbus/isotp/implementation/srcE: Timeout while waiting for CF
/main.c:148: receive_test_data_net: (remaining_len &gt;= 0 is false)
recv error: -14
FAIL - test_bind_unbind
===================================================================
starting test - test_send_receive_net_sf
W: Unhandled error/status (status 0x000014c0, result = 0x00000010
W: Unhandled error/status (status 0x000014c0, result = 0x00000010
W: Unhandled error/status (status 0x000014c0, result = 0x00000010
W: Unhandled error/status (status 0x000014c0, result = 0x00000010
W: Unhandled error/status (status 0x000014c0, result = 0x00000010
PASS - test_send_receive_net_sf
===================================================================
starting test - test_send_receive_net_blocks
W: Unhandled error/status (status 0x000014c0, result = 0x00000010
W: Unhandled error/status (status 0x000014c0, result = 0x00000010
W: Unhandled error/status (status 0x000014c0, result = 0x00000010
W: Unhandled error/status (status 0x000014b9, result = 0x00000001
W: Unhandled error/status (status 0x000014c0, result = 0x00000010

    Assertion failed at ZEPHYR_BASE/tests/subsys/canbus/isotp/iE: Reception of next FC has timed out
E: Timeout while waiting for CF
mplementation/src/main.c:148: receive_test_data_net: (remaining_len &gt;= 0 is false)
recv error: -3

    Assertion failed at ZEPHYR_BASE/tests/subsys/canbus/isotp/implementation/src/main.c:61: send_complette_cb: (error_nr not equal to ISOTP_N_OK)
Sending failed (-2)
FAIL - test_send_receive_net_blocks
===================================================================
starting test - test_send_receive_net_single_blocks
PASS - test_send_receive_net_single_blocks
===================================================================
starting test - test_send_receive_sf
E: No buffer for FF left

    Assertion failed at ZEPHYR_BASE/tests/subsys/canbus/isotp/implementation/src/main.c:233: test_send_receive_sf: (ret not equal to 0)
Bind returned -11
FAIL - test_send_receive_sf
===================================================================
starting test - test_send_receive_blocks
E: No buffer for FF left

    Assertion failed at ZEPHYR_BASE/tests/subsys/canbus/isotp/implementation/src/main.c:267: test_send_receive_blocks: (ret not equal to 0)
Binding failed (-11)
FAIL - test_send_receive_blocks
===================================================================
starting test - test_send_receive_single_block
E: No buffer for FF left

    Assertion failed at ZEPHYR_BASE/tests/subsys/canbus/isotp/implementation/src/main.c:319: test_send_receive_single_block: (ret not equal to 0)
Binding failed (-11)
FAIL - test_send_receive_single_block
===================================================================
starting test - test_buffer_allocation
E: No buffer for FF left

    Assertion failed at ZEPHYR_BASE/tests/subsys/canbus/isotp/implementation/src/main.c:392: test_buffer_allocation: (ret not equal to 0)
Binding failed (-11)
FAIL - test_buffer_allocation
===================================================================
starting test - test_buffer_allocation_wait
E: No buffer for FF left

    Assertion failed at ZEPHYR_BASE/tests/subsys/canbus/isotp/implementation/src/main.c:408: test_buffer_allocation_wait: (ret not equal to 0)
Binding failed (-11)
FAIL - test_buffer_allocation_wait
===================================================================
Test suite isotp failed.
===================================================================
PROJECT EXECUTION FAILED
</failure></testcase><testcase classname="frdm_k64f:can.isotp.implemmentation" name="can.isotp.implemmentation.send_receive_single_block" time="7.045960"><failure message="failed" type="failure">*** Booting Zephyr OS build zephyr-v2.2.0-273-g350dc0601d15  ***
Running test suite isotp
===================================================================
starting test - test_bind_unbind
W: Unhandled error/status (status 0x000014c0, result = 0x00000010
W: Unhandled error/status (status 0x000014c0, result = 0x00000010
W: Unhandled error/status (status 0x000014c0, result = 0x00000010
W: Unhandled error/status (status 0x000014c0, result = 0x00000010
W: Unhandled error/status (status 0x000014c0, result = 0x00000010
W: Unhandled error/status (status 0x000014c0, result = 0x00000010
W: Unhandled error/status (status 0x000014c0, result = 0x00000010
W: Unhandled error/status (status 0x000014c0, result = 0x00000010
W: Unhandled error/status (status 0x000014c0, result = 0x00000010
W: Unhandled error/status (status 0x000014c0, result = 0x00000010
W: Unhandled error/status (status 0x000014c0, result = 0x00000010
W: Unhandled error/status (status 0x000014c0, result = 0x00000010
W: Unhandled error/status (status 0x000014c0, result = 0x00000010
W: Unhandled error/status (status 0x000014b9, result = 0x00000000
W: Unhandled error/status (status 0x000014c0, result = 0x00000010

    Assertion failed at ZEPHYR_BASE/tests/subsys/canbus/isotp/implementation/srcE: Timeout while waiting for CF
/main.c:148: receive_test_data_net: (remaining_len &gt;= 0 is false)
recv error: -14
FAIL - test_bind_unbind
===================================================================
starting test - test_send_receive_net_sf
W: Unhandled error/status (status 0x000014c0, result = 0x00000010
W: Unhandled error/status (status 0x000014c0, result = 0x00000010
W: Unhandled error/status (status 0x000014c0, result = 0x00000010
W: Unhandled error/status (status 0x000014c0, result = 0x00000010
W: Unhandled error/status (status 0x000014c0, result = 0x00000010
PASS - test_send_receive_net_sf
===================================================================
starting test - test_send_receive_net_blocks
W: Unhandled error/status (status 0x000014c0, result = 0x00000010
W: Unhandled error/status (status 0x000014c0, result = 0x00000010
W: Unhandled error/status (status 0x000014c0, result = 0x00000010
W: Unhandled error/status (status 0x000014b9, result = 0x00000001
W: Unhandled error/status (status 0x000014c0, result = 0x00000010

    Assertion failed at ZEPHYR_BASE/tests/subsys/canbus/isotp/iE: Reception of next FC has timed out
E: Timeout while waiting for CF
mplementation/src/main.c:148: receive_test_data_net: (remaining_len &gt;= 0 is false)
recv error: -3

    Assertion failed at ZEPHYR_BASE/tests/subsys/canbus/isotp/implementation/src/main.c:61: send_complette_cb: (error_nr not equal to ISOTP_N_OK)
Sending failed (-2)
FAIL - test_send_receive_net_blocks
===================================================================
starting test - test_send_receive_net_single_blocks
PASS - test_send_receive_net_single_blocks
===================================================================
starting test - test_send_receive_sf
E: No buffer for FF left

    Assertion failed at ZEPHYR_BASE/tests/subsys/canbus/isotp/implementation/src/main.c:233: test_send_receive_sf: (ret not equal to 0)
Bind returned -11
FAIL - test_send_receive_sf
===================================================================
starting test - test_send_receive_blocks
E: No buffer for FF left

    Assertion failed at ZEPHYR_BASE/tests/subsys/canbus/isotp/implementation/src/main.c:267: test_send_receive_blocks: (ret not equal to 0)
Binding failed (-11)
FAIL - test_send_receive_blocks
===================================================================
starting test - test_send_receive_single_block
E: No buffer for FF left

    Assertion failed at ZEPHYR_BASE/tests/subsys/canbus/isotp/implementation/src/main.c:319: test_send_receive_single_block: (ret not equal to 0)
Binding failed (-11)
FAIL - test_send_receive_single_block
===================================================================
starting test - test_buffer_allocation
E: No buffer for FF left

    Assertion failed at ZEPHYR_BASE/tests/subsys/canbus/isotp/implementation/src/main.c:392: test_buffer_allocation: (ret not equal to 0)
Binding failed (-11)
FAIL - test_buffer_allocation
===================================================================
starting test - test_buffer_allocation_wait
E: No buffer for FF left

    Assertion failed at ZEPHYR_BASE/tests/subsys/canbus/isotp/implementation/src/main.c:408: test_buffer_allocation_wait: (ret not equal to 0)
Binding failed (-11)
FAIL - test_buffer_allocation_wait
===================================================================
Test suite isotp failed.
===================================================================
PROJECT EXECUTION FAILED
</failure></testcase><testcase classname="frdm_k64f:can.isotp.implemmentation" name="can.isotp.implemmentation.buffer_allocation" time="7.045960"><failure message="failed" type="failure">*** Booting Zephyr OS build zephyr-v2.2.0-273-g350dc0601d15  ***
Running test suite isotp
===================================================================
starting test - test_bind_unbind
W: Unhandled error/status (status 0x000014c0, result = 0x00000010
W: Unhandled error/status (status 0x000014c0, result = 0x00000010
W: Unhandled error/status (status 0x000014c0, result = 0x00000010
W: Unhandled error/status (status 0x000014c0, result = 0x00000010
W: Unhandled error/status (status 0x000014c0, result = 0x00000010
W: Unhandled error/status (status 0x000014c0, result = 0x00000010
W: Unhandled error/status (status 0x000014c0, result = 0x00000010
W: Unhandled error/status (status 0x000014c0, result = 0x00000010
W: Unhandled error/status (status 0x000014c0, result = 0x00000010
W: Unhandled error/status (status 0x000014c0, result = 0x00000010
W: Unhandled error/status (status 0x000014c0, result = 0x00000010
W: Unhandled error/status (status 0x000014c0, result = 0x00000010
W: Unhandled error/status (status 0x000014c0, result = 0x00000010
W: Unhandled error/status (status 0x000014b9, result = 0x00000000
W: Unhandled error/status (status 0x000014c0, result = 0x00000010

    Assertion failed at ZEPHYR_BASE/tests/subsys/canbus/isotp/implementation/srcE: Timeout while waiting for CF
/main.c:148: receive_test_data_net: (remaining_len &gt;= 0 is false)
recv error: -14
FAIL - test_bind_unbind
===================================================================
starting test - test_send_receive_net_sf
W: Unhandled error/status (status 0x000014c0, result = 0x00000010
W: Unhandled error/status (status 0x000014c0, result = 0x00000010
W: Unhandled error/status (status 0x000014c0, result = 0x00000010
W: Unhandled error/status (status 0x000014c0, result = 0x00000010
W: Unhandled error/status (status 0x000014c0, result = 0x00000010
PASS - test_send_receive_net_sf
===================================================================
starting test - test_send_receive_net_blocks
W: Unhandled error/status (status 0x000014c0, result = 0x00000010
W: Unhandled error/status (status 0x000014c0, result = 0x00000010
W: Unhandled error/status (status 0x000014c0, result = 0x00000010
W: Unhandled error/status (status 0x000014b9, result = 0x00000001
W: Unhandled error/status (status 0x000014c0, result = 0x00000010

    Assertion failed at ZEPHYR_BASE/tests/subsys/canbus/isotp/iE: Reception of next FC has timed out
E: Timeout while waiting for CF
mplementation/src/main.c:148: receive_test_data_net: (remaining_len &gt;= 0 is false)
recv error: -3

    Assertion failed at ZEPHYR_BASE/tests/subsys/canbus/isotp/implementation/src/main.c:61: send_complette_cb: (error_nr not equal to ISOTP_N_OK)
Sending failed (-2)
FAIL - test_send_receive_net_blocks
===================================================================
starting test - test_send_receive_net_single_blocks
PASS - test_send_receive_net_single_blocks
===================================================================
starting test - test_send_receive_sf
E: No buffer for FF left

    Assertion failed at ZEPHYR_BASE/tests/subsys/canbus/isotp/implementation/src/main.c:233: test_send_receive_sf: (ret not equal to 0)
Bind returned -11
FAIL - test_send_receive_sf
===================================================================
starting test - test_send_receive_blocks
E: No buffer for FF left

    Assertion failed at ZEPHYR_BASE/tests/subsys/canbus/isotp/implementation/src/main.c:267: test_send_receive_blocks: (ret not equal to 0)
Binding failed (-11)
FAIL - test_send_receive_blocks
===================================================================
starting test - test_send_receive_single_block
E: No buffer for FF left

    Assertion failed at ZEPHYR_BASE/tests/subsys/canbus/isotp/implementation/src/main.c:319: test_send_receive_single_block: (ret not equal to 0)
Binding failed (-11)
FAIL - test_send_receive_single_block
===================================================================
starting test - test_buffer_allocation
E: No buffer for FF left

    Assertion failed at ZEPHYR_BASE/tests/subsys/canbus/isotp/implementation/src/main.c:392: test_buffer_allocation: (ret not equal to 0)
Binding failed (-11)
FAIL - test_buffer_allocation
===================================================================
starting test - test_buffer_allocation_wait
E: No buffer for FF left

    Assertion failed at ZEPHYR_BASE/tests/subsys/canbus/isotp/implementation/src/main.c:408: test_buffer_allocation_wait: (ret not equal to 0)
Binding failed (-11)
FAIL - test_buffer_allocation_wait
===================================================================
Test suite isotp failed.
===================================================================
PROJECT EXECUTION FAILED
</failure></testcase><testcase classname="frdm_k64f:can.isotp.implemmentation" name="can.isotp.implemmentation.buffer_allocation_wait" time="7.045960"><failure message="failed" type="failure">*** Booting Zephyr OS build zephyr-v2.2.0-273-g350dc0601d15  ***
Running test suite isotp
===================================================================
starting test - test_bind_unbind
W: Unhandled error/status (status 0x000014c0, result = 0x00000010
W: Unhandled error/status (status 0x000014c0, result = 0x00000010
W: Unhandled error/status (status 0x000014c0, result = 0x00000010
W: Unhandled error/status (status 0x000014c0, result = 0x00000010
W: Unhandled error/status (status 0x000014c0, result = 0x00000010
W: Unhandled error/status (status 0x000014c0, result = 0x00000010
W: Unhandled error/status (status 0x000014c0, result = 0x00000010
W: Unhandled error/status (status 0x000014c0, result = 0x00000010
W: Unhandled error/status (status 0x000014c0, result = 0x00000010
W: Unhandled error/status (status 0x000014c0, result = 0x00000010
W: Unhandled error/status (status 0x000014c0, result = 0x00000010
W: Unhandled error/status (status 0x000014c0, result = 0x00000010
W: Unhandled error/status (status 0x000014c0, result = 0x00000010
W: Unhandled error/status (status 0x000014b9, result = 0x00000000
W: Unhandled error/status (status 0x000014c0, result = 0x00000010

    Assertion failed at ZEPHYR_BASE/tests/subsys/canbus/isotp/implementation/srcE: Timeout while waiting for CF
/main.c:148: receive_test_data_net: (remaining_len &gt;= 0 is false)
recv error: -14
FAIL - test_bind_unbind
===================================================================
starting test - test_send_receive_net_sf
W: Unhandled error/status (status 0x000014c0, result = 0x00000010
W: Unhandled error/status (status 0x000014c0, result = 0x00000010
W: Unhandled error/status (status 0x000014c0, result = 0x00000010
W: Unhandled error/status (status 0x000014c0, result = 0x00000010
W: Unhandled error/status (status 0x000014c0, result = 0x00000010
PASS - test_send_receive_net_sf
===================================================================
starting test - test_send_receive_net_blocks
W: Unhandled error/status (status 0x000014c0, result = 0x00000010
W: Unhandled error/status (status 0x000014c0, result = 0x00000010
W: Unhandled error/status (status 0x000014c0, result = 0x00000010
W: Unhandled error/status (status 0x000014b9, result = 0x00000001
W: Unhandled error/status (status 0x000014c0, result = 0x00000010

    Assertion failed at ZEPHYR_BASE/tests/subsys/canbus/isotp/iE: Reception of next FC has timed out
E: Timeout while waiting for CF
mplementation/src/main.c:148: receive_test_data_net: (remaining_len &gt;= 0 is false)
recv error: -3

    Assertion failed at ZEPHYR_BASE/tests/subsys/canbus/isotp/implementation/src/main.c:61: send_complette_cb: (error_nr not equal to ISOTP_N_OK)
Sending failed (-2)
FAIL - test_send_receive_net_blocks
===================================================================
starting test - test_send_receive_net_single_blocks
PASS - test_send_receive_net_single_blocks
===================================================================
starting test - test_send_receive_sf
E: No buffer for FF left

    Assertion failed at ZEPHYR_BASE/tests/subsys/canbus/isotp/implementation/src/main.c:233: test_send_receive_sf: (ret not equal to 0)
Bind returned -11
FAIL - test_send_receive_sf
===================================================================
starting test - test_send_receive_blocks
E: No buffer for FF left

    Assertion failed at ZEPHYR_BASE/tests/subsys/canbus/isotp/implementation/src/main.c:267: test_send_receive_blocks: (ret not equal to 0)
Binding failed (-11)
FAIL - test_send_receive_blocks
===================================================================
starting test - test_send_receive_single_block
E: No buffer for FF left

    Assertion failed at ZEPHYR_BASE/tests/subsys/canbus/isotp/implementation/src/main.c:319: test_send_receive_single_block: (ret not equal to 0)
Binding failed (-11)
FAIL - test_send_receive_single_block
===================================================================
starting test - test_buffer_allocation
E: No buffer for FF left

    Assertion failed at ZEPHYR_BASE/tests/subsys/canbus/isotp/implementation/src/main.c:392: test_buffer_allocation: (ret not equal to 0)
Binding failed (-11)
FAIL - test_buffer_allocation
===================================================================
starting test - test_buffer_allocation_wait
E: No buffer for FF left

    Assertion failed at ZEPHYR_BASE/tests/subsys/canbus/isotp/implementation/src/main.c:408: test_buffer_allocation_wait: (ret not equal to 0)
Binding failed (-11)
FAIL - test_buffer_allocation_wait
===================================================================
Test suite isotp failed.
===================================================================
PROJECT EXECUTION FAILED
</failure></testcase><testcase classname="frdm_k64f:shell.history" name="shell.history.history_add_get" time="4.967153" /><testcase classname="frdm_k64f:shell.history" name="shell.history.history_purge" time="4.967153" /><testcase classname="frdm_k64f:shell.history" name="shell.history.history_get_up_and_down" time="4.967153" /><testcase classname="frdm_k64f:shell.history" name="shell.history.too_long_line_not_stored" time="4.967153" /><testcase classname="frdm_k64f:shell.history" name="shell.history.no_duplicates_in_a_row" time="4.967153" /><testcase classname="frdm_k64f:shell.history" name="shell.history.storing_long_buffers" time="4.967153" /><testcase classname="frdm_k64f:libraries.encoding.jwt" name="libraries.encoding.jwt.jwt" time="6.549406" /></testsuite></testsuites>